{"/home/mzhivodkov/projects/2gl/src/cameras/Camera.js":{"path":"/home/mzhivodkov/projects/2gl/src/cameras/Camera.js","s":{"1":1,"2":1,"3":1,"4":1,"5":5,"6":5,"7":5,"8":5,"9":5,"10":5,"11":1,"12":1,"13":1,"14":1,"15":0,"16":1,"17":1,"18":13,"19":0,"20":13,"21":13,"22":0,"23":0,"24":0,"25":0,"26":13,"27":13,"28":0,"29":0,"30":0,"31":0,"32":1,"33":1,"34":1,"35":1,"36":1,"37":1,"38":78,"39":0,"40":1,"41":78,"42":0,"43":78,"44":1,"45":1,"46":0,"47":1,"48":1,"49":1,"50":1,"51":1,"52":1,"53":78,"54":78,"55":78,"56":78,"57":78,"58":78,"59":78,"60":1,"61":13,"62":13,"63":13,"64":1,"65":1,"66":1,"67":1,"68":1,"69":1,"70":1,"71":1,"72":1,"73":1,"74":0,"75":0,"76":0,"77":0,"78":0,"79":0,"80":0,"81":1,"82":1,"83":1},"b":{"1":[5,5],"2":[5,0],"3":[1,0],"4":[0,1],"5":[0,13],"6":[0,13],"7":[0,0],"8":[13,0],"9":[0,0],"10":[0,1],"11":[1,1],"12":[0,78],"13":[0,78],"14":[0,78],"15":[78,0,0],"16":[0,1],"17":[1,0],"18":[1,1],"19":[1,0],"20":[1,0]},"f":{"1":1,"2":1,"3":1,"4":13,"5":1,"6":78,"7":78,"8":1,"9":1,"10":78,"11":1,"12":13,"13":1,"14":1,"15":0},"fnMap":{"1":{"name":"(anonymous_1)","line":7,"loc":{"start":{"line":0,"column":0},"end":{"line":0,"column":0},"skip":true},"skip":true},"2":{"name":"defineProperties","line":7,"loc":{"start":{"line":0,"column":0},"end":{"line":0,"column":0},"skip":true},"skip":true},"3":{"name":"(anonymous_3)","line":7,"loc":{"start":{"line":0,"column":0},"end":{"line":0,"column":0},"skip":true},"skip":true},"4":{"name":"get","line":9,"loc":{"start":{"line":0,"column":0},"end":{"line":0,"column":0},"skip":true},"skip":true},"5":{"name":"_interopRequireDefault","line":17,"loc":{"start":{"line":0,"column":0},"end":{"line":0,"column":0},"skip":true},"skip":true},"6":{"name":"_classCallCheck","line":19,"loc":{"start":{"line":0,"column":0},"end":{"line":0,"column":0},"skip":true},"skip":true},"7":{"name":"_possibleConstructorReturn","line":21,"loc":{"start":{"line":0,"column":0},"end":{"line":0,"column":0},"skip":true},"skip":true},"8":{"name":"_inherits","line":23,"loc":{"start":{"line":0,"column":0},"end":{"line":0,"column":0},"skip":true},"skip":true},"9":{"name":"(anonymous_9)","line":31,"loc":{"start":{"line":0,"column":0},"end":{"line":0,"column":0},"skip":true},"skip":true},"10":{"name":"Camera","line":34,"loc":{"start":{"line":10,"column":4},"end":{"line":10,"column":18}}},"11":{"name":"updateProjectionMatrix","line":74,"loc":{"start":{"line":0,"column":0},"end":{"line":0,"column":0},"skip":true},"skip":true},"12":{"name":"updateWorldMatrix","line":82,"loc":{"start":{"line":0,"column":0},"end":{"line":0,"column":0},"skip":true},"skip":true},"13":{"name":"project","line":97,"loc":{"start":{"line":0,"column":0},"end":{"line":0,"column":0},"skip":true},"skip":true},"14":{"name":"unproject","line":111,"loc":{"start":{"line":0,"column":0},"end":{"line":0,"column":0},"skip":true},"skip":true},"15":{"name":"lookAt","line":130,"loc":{"start":{"line":0,"column":0},"end":{"line":0,"column":0},"skip":true},"skip":true}},"statementMap":{"1":{"start":{"line":0,"column":0},"end":{"line":0,"column":0},"skip":true},"2":{"start":{"line":0,"column":0},"end":{"line":0,"column":0},"skip":true},"3":{"start":{"line":0,"column":0},"end":{"line":0,"column":0},"skip":true},"4":{"start":{"line":0,"column":0},"end":{"line":0,"column":0},"skip":true},"5":{"start":{"line":0,"column":0},"end":{"line":0,"column":0},"skip":true},"6":{"start":{"line":0,"column":0},"end":{"line":0,"column":0},"skip":true},"7":{"start":{"line":0,"column":0},"end":{"line":0,"column":0},"skip":true},"8":{"start":{"line":0,"column":0},"end":{"line":0,"column":0},"skip":true},"9":{"start":{"line":0,"column":0},"end":{"line":0,"column":0},"skip":true},"10":{"start":{"line":0,"column":0},"end":{"line":0,"column":0},"skip":true},"11":{"start":{"line":0,"column":0},"end":{"line":0,"column":0},"skip":true},"12":{"start":{"line":0,"column":0},"end":{"line":0,"column":0},"skip":true},"13":{"start":{"line":0,"column":0},"end":{"line":0,"column":0},"skip":true},"14":{"start":{"line":0,"column":0},"end":{"line":0,"column":0},"skip":true},"15":{"start":{"line":0,"column":0},"end":{"line":0,"column":0},"skip":true},"16":{"start":{"line":0,"column":0},"end":{"line":0,"column":0},"skip":true},"17":{"start":{"line":0,"column":0},"end":{"line":0,"column":0},"skip":true},"18":{"start":{"line":0,"column":0},"end":{"line":0,"column":0},"skip":true},"19":{"start":{"line":0,"column":0},"end":{"line":0,"column":0},"skip":true},"20":{"start":{"line":0,"column":0},"end":{"line":0,"column":0},"skip":true},"21":{"start":{"line":0,"column":0},"end":{"line":0,"column":0},"skip":true},"22":{"start":{"line":0,"column":0},"end":{"line":0,"column":0},"skip":true},"23":{"start":{"line":0,"column":0},"end":{"line":0,"column":0},"skip":true},"24":{"start":{"line":0,"column":0},"end":{"line":0,"column":0},"skip":true},"25":{"start":{"line":0,"column":0},"end":{"line":0,"column":0},"skip":true},"26":{"start":{"line":0,"column":0},"end":{"line":0,"column":0},"skip":true},"27":{"start":{"line":0,"column":0},"end":{"line":0,"column":0},"skip":true},"28":{"start":{"line":0,"column":0},"end":{"line":0,"column":0},"skip":true},"29":{"start":{"line":0,"column":0},"end":{"line":0,"column":0},"skip":true},"30":{"start":{"line":0,"column":0},"end":{"line":0,"column":0},"skip":true},"31":{"start":{"line":0,"column":0},"end":{"line":0,"column":0},"skip":true},"32":{"start":{"line":1,"column":-15},"end":{"line":1,"column":-15}},"33":{"start":{"line":0,"column":0},"end":{"line":0,"column":0},"skip":true},"34":{"start":{"line":2,"column":0},"end":{"line":2,"column":0}},"35":{"start":{"line":0,"column":0},"end":{"line":0,"column":0},"skip":true},"36":{"start":{"line":0,"column":0},"end":{"line":0,"column":0},"skip":true},"37":{"start":{"line":0,"column":0},"end":{"line":0,"column":0},"skip":true},"38":{"start":{"line":0,"column":0},"end":{"line":0,"column":0},"skip":true},"39":{"start":{"line":0,"column":0},"end":{"line":0,"column":0},"skip":true},"40":{"start":{"line":0,"column":0},"end":{"line":0,"column":0},"skip":true},"41":{"start":{"line":0,"column":0},"end":{"line":0,"column":0},"skip":true},"42":{"start":{"line":0,"column":0},"end":{"line":0,"column":0},"skip":true},"43":{"start":{"line":0,"column":0},"end":{"line":0,"column":0},"skip":true},"44":{"start":{"line":0,"column":0},"end":{"line":0,"column":0},"skip":true},"45":{"start":{"line":0,"column":0},"end":{"line":0,"column":0},"skip":true},"46":{"start":{"line":0,"column":0},"end":{"line":0,"column":0},"skip":true},"47":{"start":{"line":0,"column":0},"end":{"line":0,"column":0},"skip":true},"48":{"start":{"line":0,"column":0},"end":{"line":0,"column":0},"skip":true},"49":{"start":{"line":0,"column":0},"end":{"line":0,"column":0},"skip":true},"50":{"start":{"line":0,"column":0},"end":{"line":0,"column":0},"skip":true},"51":{"start":{"line":0,"column":0},"end":{"line":0,"column":0},"skip":true},"52":{"start":{"line":10,"column":4},"end":{"line":36,"column":5}},"53":{"start":{"line":10,"column":18},"end":{"line":10,"column":18}},"54":{"start":{"line":10,"column":18},"end":{"line":10,"column":18}},"55":{"start":{"line":17,"column":8},"end":{"line":17,"column":8}},"56":{"start":{"line":23,"column":8},"end":{"line":23,"column":8}},"57":{"start":{"line":29,"column":8},"end":{"line":29,"column":8}},"58":{"start":{"line":35,"column":8},"end":{"line":35,"column":8}},"59":{"start":{"line":10,"column":18},"end":{"line":10,"column":18}},"60":{"start":{"line":0,"column":0},"end":{"line":0,"column":0},"skip":true},"61":{"start":{"line":48,"column":8},"end":{"line":48,"column":8}},"62":{"start":{"line":50,"column":8},"end":{"line":50,"column":8}},"63":{"start":{"line":51,"column":8},"end":{"line":51,"column":8}},"64":{"start":{"line":60,"column":8},"end":{"line":60,"column":8}},"65":{"start":{"line":61,"column":8},"end":{"line":61,"column":8}},"66":{"start":{"line":62,"column":8},"end":{"line":62,"column":8}},"67":{"start":{"line":71,"column":8},"end":{"line":71,"column":8}},"68":{"start":{"line":72,"column":8},"end":{"line":72,"column":8}},"69":{"start":{"line":73,"column":8},"end":{"line":73,"column":8}},"70":{"start":{"line":75,"column":8},"end":{"line":75,"column":8}},"71":{"start":{"line":76,"column":8},"end":{"line":76,"column":8}},"72":{"start":{"line":77,"column":8},"end":{"line":77,"column":8}},"73":{"start":{"line":79,"column":8},"end":{"line":79,"column":8}},"74":{"start":{"line":87,"column":8},"end":{"line":87,"column":8}},"75":{"start":{"line":88,"column":8},"end":{"line":88,"column":8}},"76":{"start":{"line":89,"column":8},"end":{"line":89,"column":8}},"77":{"start":{"line":90,"column":8},"end":{"line":90,"column":8}},"78":{"start":{"line":91,"column":8},"end":{"line":91,"column":8}},"79":{"start":{"line":92,"column":8},"end":{"line":92,"column":8}},"80":{"start":{"line":94,"column":8},"end":{"line":94,"column":8}},"81":{"start":{"line":0,"column":0},"end":{"line":0,"column":0},"skip":true},"82":{"start":{"line":0,"column":0},"end":{"line":0,"column":0},"skip":true},"83":{"start":{"line":0,"column":0},"end":{"line":0,"column":0},"skip":true}},"branchMap":{"1":{"line":7,"type":"binary-expr","locations":[{"start":{"line":0,"column":0},"end":{"line":0,"column":0},"skip":true},{"start":{"line":0,"column":0},"end":{"line":0,"column":0},"skip":true}]},"2":{"line":7,"type":"if","locations":[{"start":{"line":0,"column":0},"end":{"line":0,"column":0},"skip":true},{"start":{"line":0,"column":0},"end":{"line":0,"column":0},"skip":true}]},"3":{"line":7,"type":"if","locations":[{"start":{"line":0,"column":0},"end":{"line":0,"column":0},"skip":true},{"start":{"line":0,"column":0},"end":{"line":0,"column":0},"skip":true}]},"4":{"line":7,"type":"if","locations":[{"start":{"line":0,"column":0},"end":{"line":0,"column":0},"skip":true},{"start":{"line":0,"column":0},"end":{"line":0,"column":0},"skip":true}]},"5":{"line":9,"type":"if","locations":[{"start":{"line":0,"column":0},"end":{"line":0,"column":0},"skip":true},{"start":{"line":0,"column":0},"end":{"line":0,"column":0},"skip":true}]},"6":{"line":9,"type":"if","locations":[{"start":{"line":0,"column":0},"end":{"line":0,"column":0},"skip":true},{"start":{"line":0,"column":0},"end":{"line":0,"column":0},"skip":true}]},"7":{"line":9,"type":"if","locations":[{"start":{"line":0,"column":0},"end":{"line":0,"column":0},"skip":true},{"start":{"line":0,"column":0},"end":{"line":0,"column":0},"skip":true}]},"8":{"line":9,"type":"if","locations":[{"start":{"line":0,"column":0},"end":{"line":0,"column":0},"skip":true},{"start":{"line":0,"column":0},"end":{"line":0,"column":0},"skip":true}]},"9":{"line":9,"type":"if","locations":[{"start":{"line":0,"column":0},"end":{"line":0,"column":0},"skip":true},{"start":{"line":0,"column":0},"end":{"line":0,"column":0},"skip":true}]},"10":{"line":17,"type":"cond-expr","locations":[{"start":{"line":0,"column":0},"end":{"line":0,"column":0},"skip":true},{"start":{"line":0,"column":0},"end":{"line":0,"column":0},"skip":true}]},"11":{"line":17,"type":"binary-expr","locations":[{"start":{"line":0,"column":0},"end":{"line":0,"column":0},"skip":true},{"start":{"line":0,"column":0},"end":{"line":0,"column":0},"skip":true}]},"12":{"line":19,"type":"if","locations":[{"start":{"line":0,"column":0},"end":{"line":0,"column":0},"skip":true},{"start":{"line":0,"column":0},"end":{"line":0,"column":0},"skip":true}]},"13":{"line":21,"type":"if","locations":[{"start":{"line":0,"column":0},"end":{"line":0,"column":0},"skip":true},{"start":{"line":0,"column":0},"end":{"line":0,"column":0},"skip":true}]},"14":{"line":21,"type":"cond-expr","locations":[{"start":{"line":0,"column":0},"end":{"line":0,"column":0},"skip":true},{"start":{"line":0,"column":0},"end":{"line":0,"column":0},"skip":true}]},"15":{"line":21,"type":"binary-expr","locations":[{"start":{"line":0,"column":0},"end":{"line":0,"column":0},"skip":true},{"start":{"line":0,"column":0},"end":{"line":0,"column":0},"skip":true},{"start":{"line":0,"column":0},"end":{"line":0,"column":0},"skip":true}]},"16":{"line":23,"type":"if","locations":[{"start":{"line":0,"column":0},"end":{"line":0,"column":0},"skip":true},{"start":{"line":0,"column":0},"end":{"line":0,"column":0},"skip":true}]},"17":{"line":23,"type":"binary-expr","locations":[{"start":{"line":0,"column":0},"end":{"line":0,"column":0},"skip":true},{"start":{"line":0,"column":0},"end":{"line":0,"column":0},"skip":true}]},"18":{"line":23,"type":"binary-expr","locations":[{"start":{"line":0,"column":0},"end":{"line":0,"column":0},"skip":true},{"start":{"line":0,"column":0},"end":{"line":0,"column":0},"skip":true}]},"19":{"line":23,"type":"if","locations":[{"start":{"line":0,"column":0},"end":{"line":0,"column":0},"skip":true},{"start":{"line":0,"column":0},"end":{"line":0,"column":0},"skip":true}]},"20":{"line":23,"type":"cond-expr","locations":[{"start":{"line":0,"column":0},"end":{"line":0,"column":0},"skip":true},{"start":{"line":0,"column":0},"end":{"line":0,"column":0},"skip":true}]}}},"/home/mzhivodkov/projects/2gl/src/Object3D.js":{"path":"/home/mzhivodkov/projects/2gl/src/Object3D.js","s":{"1":1,"2":1,"3":1,"4":1,"5":9,"6":9,"7":9,"8":9,"9":9,"10":9,"11":1,"12":1,"13":1,"14":1,"15":0,"16":1,"17":1,"18":1,"19":1,"20":1,"21":1,"22":1,"23":1,"24":280,"25":0,"26":1,"27":1,"28":280,"29":280,"30":280,"31":280,"32":280,"33":280,"34":280,"35":280,"36":280,"37":280,"38":280,"39":280,"40":1,"41":15,"42":1,"43":15,"44":15,"45":15,"46":3,"47":3,"48":2,"49":2,"50":3,"51":10,"52":1,"53":9,"54":1,"55":9,"56":29,"57":29,"58":29,"59":26,"60":2,"61":24,"62":26,"63":1,"64":26,"65":26,"66":2,"67":2,"68":2,"69":1,"70":2,"71":6,"72":2,"73":4,"74":4,"75":2,"76":4,"77":7,"78":0,"79":7,"80":7,"81":0,"82":7,"83":1,"84":1,"85":1},"b":{"1":[9,9],"2":[9,0],"3":[1,0],"4":[0,1],"5":[0,1],"6":[1,1],"7":[0,280],"8":[1,14],"9":[2,1],"10":[1,9],"11":[1,8],"12":[2,24],"13":[2,4],"14":[0,7]},"f":{"1":1,"2":1,"3":1,"4":1,"5":280,"6":1,"7":280,"8":15,"9":3,"10":10,"11":29,"12":26,"13":1,"14":2,"15":2,"16":1,"17":6,"18":2,"19":7,"20":0},"fnMap":{"1":{"name":"(anonymous_1)","line":7,"loc":{"start":{"line":0,"column":0},"end":{"line":0,"column":0},"skip":true},"skip":true},"2":{"name":"defineProperties","line":7,"loc":{"start":{"line":0,"column":0},"end":{"line":0,"column":0},"skip":true},"skip":true},"3":{"name":"(anonymous_3)","line":7,"loc":{"start":{"line":0,"column":0},"end":{"line":0,"column":0},"skip":true},"skip":true},"4":{"name":"_interopRequireDefault","line":17,"loc":{"start":{"line":0,"column":0},"end":{"line":0,"column":0},"skip":true},"skip":true},"5":{"name":"_classCallCheck","line":19,"loc":{"start":{"line":0,"column":0},"end":{"line":0,"column":0},"skip":true},"skip":true},"6":{"name":"(anonymous_6)","line":26,"loc":{"start":{"line":0,"column":0},"end":{"line":0,"column":0},"skip":true},"skip":true},"7":{"name":"Object3D","line":27,"loc":{"start":{"line":10,"column":4},"end":{"line":10,"column":18}}},"8":{"name":"add","line":109,"loc":{"start":{"line":0,"column":0},"end":{"line":0,"column":0},"skip":true},"skip":true},"9":{"name":"remove","line":127,"loc":{"start":{"line":0,"column":0},"end":{"line":0,"column":0},"skip":true},"skip":true},"10":{"name":"render","line":145,"loc":{"start":{"line":0,"column":0},"end":{"line":0,"column":0},"skip":true},"skip":true},"11":{"name":"updateLocalMatrix","line":164,"loc":{"start":{"line":0,"column":0},"end":{"line":0,"column":0},"skip":true},"skip":true},"12":{"name":"updateWorldMatrix","line":178,"loc":{"start":{"line":0,"column":0},"end":{"line":0,"column":0},"skip":true},"skip":true},"13":{"name":"(anonymous_13)","line":185,"loc":{"start":{"line":148,"column":30},"end":{"line":148,"column":30}}},"14":{"name":"getWorldPosition","line":200,"loc":{"start":{"line":0,"column":0},"end":{"line":0,"column":0},"skip":true},"skip":true},"15":{"name":"traverse","line":211,"loc":{"start":{"line":0,"column":0},"end":{"line":0,"column":0},"skip":true},"skip":true},"16":{"name":"(anonymous_16)","line":214,"loc":{"start":{"line":169,"column":30},"end":{"line":169,"column":30}}},"17":{"name":"traverseVisible","line":228,"loc":{"start":{"line":0,"column":0},"end":{"line":0,"column":0},"skip":true},"skip":true},"18":{"name":"(anonymous_18)","line":235,"loc":{"start":{"line":183,"column":30},"end":{"line":183,"column":30}}},"19":{"name":"typifyForRender","line":249,"loc":{"start":{"line":0,"column":0},"end":{"line":0,"column":0},"skip":true},"skip":true},"20":{"name":"(anonymous_20)","line":256,"loc":{"start":{"line":197,"column":30},"end":{"line":197,"column":30}}}},"statementMap":{"1":{"start":{"line":0,"column":0},"end":{"line":0,"column":0},"skip":true},"2":{"start":{"line":0,"column":0},"end":{"line":0,"column":0},"skip":true},"3":{"start":{"line":0,"column":0},"end":{"line":0,"column":0},"skip":true},"4":{"start":{"line":0,"column":0},"end":{"line":0,"column":0},"skip":true},"5":{"start":{"line":0,"column":0},"end":{"line":0,"column":0},"skip":true},"6":{"start":{"line":0,"column":0},"end":{"line":0,"column":0},"skip":true},"7":{"start":{"line":0,"column":0},"end":{"line":0,"column":0},"skip":true},"8":{"start":{"line":0,"column":0},"end":{"line":0,"column":0},"skip":true},"9":{"start":{"line":0,"column":0},"end":{"line":0,"column":0},"skip":true},"10":{"start":{"line":0,"column":0},"end":{"line":0,"column":0},"skip":true},"11":{"start":{"line":0,"column":0},"end":{"line":0,"column":0},"skip":true},"12":{"start":{"line":0,"column":0},"end":{"line":0,"column":0},"skip":true},"13":{"start":{"line":0,"column":0},"end":{"line":0,"column":0},"skip":true},"14":{"start":{"line":0,"column":0},"end":{"line":0,"column":0},"skip":true},"15":{"start":{"line":0,"column":0},"end":{"line":0,"column":0},"skip":true},"16":{"start":{"line":0,"column":0},"end":{"line":0,"column":0},"skip":true},"17":{"start":{"line":1,"column":-15},"end":{"line":1,"column":-15}},"18":{"start":{"line":2,"column":0},"end":{"line":2,"column":0}},"19":{"start":{"line":0,"column":0},"end":{"line":0,"column":0},"skip":true},"20":{"start":{"line":3,"column":0},"end":{"line":3,"column":0}},"21":{"start":{"line":0,"column":0},"end":{"line":0,"column":0},"skip":true},"22":{"start":{"line":0,"column":0},"end":{"line":0,"column":0},"skip":true},"23":{"start":{"line":0,"column":0},"end":{"line":0,"column":0},"skip":true},"24":{"start":{"line":0,"column":0},"end":{"line":0,"column":0},"skip":true},"25":{"start":{"line":0,"column":0},"end":{"line":0,"column":0},"skip":true},"26":{"start":{"line":0,"column":0},"end":{"line":0,"column":0},"skip":true},"27":{"start":{"line":10,"column":4},"end":{"line":80,"column":5}},"28":{"start":{"line":10,"column":18},"end":{"line":10,"column":18}},"29":{"start":{"line":16,"column":8},"end":{"line":16,"column":8}},"30":{"start":{"line":22,"column":8},"end":{"line":22,"column":8}},"31":{"start":{"line":28,"column":8},"end":{"line":28,"column":8}},"32":{"start":{"line":36,"column":8},"end":{"line":36,"column":8}},"33":{"start":{"line":42,"column":8},"end":{"line":42,"column":8}},"34":{"start":{"line":48,"column":8},"end":{"line":48,"column":8}},"35":{"start":{"line":54,"column":8},"end":{"line":54,"column":8}},"36":{"start":{"line":61,"column":8},"end":{"line":61,"column":8}},"37":{"start":{"line":67,"column":8},"end":{"line":67,"column":8}},"38":{"start":{"line":73,"column":8},"end":{"line":73,"column":8}},"39":{"start":{"line":79,"column":8},"end":{"line":79,"column":8}},"40":{"start":{"line":0,"column":0},"end":{"line":0,"column":0},"skip":true},"41":{"start":{"line":87,"column":8},"end":{"line":89,"column":9}},"42":{"start":{"line":88,"column":12},"end":{"line":88,"column":12}},"43":{"start":{"line":91,"column":8},"end":{"line":91,"column":8}},"44":{"start":{"line":92,"column":8},"end":{"line":92,"column":8}},"45":{"start":{"line":94,"column":8},"end":{"line":94,"column":8}},"46":{"start":{"line":102,"column":8},"end":{"line":102,"column":8}},"47":{"start":{"line":104,"column":8},"end":{"line":107,"column":9}},"48":{"start":{"line":105,"column":12},"end":{"line":105,"column":12}},"49":{"start":{"line":106,"column":12},"end":{"line":106,"column":12}},"50":{"start":{"line":109,"column":8},"end":{"line":109,"column":8}},"51":{"start":{"line":117,"column":8},"end":{"line":117,"column":43}},"52":{"start":{"line":117,"column":29},"end":{"line":117,"column":29}},"53":{"start":{"line":119,"column":8},"end":{"line":121,"column":9}},"54":{"start":{"line":120,"column":12},"end":{"line":120,"column":12}},"55":{"start":{"line":123,"column":8},"end":{"line":123,"column":8}},"56":{"start":{"line":131,"column":8},"end":{"line":131,"column":8}},"57":{"start":{"line":133,"column":8},"end":{"line":133,"column":8}},"58":{"start":{"line":135,"column":8},"end":{"line":135,"column":8}},"59":{"start":{"line":142,"column":8},"end":{"line":146,"column":9}},"60":{"start":{"line":143,"column":12},"end":{"line":143,"column":12}},"61":{"start":{"line":145,"column":12},"end":{"line":145,"column":12}},"62":{"start":{"line":148,"column":8},"end":{"line":148,"column":8}},"63":{"start":{"line":148,"column":30},"end":{"line":148,"column":30}},"64":{"start":{"line":150,"column":8},"end":{"line":150,"column":8}},"65":{"start":{"line":152,"column":8},"end":{"line":152,"column":8}},"66":{"start":{"line":159,"column":8},"end":{"line":159,"column":8}},"67":{"start":{"line":167,"column":8},"end":{"line":167,"column":8}},"68":{"start":{"line":169,"column":8},"end":{"line":169,"column":8}},"69":{"start":{"line":169,"column":30},"end":{"line":169,"column":30}},"70":{"start":{"line":171,"column":8},"end":{"line":171,"column":8}},"71":{"start":{"line":179,"column":8},"end":{"line":179,"column":43}},"72":{"start":{"line":179,"column":29},"end":{"line":179,"column":29}},"73":{"start":{"line":181,"column":8},"end":{"line":181,"column":8}},"74":{"start":{"line":183,"column":8},"end":{"line":183,"column":8}},"75":{"start":{"line":183,"column":30},"end":{"line":183,"column":30}},"76":{"start":{"line":185,"column":8},"end":{"line":185,"column":8}},"77":{"start":{"line":193,"column":8},"end":{"line":193,"column":43}},"78":{"start":{"line":193,"column":29},"end":{"line":193,"column":29}},"79":{"start":{"line":195,"column":8},"end":{"line":195,"column":8}},"80":{"start":{"line":197,"column":8},"end":{"line":197,"column":8}},"81":{"start":{"line":197,"column":30},"end":{"line":197,"column":30}},"82":{"start":{"line":199,"column":8},"end":{"line":199,"column":8}},"83":{"start":{"line":0,"column":0},"end":{"line":0,"column":0},"skip":true},"84":{"start":{"line":0,"column":0},"end":{"line":0,"column":0},"skip":true},"85":{"start":{"line":0,"column":0},"end":{"line":0,"column":0},"skip":true}},"branchMap":{"1":{"line":7,"type":"binary-expr","locations":[{"start":{"line":0,"column":0},"end":{"line":0,"column":0},"skip":true},{"start":{"line":0,"column":0},"end":{"line":0,"column":0},"skip":true}]},"2":{"line":7,"type":"if","locations":[{"start":{"line":0,"column":0},"end":{"line":0,"column":0},"skip":true},{"start":{"line":0,"column":0},"end":{"line":0,"column":0},"skip":true}]},"3":{"line":7,"type":"if","locations":[{"start":{"line":0,"column":0},"end":{"line":0,"column":0},"skip":true},{"start":{"line":0,"column":0},"end":{"line":0,"column":0},"skip":true}]},"4":{"line":7,"type":"if","locations":[{"start":{"line":0,"column":0},"end":{"line":0,"column":0},"skip":true},{"start":{"line":0,"column":0},"end":{"line":0,"column":0},"skip":true}]},"5":{"line":17,"type":"cond-expr","locations":[{"start":{"line":0,"column":0},"end":{"line":0,"column":0},"skip":true},{"start":{"line":0,"column":0},"end":{"line":0,"column":0},"skip":true}]},"6":{"line":17,"type":"binary-expr","locations":[{"start":{"line":0,"column":0},"end":{"line":0,"column":0},"skip":true},{"start":{"line":0,"column":0},"end":{"line":0,"column":0},"skip":true}]},"7":{"line":19,"type":"if","locations":[{"start":{"line":0,"column":0},"end":{"line":0,"column":0},"skip":true},{"start":{"line":0,"column":0},"end":{"line":0,"column":0},"skip":true}]},"8":{"line":110,"type":"if","locations":[{"start":{"line":87,"column":8},"end":{"line":87,"column":8}},{"start":{"line":87,"column":8},"end":{"line":87,"column":8}}]},"9":{"line":130,"type":"if","locations":[{"start":{"line":104,"column":8},"end":{"line":104,"column":8}},{"start":{"line":104,"column":8},"end":{"line":104,"column":8}}]},"10":{"line":146,"type":"if","locations":[{"start":{"line":117,"column":8},"end":{"line":117,"column":8}},{"start":{"line":117,"column":8},"end":{"line":117,"column":8}}]},"11":{"line":150,"type":"if","locations":[{"start":{"line":119,"column":8},"end":{"line":119,"column":8}},{"start":{"line":119,"column":8},"end":{"line":119,"column":8}}]},"12":{"line":179,"type":"if","locations":[{"start":{"line":142,"column":8},"end":{"line":142,"column":8}},{"start":{"line":142,"column":8},"end":{"line":142,"column":8}}]},"13":{"line":229,"type":"if","locations":[{"start":{"line":179,"column":8},"end":{"line":179,"column":8}},{"start":{"line":179,"column":8},"end":{"line":179,"column":8}}]},"14":{"line":250,"type":"if","locations":[{"start":{"line":193,"column":8},"end":{"line":193,"column":8}},{"start":{"line":193,"column":8},"end":{"line":193,"column":8}}]}}},"/home/mzhivodkov/projects/2gl/src/libConstants.js":{"path":"/home/mzhivodkov/projects/2gl/src/libConstants.js","s":{"1":1,"2":1,"3":1},"b":{},"f":{},"fnMap":{},"statementMap":{"1":{"start":{"line":0,"column":0},"end":{"line":0,"column":0},"skip":true},"2":{"start":{"line":0,"column":0},"end":{"line":0,"column":0},"skip":true},"3":{"start":{"line":0,"column":0},"end":{"line":0,"column":0},"skip":true}},"branchMap":{}},"/home/mzhivodkov/projects/2gl/src/renderer/plugins/CommonPlugin.js":{"path":"/home/mzhivodkov/projects/2gl/src/renderer/plugins/CommonPlugin.js","s":{"1":1,"2":1,"3":1,"4":1,"5":2,"6":2,"7":2,"8":2,"9":2,"10":2,"11":1,"12":1,"13":1,"14":1,"15":0,"16":1,"17":1,"18":1,"19":1,"20":1,"21":1,"22":1,"23":1,"24":3,"25":1,"26":43,"27":0,"28":1,"29":43,"30":0,"31":43,"32":1,"33":1,"34":0,"35":1,"36":1,"37":1,"38":1,"39":1,"40":1,"41":43,"42":43,"43":43,"44":43,"45":1,"46":7,"47":7,"48":7,"49":7,"50":7,"51":7,"52":7,"53":7,"54":7,"55":7,"56":7,"57":7,"58":7,"59":0,"60":1,"61":1,"62":1,"63":1},"b":{"1":[2,2],"2":[2,0],"3":[1,0],"4":[0,1],"5":[0,3],"6":[3,3],"7":[0,43],"8":[0,43],"9":[0,43],"10":[43,0,0],"11":[0,1],"12":[1,0],"13":[1,1],"14":[1,0],"15":[1,0],"16":[7,0]},"f":{"1":1,"2":1,"3":1,"4":3,"5":43,"6":43,"7":1,"8":1,"9":43,"10":7,"11":7,"12":0},"fnMap":{"1":{"name":"(anonymous_1)","line":7,"loc":{"start":{"line":0,"column":0},"end":{"line":0,"column":0},"skip":true},"skip":true},"2":{"name":"defineProperties","line":7,"loc":{"start":{"line":0,"column":0},"end":{"line":0,"column":0},"skip":true},"skip":true},"3":{"name":"(anonymous_3)","line":7,"loc":{"start":{"line":0,"column":0},"end":{"line":0,"column":0},"skip":true},"skip":true},"4":{"name":"_interopRequireDefault","line":21,"loc":{"start":{"line":0,"column":0},"end":{"line":0,"column":0},"skip":true},"skip":true},"5":{"name":"_classCallCheck","line":23,"loc":{"start":{"line":0,"column":0},"end":{"line":0,"column":0},"skip":true},"skip":true},"6":{"name":"_possibleConstructorReturn","line":25,"loc":{"start":{"line":0,"column":0},"end":{"line":0,"column":0},"skip":true},"skip":true},"7":{"name":"_inherits","line":27,"loc":{"start":{"line":0,"column":0},"end":{"line":0,"column":0},"skip":true},"skip":true},"8":{"name":"(anonymous_8)","line":35,"loc":{"start":{"line":0,"column":0},"end":{"line":0,"column":0},"skip":true},"skip":true},"9":{"name":"CommonPlugin","line":38,"loc":{"start":{"line":11,"column":4},"end":{"line":11,"column":18}}},"10":{"name":"render","line":60,"loc":{"start":{"line":0,"column":0},"end":{"line":0,"column":0},"skip":true},"skip":true},"11":{"name":"(anonymous_11)","line":75,"loc":{"start":{"line":40,"column":30},"end":{"line":40,"column":30}}},"12":{"name":"_renderOrderSort","line":84,"loc":{"start":{"line":0,"column":0},"end":{"line":0,"column":0},"skip":true},"skip":true}},"statementMap":{"1":{"start":{"line":0,"column":0},"end":{"line":0,"column":0},"skip":true},"2":{"start":{"line":0,"column":0},"end":{"line":0,"column":0},"skip":true},"3":{"start":{"line":0,"column":0},"end":{"line":0,"column":0},"skip":true},"4":{"start":{"line":0,"column":0},"end":{"line":0,"column":0},"skip":true},"5":{"start":{"line":0,"column":0},"end":{"line":0,"column":0},"skip":true},"6":{"start":{"line":0,"column":0},"end":{"line":0,"column":0},"skip":true},"7":{"start":{"line":0,"column":0},"end":{"line":0,"column":0},"skip":true},"8":{"start":{"line":0,"column":0},"end":{"line":0,"column":0},"skip":true},"9":{"start":{"line":0,"column":0},"end":{"line":0,"column":0},"skip":true},"10":{"start":{"line":0,"column":0},"end":{"line":0,"column":0},"skip":true},"11":{"start":{"line":0,"column":0},"end":{"line":0,"column":0},"skip":true},"12":{"start":{"line":0,"column":0},"end":{"line":0,"column":0},"skip":true},"13":{"start":{"line":0,"column":0},"end":{"line":0,"column":0},"skip":true},"14":{"start":{"line":0,"column":0},"end":{"line":0,"column":0},"skip":true},"15":{"start":{"line":0,"column":0},"end":{"line":0,"column":0},"skip":true},"16":{"start":{"line":0,"column":0},"end":{"line":0,"column":0},"skip":true},"17":{"start":{"line":1,"column":-15},"end":{"line":1,"column":-15}},"18":{"start":{"line":0,"column":0},"end":{"line":0,"column":0},"skip":true},"19":{"start":{"line":2,"column":0},"end":{"line":2,"column":0}},"20":{"start":{"line":0,"column":0},"end":{"line":0,"column":0},"skip":true},"21":{"start":{"line":3,"column":0},"end":{"line":3,"column":0}},"22":{"start":{"line":0,"column":0},"end":{"line":0,"column":0},"skip":true},"23":{"start":{"line":0,"column":0},"end":{"line":0,"column":0},"skip":true},"24":{"start":{"line":0,"column":0},"end":{"line":0,"column":0},"skip":true},"25":{"start":{"line":0,"column":0},"end":{"line":0,"column":0},"skip":true},"26":{"start":{"line":0,"column":0},"end":{"line":0,"column":0},"skip":true},"27":{"start":{"line":0,"column":0},"end":{"line":0,"column":0},"skip":true},"28":{"start":{"line":0,"column":0},"end":{"line":0,"column":0},"skip":true},"29":{"start":{"line":0,"column":0},"end":{"line":0,"column":0},"skip":true},"30":{"start":{"line":0,"column":0},"end":{"line":0,"column":0},"skip":true},"31":{"start":{"line":0,"column":0},"end":{"line":0,"column":0},"skip":true},"32":{"start":{"line":0,"column":0},"end":{"line":0,"column":0},"skip":true},"33":{"start":{"line":0,"column":0},"end":{"line":0,"column":0},"skip":true},"34":{"start":{"line":0,"column":0},"end":{"line":0,"column":0},"skip":true},"35":{"start":{"line":0,"column":0},"end":{"line":0,"column":0},"skip":true},"36":{"start":{"line":0,"column":0},"end":{"line":0,"column":0},"skip":true},"37":{"start":{"line":0,"column":0},"end":{"line":0,"column":0},"skip":true},"38":{"start":{"line":0,"column":0},"end":{"line":0,"column":0},"skip":true},"39":{"start":{"line":0,"column":0},"end":{"line":0,"column":0},"skip":true},"40":{"start":{"line":11,"column":4},"end":{"line":19,"column":5}},"41":{"start":{"line":11,"column":18},"end":{"line":11,"column":18}},"42":{"start":{"line":11,"column":18},"end":{"line":11,"column":18}},"43":{"start":{"line":18,"column":8},"end":{"line":18,"column":8}},"44":{"start":{"line":11,"column":18},"end":{"line":11,"column":18}},"45":{"start":{"line":0,"column":0},"end":{"line":0,"column":0},"skip":true},"46":{"start":{"line":26,"column":8},"end":{"line":26,"column":8}},"47":{"start":{"line":28,"column":8},"end":{"line":28,"column":8}},"48":{"start":{"line":29,"column":8},"end":{"line":29,"column":8}},"49":{"start":{"line":31,"column":8},"end":{"line":31,"column":8}},"50":{"start":{"line":32,"column":8},"end":{"line":32,"column":8}},"51":{"start":{"line":33,"column":8},"end":{"line":33,"column":8}},"52":{"start":{"line":34,"column":8},"end":{"line":34,"column":8}},"53":{"start":{"line":36,"column":8},"end":{"line":38,"column":9}},"54":{"start":{"line":37,"column":12},"end":{"line":37,"column":12}},"55":{"start":{"line":40,"column":8},"end":{"line":40,"column":8}},"56":{"start":{"line":40,"column":30},"end":{"line":40,"column":30}},"57":{"start":{"line":41,"column":8},"end":{"line":41,"column":8}},"58":{"start":{"line":43,"column":8},"end":{"line":43,"column":8}},"59":{"start":{"line":47,"column":8},"end":{"line":47,"column":8}},"60":{"start":{"line":0,"column":0},"end":{"line":0,"column":0},"skip":true},"61":{"start":{"line":51,"column":0},"end":{"line":51,"column":0}},"62":{"start":{"line":0,"column":0},"end":{"line":0,"column":0},"skip":true},"63":{"start":{"line":0,"column":0},"end":{"line":0,"column":0},"skip":true}},"branchMap":{"1":{"line":7,"type":"binary-expr","locations":[{"start":{"line":0,"column":0},"end":{"line":0,"column":0},"skip":true},{"start":{"line":0,"column":0},"end":{"line":0,"column":0},"skip":true}]},"2":{"line":7,"type":"if","locations":[{"start":{"line":0,"column":0},"end":{"line":0,"column":0},"skip":true},{"start":{"line":0,"column":0},"end":{"line":0,"column":0},"skip":true}]},"3":{"line":7,"type":"if","locations":[{"start":{"line":0,"column":0},"end":{"line":0,"column":0},"skip":true},{"start":{"line":0,"column":0},"end":{"line":0,"column":0},"skip":true}]},"4":{"line":7,"type":"if","locations":[{"start":{"line":0,"column":0},"end":{"line":0,"column":0},"skip":true},{"start":{"line":0,"column":0},"end":{"line":0,"column":0},"skip":true}]},"5":{"line":21,"type":"cond-expr","locations":[{"start":{"line":0,"column":0},"end":{"line":0,"column":0},"skip":true},{"start":{"line":0,"column":0},"end":{"line":0,"column":0},"skip":true}]},"6":{"line":21,"type":"binary-expr","locations":[{"start":{"line":0,"column":0},"end":{"line":0,"column":0},"skip":true},{"start":{"line":0,"column":0},"end":{"line":0,"column":0},"skip":true}]},"7":{"line":23,"type":"if","locations":[{"start":{"line":0,"column":0},"end":{"line":0,"column":0},"skip":true},{"start":{"line":0,"column":0},"end":{"line":0,"column":0},"skip":true}]},"8":{"line":25,"type":"if","locations":[{"start":{"line":0,"column":0},"end":{"line":0,"column":0},"skip":true},{"start":{"line":0,"column":0},"end":{"line":0,"column":0},"skip":true}]},"9":{"line":25,"type":"cond-expr","locations":[{"start":{"line":0,"column":0},"end":{"line":0,"column":0},"skip":true},{"start":{"line":0,"column":0},"end":{"line":0,"column":0},"skip":true}]},"10":{"line":25,"type":"binary-expr","locations":[{"start":{"line":0,"column":0},"end":{"line":0,"column":0},"skip":true},{"start":{"line":0,"column":0},"end":{"line":0,"column":0},"skip":true},{"start":{"line":0,"column":0},"end":{"line":0,"column":0},"skip":true}]},"11":{"line":27,"type":"if","locations":[{"start":{"line":0,"column":0},"end":{"line":0,"column":0},"skip":true},{"start":{"line":0,"column":0},"end":{"line":0,"column":0},"skip":true}]},"12":{"line":27,"type":"binary-expr","locations":[{"start":{"line":0,"column":0},"end":{"line":0,"column":0},"skip":true},{"start":{"line":0,"column":0},"end":{"line":0,"column":0},"skip":true}]},"13":{"line":27,"type":"binary-expr","locations":[{"start":{"line":0,"column":0},"end":{"line":0,"column":0},"skip":true},{"start":{"line":0,"column":0},"end":{"line":0,"column":0},"skip":true}]},"14":{"line":27,"type":"if","locations":[{"start":{"line":0,"column":0},"end":{"line":0,"column":0},"skip":true},{"start":{"line":0,"column":0},"end":{"line":0,"column":0},"skip":true}]},"15":{"line":27,"type":"cond-expr","locations":[{"start":{"line":0,"column":0},"end":{"line":0,"column":0},"skip":true},{"start":{"line":0,"column":0},"end":{"line":0,"column":0},"skip":true}]},"16":{"line":71,"type":"if","locations":[{"start":{"line":36,"column":8},"end":{"line":36,"column":8}},{"start":{"line":36,"column":8},"end":{"line":36,"column":8}}]}}},"/home/mzhivodkov/projects/2gl/src/renderer/RendererPlugin.js":{"path":"/home/mzhivodkov/projects/2gl/src/renderer/RendererPlugin.js","s":{"1":1,"2":1,"3":1,"4":1,"5":2,"6":2,"7":2,"8":2,"9":2,"10":2,"11":1,"12":1,"13":1,"14":1,"15":0,"16":1,"17":1,"18":172,"19":0,"20":1,"21":1,"22":172,"23":172,"24":1,"25":0,"26":13,"27":13,"28":1,"29":1,"30":1},"b":{"1":[2,2],"2":[2,0],"3":[1,0],"4":[0,1],"5":[0,172]},"f":{"1":1,"2":1,"3":1,"4":172,"5":1,"6":172,"7":0,"8":13},"fnMap":{"1":{"name":"(anonymous_1)","line":7,"loc":{"start":{"line":0,"column":0},"end":{"line":0,"column":0},"skip":true},"skip":true},"2":{"name":"defineProperties","line":7,"loc":{"start":{"line":0,"column":0},"end":{"line":0,"column":0},"skip":true},"skip":true},"3":{"name":"(anonymous_3)","line":7,"loc":{"start":{"line":0,"column":0},"end":{"line":0,"column":0},"skip":true},"skip":true},"4":{"name":"_classCallCheck","line":9,"loc":{"start":{"line":0,"column":0},"end":{"line":0,"column":0},"skip":true},"skip":true},"5":{"name":"(anonymous_5)","line":18,"loc":{"start":{"line":0,"column":0},"end":{"line":0,"column":0},"skip":true},"skip":true},"6":{"name":"RendererPlugin","line":19,"loc":{"start":{"line":8,"column":4},"end":{"line":8,"column":18}}},"7":{"name":"render","line":33,"loc":{"start":{"line":0,"column":0},"end":{"line":0,"column":0},"skip":true},"skip":true},"8":{"name":"addObject","line":44,"loc":{"start":{"line":0,"column":0},"end":{"line":0,"column":0},"skip":true},"skip":true}},"statementMap":{"1":{"start":{"line":0,"column":0},"end":{"line":0,"column":0},"skip":true},"2":{"start":{"line":0,"column":0},"end":{"line":0,"column":0},"skip":true},"3":{"start":{"line":0,"column":0},"end":{"line":0,"column":0},"skip":true},"4":{"start":{"line":0,"column":0},"end":{"line":0,"column":0},"skip":true},"5":{"start":{"line":0,"column":0},"end":{"line":0,"column":0},"skip":true},"6":{"start":{"line":0,"column":0},"end":{"line":0,"column":0},"skip":true},"7":{"start":{"line":0,"column":0},"end":{"line":0,"column":0},"skip":true},"8":{"start":{"line":0,"column":0},"end":{"line":0,"column":0},"skip":true},"9":{"start":{"line":0,"column":0},"end":{"line":0,"column":0},"skip":true},"10":{"start":{"line":0,"column":0},"end":{"line":0,"column":0},"skip":true},"11":{"start":{"line":0,"column":0},"end":{"line":0,"column":0},"skip":true},"12":{"start":{"line":0,"column":0},"end":{"line":0,"column":0},"skip":true},"13":{"start":{"line":0,"column":0},"end":{"line":0,"column":0},"skip":true},"14":{"start":{"line":0,"column":0},"end":{"line":0,"column":0},"skip":true},"15":{"start":{"line":0,"column":0},"end":{"line":0,"column":0},"skip":true},"16":{"start":{"line":0,"column":0},"end":{"line":0,"column":0},"skip":true},"17":{"start":{"line":0,"column":0},"end":{"line":0,"column":0},"skip":true},"18":{"start":{"line":0,"column":0},"end":{"line":0,"column":0},"skip":true},"19":{"start":{"line":0,"column":0},"end":{"line":0,"column":0},"skip":true},"20":{"start":{"line":0,"column":0},"end":{"line":0,"column":0},"skip":true},"21":{"start":{"line":8,"column":4},"end":{"line":10,"column":5}},"22":{"start":{"line":8,"column":18},"end":{"line":8,"column":18}},"23":{"start":{"line":9,"column":8},"end":{"line":9,"column":8}},"24":{"start":{"line":0,"column":0},"end":{"line":0,"column":0},"skip":true},"25":{"start":{"line":17,"column":8},"end":{"line":17,"column":8}},"26":{"start":{"line":25,"column":8},"end":{"line":25,"column":8}},"27":{"start":{"line":26,"column":8},"end":{"line":26,"column":8}},"28":{"start":{"line":0,"column":0},"end":{"line":0,"column":0},"skip":true},"29":{"start":{"line":0,"column":0},"end":{"line":0,"column":0},"skip":true},"30":{"start":{"line":0,"column":0},"end":{"line":0,"column":0},"skip":true}},"branchMap":{"1":{"line":7,"type":"binary-expr","locations":[{"start":{"line":0,"column":0},"end":{"line":0,"column":0},"skip":true},{"start":{"line":0,"column":0},"end":{"line":0,"column":0},"skip":true}]},"2":{"line":7,"type":"if","locations":[{"start":{"line":0,"column":0},"end":{"line":0,"column":0},"skip":true},{"start":{"line":0,"column":0},"end":{"line":0,"column":0},"skip":true}]},"3":{"line":7,"type":"if","locations":[{"start":{"line":0,"column":0},"end":{"line":0,"column":0},"skip":true},{"start":{"line":0,"column":0},"end":{"line":0,"column":0},"skip":true}]},"4":{"line":7,"type":"if","locations":[{"start":{"line":0,"column":0},"end":{"line":0,"column":0},"skip":true},{"start":{"line":0,"column":0},"end":{"line":0,"column":0},"skip":true}]},"5":{"line":9,"type":"if","locations":[{"start":{"line":0,"column":0},"end":{"line":0,"column":0},"skip":true},{"start":{"line":0,"column":0},"end":{"line":0,"column":0},"skip":true}]}}},"/home/mzhivodkov/projects/2gl/src/renderer/Renderer.js":{"path":"/home/mzhivodkov/projects/2gl/src/renderer/Renderer.js","s":{"1":1,"2":1,"3":1,"4":2,"5":11,"6":11,"7":11,"8":11,"9":11,"10":11,"11":1,"12":1,"13":1,"14":1,"15":1,"16":1,"17":1,"18":43,"19":0,"20":1,"21":1,"22":43,"23":43,"24":43,"25":43,"26":6,"27":6,"28":6,"29":37,"30":43,"31":43,"32":43,"33":43,"34":43,"35":43,"36":43,"37":172,"38":172,"39":172,"40":1,"41":1,"42":1,"43":3,"44":13,"45":13,"46":3,"47":3,"48":3,"49":3,"50":13,"51":13,"52":16,"53":2,"54":14,"55":16,"56":8,"57":5,"58":5,"59":4,"60":4,"61":2,"62":2,"63":2,"64":2,"65":4,"66":6,"67":6,"68":6,"69":6,"70":7,"71":7,"72":7,"73":2,"74":7,"75":7,"76":7,"77":6,"78":7,"79":7,"80":7,"81":7,"82":28,"83":7,"84":2,"85":7,"86":6,"87":6,"88":17,"89":0,"90":0,"91":0,"92":0,"93":1,"94":1,"95":1,"96":1},"b":{"1":[11,11],"2":[11,0],"3":[1,0],"4":[1,0],"5":[0,43],"6":[43,7],"7":[6,37],"8":[1,5],"9":[1,5],"10":[6,2],"11":[43,13],"12":[1,42],"13":[43,42],"14":[3,10],"15":[2,14],"16":[16,2],"17":[2,2],"18":[2,5],"19":[6,1],"20":[2,5],"21":[0,0]},"f":{"1":1,"2":2,"3":1,"4":43,"5":1,"6":43,"7":172,"8":1,"9":3,"10":13,"11":16,"12":8,"13":5,"14":4,"15":6,"16":7,"17":28,"18":6,"19":17,"20":0,"21":0},"fnMap":{"1":{"name":"(anonymous_1)","line":7,"loc":{"start":{"line":0,"column":0},"end":{"line":0,"column":0},"skip":true},"skip":true},"2":{"name":"defineProperties","line":7,"loc":{"start":{"line":0,"column":0},"end":{"line":0,"column":0},"skip":true},"skip":true},"3":{"name":"(anonymous_3)","line":7,"loc":{"start":{"line":0,"column":0},"end":{"line":0,"column":0},"skip":true},"skip":true},"4":{"name":"_classCallCheck","line":9,"loc":{"start":{"line":0,"column":0},"end":{"line":0,"column":0},"skip":true},"skip":true},"5":{"name":"(anonymous_5)","line":26,"loc":{"start":{"line":0,"column":0},"end":{"line":0,"column":0},"skip":true},"skip":true},"6":{"name":"Renderer","line":27,"loc":{"start":{"line":16,"column":4},"end":{"line":16,"column":25}}},"7":{"name":"(anonymous_7)","line":63,"loc":{"start":{"line":50,"column":33},"end":{"line":50,"column":39}}},"8":{"name":"setPixelRatio","line":78,"loc":{"start":{"line":0,"column":0},"end":{"line":0,"column":0},"skip":true},"skip":true},"9":{"name":"getPixelRatio","line":91,"loc":{"start":{"line":0,"column":0},"end":{"line":0,"column":0},"skip":true},"skip":true},"10":{"name":"setSize","line":103,"loc":{"start":{"line":0,"column":0},"end":{"line":0,"column":0},"skip":true},"skip":true},"11":{"name":"setViewport","line":127,"loc":{"start":{"line":0,"column":0},"end":{"line":0,"column":0},"skip":true},"skip":true},"12":{"name":"getSize","line":144,"loc":{"start":{"line":0,"column":0},"end":{"line":0,"column":0},"skip":true},"skip":true},"13":{"name":"setRenderTarget","line":155,"loc":{"start":{"line":0,"column":0},"end":{"line":0,"column":0},"skip":true},"skip":true},"14":{"name":"readPixels","line":171,"loc":{"start":{"line":0,"column":0},"end":{"line":0,"column":0},"skip":true},"skip":true},"15":{"name":"clear","line":191,"loc":{"start":{"line":0,"column":0},"end":{"line":0,"column":0},"skip":true},"skip":true},"16":{"name":"render","line":208,"loc":{"start":{"line":0,"column":0},"end":{"line":0,"column":0},"skip":true},"skip":true},"17":{"name":"(anonymous_17)","line":235,"loc":{"start":{"line":197,"column":30},"end":{"line":197,"column":40}}},"18":{"name":"addPlugin","line":254,"loc":{"start":{"line":0,"column":0},"end":{"line":0,"column":0},"skip":true},"skip":true},"19":{"name":"(anonymous_19)","line":259,"loc":{"start":{"line":218,"column":30},"end":{"line":218,"column":30}}},"20":{"name":"removePlugin","line":271,"loc":{"start":{"line":0,"column":0},"end":{"line":0,"column":0},"skip":true},"skip":true},"21":{"name":"(anonymous_21)","line":272,"loc":{"start":{"line":226,"column":30},"end":{"line":226,"column":41}}}},"statementMap":{"1":{"start":{"line":0,"column":0},"end":{"line":0,"column":0},"skip":true},"2":{"start":{"line":0,"column":0},"end":{"line":0,"column":0},"skip":true},"3":{"start":{"line":0,"column":0},"end":{"line":0,"column":0},"skip":true},"4":{"start":{"line":0,"column":0},"end":{"line":0,"column":0},"skip":true},"5":{"start":{"line":0,"column":0},"end":{"line":0,"column":0},"skip":true},"6":{"start":{"line":0,"column":0},"end":{"line":0,"column":0},"skip":true},"7":{"start":{"line":0,"column":0},"end":{"line":0,"column":0},"skip":true},"8":{"start":{"line":0,"column":0},"end":{"line":0,"column":0},"skip":true},"9":{"start":{"line":0,"column":0},"end":{"line":0,"column":0},"skip":true},"10":{"start":{"line":0,"column":0},"end":{"line":0,"column":0},"skip":true},"11":{"start":{"line":0,"column":0},"end":{"line":0,"column":0},"skip":true},"12":{"start":{"line":0,"column":0},"end":{"line":0,"column":0},"skip":true},"13":{"start":{"line":0,"column":0},"end":{"line":0,"column":0},"skip":true},"14":{"start":{"line":0,"column":0},"end":{"line":0,"column":0},"skip":true},"15":{"start":{"line":0,"column":0},"end":{"line":0,"column":0},"skip":true},"16":{"start":{"line":0,"column":0},"end":{"line":0,"column":0},"skip":true},"17":{"start":{"line":0,"column":0},"end":{"line":0,"column":0},"skip":true},"18":{"start":{"line":0,"column":0},"end":{"line":0,"column":0},"skip":true},"19":{"start":{"line":0,"column":0},"end":{"line":0,"column":0},"skip":true},"20":{"start":{"line":0,"column":0},"end":{"line":0,"column":0},"skip":true},"21":{"start":{"line":16,"column":4},"end":{"line":55,"column":5}},"22":{"start":{"line":16,"column":25},"end":{"line":16,"column":25}},"23":{"start":{"line":16,"column":25},"end":{"line":16,"column":25}},"24":{"start":{"line":17,"column":8},"end":{"line":17,"column":8}},"25":{"start":{"line":19,"column":8},"end":{"line":31,"column":9}},"26":{"start":{"line":20,"column":12},"end":{"line":20,"column":12}},"27":{"start":{"line":23,"column":12},"end":{"line":23,"column":12}},"28":{"start":{"line":27,"column":12},"end":{"line":27,"column":12}},"29":{"start":{"line":30,"column":12},"end":{"line":30,"column":12}},"30":{"start":{"line":33,"column":8},"end":{"line":33,"column":8}},"31":{"start":{"line":39,"column":8},"end":{"line":39,"column":8}},"32":{"start":{"line":45,"column":8},"end":{"line":45,"column":8}},"33":{"start":{"line":46,"column":8},"end":{"line":46,"column":8}},"34":{"start":{"line":48,"column":8},"end":{"line":48,"column":8}},"35":{"start":{"line":49,"column":8},"end":{"line":49,"column":8}},"36":{"start":{"line":50,"column":8},"end":{"line":50,"column":8}},"37":{"start":{"line":51,"column":12},"end":{"line":51,"column":12}},"38":{"start":{"line":52,"column":12},"end":{"line":52,"column":12}},"39":{"start":{"line":53,"column":12},"end":{"line":53,"column":12}},"40":{"start":{"line":0,"column":0},"end":{"line":0,"column":0},"skip":true},"41":{"start":{"line":62,"column":8},"end":{"line":62,"column":8}},"42":{"start":{"line":64,"column":8},"end":{"line":64,"column":8}},"43":{"start":{"line":72,"column":8},"end":{"line":72,"column":8}},"44":{"start":{"line":81,"column":8},"end":{"line":81,"column":8}},"45":{"start":{"line":86,"column":8},"end":{"line":91,"column":9}},"46":{"start":{"line":87,"column":12},"end":{"line":87,"column":12}},"47":{"start":{"line":88,"column":12},"end":{"line":88,"column":12}},"48":{"start":{"line":89,"column":12},"end":{"line":89,"column":12}},"49":{"start":{"line":90,"column":12},"end":{"line":90,"column":12}},"50":{"start":{"line":93,"column":8},"end":{"line":93,"column":8}},"51":{"start":{"line":95,"column":8},"end":{"line":95,"column":8}},"52":{"start":{"line":105,"column":8},"end":{"line":109,"column":9}},"53":{"start":{"line":106,"column":12},"end":{"line":106,"column":12}},"54":{"start":{"line":108,"column":12},"end":{"line":108,"column":12}},"55":{"start":{"line":111,"column":8},"end":{"line":111,"column":8}},"56":{"start":{"line":119,"column":8},"end":{"line":119,"column":8}},"57":{"start":{"line":127,"column":8},"end":{"line":127,"column":8}},"58":{"start":{"line":128,"column":8},"end":{"line":128,"column":8}},"59":{"start":{"line":140,"column":8},"end":{"line":140,"column":8}},"60":{"start":{"line":142,"column":8},"end":{"line":148,"column":9}},"61":{"start":{"line":143,"column":12},"end":{"line":143,"column":12}},"62":{"start":{"line":144,"column":12},"end":{"line":144,"column":12}},"63":{"start":{"line":145,"column":12},"end":{"line":145,"column":12}},"64":{"start":{"line":147,"column":12},"end":{"line":147,"column":12}},"65":{"start":{"line":150,"column":8},"end":{"line":150,"column":8}},"66":{"start":{"line":157,"column":8},"end":{"line":157,"column":8}},"67":{"start":{"line":159,"column":8},"end":{"line":159,"column":8}},"68":{"start":{"line":160,"column":8},"end":{"line":160,"column":8}},"69":{"start":{"line":162,"column":8},"end":{"line":162,"column":8}},"70":{"start":{"line":171,"column":8},"end":{"line":171,"column":8}},"71":{"start":{"line":173,"column":8},"end":{"line":173,"column":8}},"72":{"start":{"line":175,"column":8},"end":{"line":177,"column":9}},"73":{"start":{"line":176,"column":12},"end":{"line":176,"column":12}},"74":{"start":{"line":179,"column":8},"end":{"line":179,"column":8}},"75":{"start":{"line":180,"column":8},"end":{"line":180,"column":8}},"76":{"start":{"line":182,"column":8},"end":{"line":184,"column":9}},"77":{"start":{"line":183,"column":12},"end":{"line":183,"column":12}},"78":{"start":{"line":186,"column":8},"end":{"line":186,"column":8}},"79":{"start":{"line":187,"column":8},"end":{"line":187,"column":8}},"80":{"start":{"line":189,"column":8},"end":{"line":189,"column":8}},"81":{"start":{"line":197,"column":8},"end":{"line":197,"column":8}},"82":{"start":{"line":198,"column":12},"end":{"line":198,"column":12}},"83":{"start":{"line":201,"column":8},"end":{"line":203,"column":9}},"84":{"start":{"line":202,"column":12},"end":{"line":202,"column":12}},"85":{"start":{"line":205,"column":8},"end":{"line":205,"column":8}},"86":{"start":{"line":214,"column":8},"end":{"line":214,"column":8}},"87":{"start":{"line":218,"column":8},"end":{"line":218,"column":8}},"88":{"start":{"line":218,"column":30},"end":{"line":218,"column":30}},"89":{"start":{"line":226,"column":8},"end":{"line":226,"column":8}},"90":{"start":{"line":227,"column":12},"end":{"line":230,"column":13}},"91":{"start":{"line":228,"column":16},"end":{"line":228,"column":16}},"92":{"start":{"line":229,"column":16},"end":{"line":229,"column":16}},"93":{"start":{"line":0,"column":0},"end":{"line":0,"column":0},"skip":true},"94":{"start":{"line":235,"column":0},"end":{"line":235,"column":0}},"95":{"start":{"line":0,"column":0},"end":{"line":0,"column":0},"skip":true},"96":{"start":{"line":0,"column":0},"end":{"line":0,"column":0},"skip":true}},"branchMap":{"1":{"line":7,"type":"binary-expr","locations":[{"start":{"line":0,"column":0},"end":{"line":0,"column":0},"skip":true},{"start":{"line":0,"column":0},"end":{"line":0,"column":0},"skip":true}]},"2":{"line":7,"type":"if","locations":[{"start":{"line":0,"column":0},"end":{"line":0,"column":0},"skip":true},{"start":{"line":0,"column":0},"end":{"line":0,"column":0},"skip":true}]},"3":{"line":7,"type":"if","locations":[{"start":{"line":0,"column":0},"end":{"line":0,"column":0},"skip":true},{"start":{"line":0,"column":0},"end":{"line":0,"column":0},"skip":true}]},"4":{"line":7,"type":"if","locations":[{"start":{"line":0,"column":0},"end":{"line":0,"column":0},"skip":true},{"start":{"line":0,"column":0},"end":{"line":0,"column":0},"skip":true}]},"5":{"line":9,"type":"if","locations":[{"start":{"line":0,"column":0},"end":{"line":0,"column":0},"skip":true},{"start":{"line":0,"column":0},"end":{"line":0,"column":0},"skip":true}]},"6":{"line":32,"type":"binary-expr","locations":[{"start":{"line":17,"column":18},"end":{"line":17,"column":18}},{"start":{"line":17,"column":29},"end":{"line":17,"column":8}}]},"7":{"line":34,"type":"if","locations":[{"start":{"line":19,"column":8},"end":{"line":19,"column":8}},{"start":{"line":19,"column":8},"end":{"line":19,"column":8}}]},"8":{"line":35,"type":"cond-expr","locations":[{"start":{"line":21,"column":16},"end":{"line":20,"column":34}},{"start":{"line":21,"column":58},"end":{"line":20,"column":12}}]},"9":{"line":38,"type":"cond-expr","locations":[{"start":{"line":24,"column":61},"end":{"line":24,"column":27}},{"start":{"line":24,"column":81},"end":{"line":24,"column":81}}]},"10":{"line":41,"type":"binary-expr","locations":[{"start":{"line":27,"column":23},"end":{"line":27,"column":23}},{"start":{"line":28,"column":16},"end":{"line":27,"column":12}}]},"11":{"line":46,"type":"binary-expr","locations":[{"start":{"line":33,"column":27},"end":{"line":33,"column":27}},{"start":{"line":33,"column":49},"end":{"line":33,"column":8}}]},"12":{"line":52,"type":"cond-expr","locations":[{"start":{"line":39,"column":59},"end":{"line":39,"column":25}},{"start":{"line":39,"column":79},"end":{"line":39,"column":8}}]},"13":{"line":58,"type":"binary-expr","locations":[{"start":{"line":45,"column":26},"end":{"line":45,"column":26}},{"start":{"line":45,"column":48},"end":{"line":45,"column":8}}]},"14":{"line":106,"type":"if","locations":[{"start":{"line":86,"column":8},"end":{"line":86,"column":8}},{"start":{"line":86,"column":8},"end":{"line":86,"column":8}}]},"15":{"line":128,"type":"if","locations":[{"start":{"line":105,"column":8},"end":{"line":105,"column":8}},{"start":{"line":105,"column":8},"end":{"line":105,"column":8}}]},"16":{"line":128,"type":"binary-expr","locations":[{"start":{"line":105,"column":12},"end":{"line":105,"column":12}},{"start":{"line":105,"column":35},"end":{"line":105,"column":8}}]},"17":{"line":174,"type":"if","locations":[{"start":{"line":142,"column":8},"end":{"line":142,"column":8}},{"start":{"line":142,"column":8},"end":{"line":142,"column":8}}]},"18":{"line":213,"type":"if","locations":[{"start":{"line":175,"column":8},"end":{"line":175,"column":8}},{"start":{"line":175,"column":8},"end":{"line":175,"column":8}}]},"19":{"line":220,"type":"if","locations":[{"start":{"line":182,"column":8},"end":{"line":182,"column":8}},{"start":{"line":182,"column":8},"end":{"line":182,"column":8}}]},"20":{"line":239,"type":"if","locations":[{"start":{"line":201,"column":8},"end":{"line":201,"column":8}},{"start":{"line":201,"column":8},"end":{"line":201,"column":8}}]},"21":{"line":273,"type":"if","locations":[{"start":{"line":227,"column":12},"end":{"line":227,"column":12}},{"start":{"line":227,"column":12},"end":{"line":227,"column":12}}]}}},"/home/mzhivodkov/projects/2gl/src/Scene.js":{"path":"/home/mzhivodkov/projects/2gl/src/Scene.js","s":{"1":1,"2":1,"3":1,"4":1,"5":2,"6":2,"7":2,"8":2,"9":2,"10":2,"11":1,"12":1,"13":1,"14":1,"15":0,"16":1,"17":1,"18":1,"19":1,"20":1,"21":1,"22":61,"23":0,"24":1,"25":61,"26":0,"27":61,"28":1,"29":1,"30":0,"31":1,"32":1,"33":1,"34":1,"35":1,"36":1,"37":61,"38":61,"39":61,"40":61,"41":1,"42":1,"43":1,"44":3,"45":1,"46":1,"47":1},"b":{"1":[2,2],"2":[2,0],"3":[1,0],"4":[0,1],"5":[0,1],"6":[1,1],"7":[0,61],"8":[0,61],"9":[0,61],"10":[61,0,0],"11":[0,1],"12":[1,0],"13":[1,1],"14":[1,0],"15":[1,0]},"f":{"1":1,"2":1,"3":1,"4":1,"5":61,"6":61,"7":1,"8":1,"9":61,"10":1,"11":3},"fnMap":{"1":{"name":"(anonymous_1)","line":7,"loc":{"start":{"line":0,"column":0},"end":{"line":0,"column":0},"skip":true},"skip":true},"2":{"name":"defineProperties","line":7,"loc":{"start":{"line":0,"column":0},"end":{"line":0,"column":0},"skip":true},"skip":true},"3":{"name":"(anonymous_3)","line":7,"loc":{"start":{"line":0,"column":0},"end":{"line":0,"column":0},"skip":true},"skip":true},"4":{"name":"_interopRequireDefault","line":13,"loc":{"start":{"line":0,"column":0},"end":{"line":0,"column":0},"skip":true},"skip":true},"5":{"name":"_classCallCheck","line":15,"loc":{"start":{"line":0,"column":0},"end":{"line":0,"column":0},"skip":true},"skip":true},"6":{"name":"_possibleConstructorReturn","line":17,"loc":{"start":{"line":0,"column":0},"end":{"line":0,"column":0},"skip":true},"skip":true},"7":{"name":"_inherits","line":19,"loc":{"start":{"line":0,"column":0},"end":{"line":0,"column":0},"skip":true},"skip":true},"8":{"name":"(anonymous_8)","line":27,"loc":{"start":{"line":0,"column":0},"end":{"line":0,"column":0},"skip":true},"skip":true},"9":{"name":"Scene","line":30,"loc":{"start":{"line":9,"column":4},"end":{"line":9,"column":18}}},"10":{"name":"addLight","line":47,"loc":{"start":{"line":0,"column":0},"end":{"line":0,"column":0},"skip":true},"skip":true},"11":{"name":"getLights","line":60,"loc":{"start":{"line":0,"column":0},"end":{"line":0,"column":0},"skip":true},"skip":true}},"statementMap":{"1":{"start":{"line":0,"column":0},"end":{"line":0,"column":0},"skip":true},"2":{"start":{"line":0,"column":0},"end":{"line":0,"column":0},"skip":true},"3":{"start":{"line":0,"column":0},"end":{"line":0,"column":0},"skip":true},"4":{"start":{"line":0,"column":0},"end":{"line":0,"column":0},"skip":true},"5":{"start":{"line":0,"column":0},"end":{"line":0,"column":0},"skip":true},"6":{"start":{"line":0,"column":0},"end":{"line":0,"column":0},"skip":true},"7":{"start":{"line":0,"column":0},"end":{"line":0,"column":0},"skip":true},"8":{"start":{"line":0,"column":0},"end":{"line":0,"column":0},"skip":true},"9":{"start":{"line":0,"column":0},"end":{"line":0,"column":0},"skip":true},"10":{"start":{"line":0,"column":0},"end":{"line":0,"column":0},"skip":true},"11":{"start":{"line":0,"column":0},"end":{"line":0,"column":0},"skip":true},"12":{"start":{"line":0,"column":0},"end":{"line":0,"column":0},"skip":true},"13":{"start":{"line":0,"column":0},"end":{"line":0,"column":0},"skip":true},"14":{"start":{"line":0,"column":0},"end":{"line":0,"column":0},"skip":true},"15":{"start":{"line":0,"column":0},"end":{"line":0,"column":0},"skip":true},"16":{"start":{"line":0,"column":0},"end":{"line":0,"column":0},"skip":true},"17":{"start":{"line":1,"column":-15},"end":{"line":1,"column":-15}},"18":{"start":{"line":0,"column":0},"end":{"line":0,"column":0},"skip":true},"19":{"start":{"line":0,"column":0},"end":{"line":0,"column":0},"skip":true},"20":{"start":{"line":0,"column":0},"end":{"line":0,"column":0},"skip":true},"21":{"start":{"line":0,"column":0},"end":{"line":0,"column":0},"skip":true},"22":{"start":{"line":0,"column":0},"end":{"line":0,"column":0},"skip":true},"23":{"start":{"line":0,"column":0},"end":{"line":0,"column":0},"skip":true},"24":{"start":{"line":0,"column":0},"end":{"line":0,"column":0},"skip":true},"25":{"start":{"line":0,"column":0},"end":{"line":0,"column":0},"skip":true},"26":{"start":{"line":0,"column":0},"end":{"line":0,"column":0},"skip":true},"27":{"start":{"line":0,"column":0},"end":{"line":0,"column":0},"skip":true},"28":{"start":{"line":0,"column":0},"end":{"line":0,"column":0},"skip":true},"29":{"start":{"line":0,"column":0},"end":{"line":0,"column":0},"skip":true},"30":{"start":{"line":0,"column":0},"end":{"line":0,"column":0},"skip":true},"31":{"start":{"line":0,"column":0},"end":{"line":0,"column":0},"skip":true},"32":{"start":{"line":0,"column":0},"end":{"line":0,"column":0},"skip":true},"33":{"start":{"line":0,"column":0},"end":{"line":0,"column":0},"skip":true},"34":{"start":{"line":0,"column":0},"end":{"line":0,"column":0},"skip":true},"35":{"start":{"line":0,"column":0},"end":{"line":0,"column":0},"skip":true},"36":{"start":{"line":9,"column":4},"end":{"line":13,"column":5}},"37":{"start":{"line":9,"column":18},"end":{"line":9,"column":18}},"38":{"start":{"line":9,"column":18},"end":{"line":9,"column":18}},"39":{"start":{"line":12,"column":8},"end":{"line":12,"column":8}},"40":{"start":{"line":9,"column":18},"end":{"line":9,"column":18}},"41":{"start":{"line":0,"column":0},"end":{"line":0,"column":0},"skip":true},"42":{"start":{"line":20,"column":8},"end":{"line":20,"column":8}},"43":{"start":{"line":22,"column":8},"end":{"line":22,"column":8}},"44":{"start":{"line":30,"column":8},"end":{"line":30,"column":8}},"45":{"start":{"line":0,"column":0},"end":{"line":0,"column":0},"skip":true},"46":{"start":{"line":0,"column":0},"end":{"line":0,"column":0},"skip":true},"47":{"start":{"line":0,"column":0},"end":{"line":0,"column":0},"skip":true}},"branchMap":{"1":{"line":7,"type":"binary-expr","locations":[{"start":{"line":0,"column":0},"end":{"line":0,"column":0},"skip":true},{"start":{"line":0,"column":0},"end":{"line":0,"column":0},"skip":true}]},"2":{"line":7,"type":"if","locations":[{"start":{"line":0,"column":0},"end":{"line":0,"column":0},"skip":true},{"start":{"line":0,"column":0},"end":{"line":0,"column":0},"skip":true}]},"3":{"line":7,"type":"if","locations":[{"start":{"line":0,"column":0},"end":{"line":0,"column":0},"skip":true},{"start":{"line":0,"column":0},"end":{"line":0,"column":0},"skip":true}]},"4":{"line":7,"type":"if","locations":[{"start":{"line":0,"column":0},"end":{"line":0,"column":0},"skip":true},{"start":{"line":0,"column":0},"end":{"line":0,"column":0},"skip":true}]},"5":{"line":13,"type":"cond-expr","locations":[{"start":{"line":0,"column":0},"end":{"line":0,"column":0},"skip":true},{"start":{"line":0,"column":0},"end":{"line":0,"column":0},"skip":true}]},"6":{"line":13,"type":"binary-expr","locations":[{"start":{"line":0,"column":0},"end":{"line":0,"column":0},"skip":true},{"start":{"line":0,"column":0},"end":{"line":0,"column":0},"skip":true}]},"7":{"line":15,"type":"if","locations":[{"start":{"line":0,"column":0},"end":{"line":0,"column":0},"skip":true},{"start":{"line":0,"column":0},"end":{"line":0,"column":0},"skip":true}]},"8":{"line":17,"type":"if","locations":[{"start":{"line":0,"column":0},"end":{"line":0,"column":0},"skip":true},{"start":{"line":0,"column":0},"end":{"line":0,"column":0},"skip":true}]},"9":{"line":17,"type":"cond-expr","locations":[{"start":{"line":0,"column":0},"end":{"line":0,"column":0},"skip":true},{"start":{"line":0,"column":0},"end":{"line":0,"column":0},"skip":true}]},"10":{"line":17,"type":"binary-expr","locations":[{"start":{"line":0,"column":0},"end":{"line":0,"column":0},"skip":true},{"start":{"line":0,"column":0},"end":{"line":0,"column":0},"skip":true},{"start":{"line":0,"column":0},"end":{"line":0,"column":0},"skip":true}]},"11":{"line":19,"type":"if","locations":[{"start":{"line":0,"column":0},"end":{"line":0,"column":0},"skip":true},{"start":{"line":0,"column":0},"end":{"line":0,"column":0},"skip":true}]},"12":{"line":19,"type":"binary-expr","locations":[{"start":{"line":0,"column":0},"end":{"line":0,"column":0},"skip":true},{"start":{"line":0,"column":0},"end":{"line":0,"column":0},"skip":true}]},"13":{"line":19,"type":"binary-expr","locations":[{"start":{"line":0,"column":0},"end":{"line":0,"column":0},"skip":true},{"start":{"line":0,"column":0},"end":{"line":0,"column":0},"skip":true}]},"14":{"line":19,"type":"if","locations":[{"start":{"line":0,"column":0},"end":{"line":0,"column":0},"skip":true},{"start":{"line":0,"column":0},"end":{"line":0,"column":0},"skip":true}]},"15":{"line":19,"type":"cond-expr","locations":[{"start":{"line":0,"column":0},"end":{"line":0,"column":0},"skip":true},{"start":{"line":0,"column":0},"end":{"line":0,"column":0},"skip":true}]}}},"/home/mzhivodkov/projects/2gl/src/Buffer.js":{"path":"/home/mzhivodkov/projects/2gl/src/Buffer.js","s":{"1":1,"2":1,"3":1,"4":1,"5":10,"6":10,"7":10,"8":10,"9":10,"10":10,"11":1,"12":1,"13":1,"14":1,"15":0,"16":1,"17":1,"18":319,"19":0,"20":1,"21":1,"22":319,"23":319,"24":319,"25":319,"26":319,"27":319,"28":319,"29":319,"30":319,"31":1,"32":68,"33":67,"34":68,"35":67,"36":68,"37":60,"38":60,"39":8,"40":8,"41":68,"42":2,"43":2,"44":6,"45":583,"46":86,"47":86,"48":2,"49":2,"50":2,"51":2,"52":2,"53":2,"54":2,"55":0,"56":0,"57":0,"58":67,"59":67,"60":67,"61":67,"62":69,"63":67,"64":2,"65":2,"66":2,"67":261,"68":118,"69":143,"70":16,"71":127,"72":42,"73":85,"74":25,"75":60,"76":59,"77":1,"78":1,"79":1,"80":1,"81":1,"82":1,"83":1,"84":1,"85":1,"86":1,"87":1},"b":{"1":[10,10],"2":[10,0],"3":[1,0],"4":[0,1],"5":[0,319],"6":[67,1],"7":[67,1],"8":[60,8],"9":[8,0],"10":[67,2],"11":[2,0],"12":[118,143],"13":[16,127],"14":[42,85],"15":[25,60],"16":[59,1],"17":[1,0]},"f":{"1":1,"2":1,"3":1,"4":319,"5":1,"6":319,"7":68,"8":2,"9":6,"10":583,"11":86,"12":2,"13":0,"14":67,"15":69,"16":261},"fnMap":{"1":{"name":"(anonymous_1)","line":7,"loc":{"start":{"line":0,"column":0},"end":{"line":0,"column":0},"skip":true},"skip":true},"2":{"name":"defineProperties","line":7,"loc":{"start":{"line":0,"column":0},"end":{"line":0,"column":0},"skip":true},"skip":true},"3":{"name":"(anonymous_3)","line":7,"loc":{"start":{"line":0,"column":0},"end":{"line":0,"column":0},"skip":true},"skip":true},"4":{"name":"_classCallCheck","line":9,"loc":{"start":{"line":0,"column":0},"end":{"line":0,"column":0},"skip":true},"skip":true},"5":{"name":"(anonymous_5)","line":18,"loc":{"start":{"line":0,"column":0},"end":{"line":0,"column":0},"skip":true},"skip":true},"6":{"name":"Buffer","line":19,"loc":{"start":{"line":8,"column":4},"end":{"line":8,"column":33}}},"7":{"name":"bind","line":87,"loc":{"start":{"line":0,"column":0},"end":{"line":0,"column":0},"skip":true},"skip":true},"8":{"name":"remove","line":113,"loc":{"start":{"line":0,"column":0},"end":{"line":0,"column":0},"skip":true},"skip":true},"9":{"name":"getArray","line":126,"loc":{"start":{"line":0,"column":0},"end":{"line":0,"column":0},"skip":true},"skip":true},"10":{"name":"getElement","line":138,"loc":{"start":{"line":0,"column":0},"end":{"line":0,"column":0},"skip":true},"skip":true},"11":{"name":"getTriangle","line":150,"loc":{"start":{"line":0,"column":0},"end":{"line":0,"column":0},"skip":true},"skip":true},"12":{"name":"concat","line":164,"loc":{"start":{"line":0,"column":0},"end":{"line":0,"column":0},"skip":true},"skip":true},"13":{"name":"subData","line":185,"loc":{"start":{"line":0,"column":0},"end":{"line":0,"column":0},"skip":true},"skip":true},"14":{"name":"_prepare","line":200,"loc":{"start":{"line":0,"column":0},"end":{"line":0,"column":0},"skip":true},"skip":true},"15":{"name":"_unprepare","line":215,"loc":{"start":{"line":0,"column":0},"end":{"line":0,"column":0},"skip":true},"skip":true},"16":{"name":"_toGlParam","line":235,"loc":{"start":{"line":0,"column":0},"end":{"line":0,"column":0},"skip":true},"skip":true}},"statementMap":{"1":{"start":{"line":0,"column":0},"end":{"line":0,"column":0},"skip":true},"2":{"start":{"line":0,"column":0},"end":{"line":0,"column":0},"skip":true},"3":{"start":{"line":0,"column":0},"end":{"line":0,"column":0},"skip":true},"4":{"start":{"line":0,"column":0},"end":{"line":0,"column":0},"skip":true},"5":{"start":{"line":0,"column":0},"end":{"line":0,"column":0},"skip":true},"6":{"start":{"line":0,"column":0},"end":{"line":0,"column":0},"skip":true},"7":{"start":{"line":0,"column":0},"end":{"line":0,"column":0},"skip":true},"8":{"start":{"line":0,"column":0},"end":{"line":0,"column":0},"skip":true},"9":{"start":{"line":0,"column":0},"end":{"line":0,"column":0},"skip":true},"10":{"start":{"line":0,"column":0},"end":{"line":0,"column":0},"skip":true},"11":{"start":{"line":0,"column":0},"end":{"line":0,"column":0},"skip":true},"12":{"start":{"line":0,"column":0},"end":{"line":0,"column":0},"skip":true},"13":{"start":{"line":0,"column":0},"end":{"line":0,"column":0},"skip":true},"14":{"start":{"line":0,"column":0},"end":{"line":0,"column":0},"skip":true},"15":{"start":{"line":0,"column":0},"end":{"line":0,"column":0},"skip":true},"16":{"start":{"line":0,"column":0},"end":{"line":0,"column":0},"skip":true},"17":{"start":{"line":0,"column":0},"end":{"line":0,"column":0},"skip":true},"18":{"start":{"line":0,"column":0},"end":{"line":0,"column":0},"skip":true},"19":{"start":{"line":0,"column":0},"end":{"line":0,"column":0},"skip":true},"20":{"start":{"line":0,"column":0},"end":{"line":0,"column":0},"skip":true},"21":{"start":{"line":8,"column":4},"end":{"line":57,"column":5}},"22":{"start":{"line":8,"column":33},"end":{"line":8,"column":33}},"23":{"start":{"line":9,"column":8},"end":{"line":9,"column":8}},"24":{"start":{"line":15,"column":8},"end":{"line":15,"column":8}},"25":{"start":{"line":21,"column":8},"end":{"line":21,"column":8}},"26":{"start":{"line":28,"column":8},"end":{"line":28,"column":8}},"27":{"start":{"line":34,"column":8},"end":{"line":34,"column":8}},"28":{"start":{"line":40,"column":8},"end":{"line":40,"column":8}},"29":{"start":{"line":47,"column":8},"end":{"line":47,"column":8}},"30":{"start":{"line":56,"column":8},"end":{"line":56,"column":8}},"31":{"start":{"line":0,"column":0},"end":{"line":0,"column":0},"skip":true},"32":{"start":{"line":71,"column":8},"end":{"line":73,"column":9}},"33":{"start":{"line":72,"column":12},"end":{"line":72,"column":12}},"34":{"start":{"line":75,"column":8},"end":{"line":77,"column":9}},"35":{"start":{"line":76,"column":12},"end":{"line":76,"column":12}},"36":{"start":{"line":79,"column":8},"end":{"line":84,"column":9}},"37":{"start":{"line":80,"column":12},"end":{"line":80,"column":12}},"38":{"start":{"line":81,"column":12},"end":{"line":81,"column":12}},"39":{"start":{"line":82,"column":15},"end":{"line":84,"column":9}},"40":{"start":{"line":83,"column":12},"end":{"line":83,"column":12}},"41":{"start":{"line":86,"column":8},"end":{"line":86,"column":8}},"42":{"start":{"line":94,"column":8},"end":{"line":94,"column":8}},"43":{"start":{"line":96,"column":8},"end":{"line":96,"column":8}},"44":{"start":{"line":104,"column":8},"end":{"line":104,"column":8}},"45":{"start":{"line":113,"column":8},"end":{"line":113,"column":8}},"46":{"start":{"line":122,"column":8},"end":{"line":122,"column":8}},"47":{"start":{"line":124,"column":8},"end":{"line":124,"column":8}},"48":{"start":{"line":137,"column":8},"end":{"line":137,"column":8}},"49":{"start":{"line":138,"column":8},"end":{"line":138,"column":8}},"50":{"start":{"line":139,"column":8},"end":{"line":139,"column":8}},"51":{"start":{"line":140,"column":8},"end":{"line":140,"column":8}},"52":{"start":{"line":142,"column":8},"end":{"line":142,"column":8}},"53":{"start":{"line":143,"column":8},"end":{"line":143,"column":8}},"54":{"start":{"line":145,"column":8},"end":{"line":145,"column":8}},"55":{"start":{"line":155,"column":8},"end":{"line":155,"column":8}},"56":{"start":{"line":156,"column":8},"end":{"line":156,"column":8}},"57":{"start":{"line":158,"column":8},"end":{"line":158,"column":8}},"58":{"start":{"line":167,"column":8},"end":{"line":167,"column":8}},"59":{"start":{"line":168,"column":8},"end":{"line":168,"column":8}},"60":{"start":{"line":169,"column":8},"end":{"line":169,"column":8}},"61":{"start":{"line":170,"column":8},"end":{"line":170,"column":8}},"62":{"start":{"line":179,"column":8},"end":{"line":179,"column":28}},"63":{"start":{"line":179,"column":19},"end":{"line":179,"column":19}},"64":{"start":{"line":181,"column":8},"end":{"line":183,"column":9}},"65":{"start":{"line":182,"column":12},"end":{"line":182,"column":12}},"66":{"start":{"line":184,"column":8},"end":{"line":184,"column":8}},"67":{"start":{"line":194,"column":8},"end":{"line":194,"column":69}},"68":{"start":{"line":194,"column":44},"end":{"line":194,"column":44}},"69":{"start":{"line":195,"column":8},"end":{"line":195,"column":84}},"70":{"start":{"line":195,"column":51},"end":{"line":195,"column":51}},"71":{"start":{"line":196,"column":8},"end":{"line":196,"column":67}},"72":{"start":{"line":196,"column":43},"end":{"line":196,"column":43}},"73":{"start":{"line":197,"column":8},"end":{"line":197,"column":69}},"74":{"start":{"line":197,"column":44},"end":{"line":197,"column":44}},"75":{"start":{"line":198,"column":8},"end":{"line":198,"column":56}},"76":{"start":{"line":198,"column":38},"end":{"line":198,"column":38}},"77":{"start":{"line":199,"column":8},"end":{"line":199,"column":71}},"78":{"start":{"line":199,"column":45},"end":{"line":199,"column":45}},"79":{"start":{"line":0,"column":0},"end":{"line":0,"column":0},"skip":true},"80":{"start":{"line":203,"column":0},"end":{"line":203,"column":0}},"81":{"start":{"line":204,"column":0},"end":{"line":204,"column":0}},"82":{"start":{"line":206,"column":0},"end":{"line":206,"column":0}},"83":{"start":{"line":207,"column":0},"end":{"line":207,"column":0}},"84":{"start":{"line":209,"column":0},"end":{"line":209,"column":0}},"85":{"start":{"line":210,"column":0},"end":{"line":210,"column":0}},"86":{"start":{"line":0,"column":0},"end":{"line":0,"column":0},"skip":true},"87":{"start":{"line":0,"column":0},"end":{"line":0,"column":0},"skip":true}},"branchMap":{"1":{"line":7,"type":"binary-expr","locations":[{"start":{"line":0,"column":0},"end":{"line":0,"column":0},"skip":true},{"start":{"line":0,"column":0},"end":{"line":0,"column":0},"skip":true}]},"2":{"line":7,"type":"if","locations":[{"start":{"line":0,"column":0},"end":{"line":0,"column":0},"skip":true},{"start":{"line":0,"column":0},"end":{"line":0,"column":0},"skip":true}]},"3":{"line":7,"type":"if","locations":[{"start":{"line":0,"column":0},"end":{"line":0,"column":0},"skip":true},{"start":{"line":0,"column":0},"end":{"line":0,"column":0},"skip":true}]},"4":{"line":7,"type":"if","locations":[{"start":{"line":0,"column":0},"end":{"line":0,"column":0},"skip":true},{"start":{"line":0,"column":0},"end":{"line":0,"column":0},"skip":true}]},"5":{"line":9,"type":"if","locations":[{"start":{"line":0,"column":0},"end":{"line":0,"column":0},"skip":true},{"start":{"line":0,"column":0},"end":{"line":0,"column":0},"skip":true}]},"6":{"line":88,"type":"if","locations":[{"start":{"line":71,"column":8},"end":{"line":71,"column":8}},{"start":{"line":71,"column":8},"end":{"line":71,"column":8}}]},"7":{"line":92,"type":"if","locations":[{"start":{"line":75,"column":8},"end":{"line":75,"column":8}},{"start":{"line":75,"column":8},"end":{"line":75,"column":8}}]},"8":{"line":96,"type":"if","locations":[{"start":{"line":79,"column":8},"end":{"line":79,"column":8}},{"start":{"line":79,"column":8},"end":{"line":79,"column":8}}]},"9":{"line":99,"type":"if","locations":[{"start":{"line":82,"column":15},"end":{"line":82,"column":15}},{"start":{"line":82,"column":15},"end":{"line":82,"column":15}}]},"10":{"line":216,"type":"if","locations":[{"start":{"line":179,"column":8},"end":{"line":179,"column":8}},{"start":{"line":179,"column":8},"end":{"line":179,"column":8}}]},"11":{"line":220,"type":"if","locations":[{"start":{"line":181,"column":8},"end":{"line":181,"column":8}},{"start":{"line":181,"column":8},"end":{"line":181,"column":8}}]},"12":{"line":236,"type":"if","locations":[{"start":{"line":194,"column":8},"end":{"line":194,"column":8}},{"start":{"line":194,"column":8},"end":{"line":194,"column":8}}]},"13":{"line":239,"type":"if","locations":[{"start":{"line":195,"column":8},"end":{"line":195,"column":8}},{"start":{"line":195,"column":8},"end":{"line":195,"column":8}}]},"14":{"line":242,"type":"if","locations":[{"start":{"line":196,"column":8},"end":{"line":196,"column":8}},{"start":{"line":196,"column":8},"end":{"line":196,"column":8}}]},"15":{"line":245,"type":"if","locations":[{"start":{"line":197,"column":8},"end":{"line":197,"column":8}},{"start":{"line":197,"column":8},"end":{"line":197,"column":8}}]},"16":{"line":248,"type":"if","locations":[{"start":{"line":198,"column":8},"end":{"line":198,"column":8}},{"start":{"line":198,"column":8},"end":{"line":198,"column":8}}]},"17":{"line":251,"type":"if","locations":[{"start":{"line":199,"column":8},"end":{"line":199,"column":8}},{"start":{"line":199,"column":8},"end":{"line":199,"column":8}}]}}},"/home/mzhivodkov/projects/2gl/src/math/Box.js":{"path":"/home/mzhivodkov/projects/2gl/src/math/Box.js","s":{"1":1,"2":1,"3":1,"4":1,"5":2,"6":2,"7":2,"8":2,"9":2,"10":2,"11":1,"12":1,"13":1,"14":1,"15":0,"16":1,"17":1,"18":1,"19":33,"20":0,"21":1,"22":1,"23":33,"24":33,"25":33,"26":1,"27":7,"28":327,"29":327,"30":327,"31":1,"32":1,"33":1},"b":{"1":[2,2],"2":[2,0],"3":[1,0],"4":[0,1],"5":[0,33],"6":[33,13],"7":[33,13],"8":[7,6,5,4,3,2]},"f":{"1":1,"2":1,"3":1,"4":33,"5":1,"6":33,"7":7,"8":327},"fnMap":{"1":{"name":"(anonymous_1)","line":7,"loc":{"start":{"line":0,"column":0},"end":{"line":0,"column":0},"skip":true},"skip":true},"2":{"name":"defineProperties","line":7,"loc":{"start":{"line":0,"column":0},"end":{"line":0,"column":0},"skip":true},"skip":true},"3":{"name":"(anonymous_3)","line":7,"loc":{"start":{"line":0,"column":0},"end":{"line":0,"column":0},"skip":true},"skip":true},"4":{"name":"_classCallCheck","line":11,"loc":{"start":{"line":0,"column":0},"end":{"line":0,"column":0},"skip":true},"skip":true},"5":{"name":"(anonymous_5)","line":19,"loc":{"start":{"line":0,"column":0},"end":{"line":0,"column":0},"skip":true},"skip":true},"6":{"name":"Box","line":26,"loc":{"start":{"line":14,"column":4},"end":{"line":14,"column":26}}},"7":{"name":"containsPoint","line":42,"loc":{"start":{"line":0,"column":0},"end":{"line":0,"column":0},"skip":true},"skip":true},"8":{"name":"expandByPoint","line":53,"loc":{"start":{"line":0,"column":0},"end":{"line":0,"column":0},"skip":true},"skip":true}},"statementMap":{"1":{"start":{"line":0,"column":0},"end":{"line":0,"column":0},"skip":true},"2":{"start":{"line":0,"column":0},"end":{"line":0,"column":0},"skip":true},"3":{"start":{"line":0,"column":0},"end":{"line":0,"column":0},"skip":true},"4":{"start":{"line":0,"column":0},"end":{"line":0,"column":0},"skip":true},"5":{"start":{"line":0,"column":0},"end":{"line":0,"column":0},"skip":true},"6":{"start":{"line":0,"column":0},"end":{"line":0,"column":0},"skip":true},"7":{"start":{"line":0,"column":0},"end":{"line":0,"column":0},"skip":true},"8":{"start":{"line":0,"column":0},"end":{"line":0,"column":0},"skip":true},"9":{"start":{"line":0,"column":0},"end":{"line":0,"column":0},"skip":true},"10":{"start":{"line":0,"column":0},"end":{"line":0,"column":0},"skip":true},"11":{"start":{"line":0,"column":0},"end":{"line":0,"column":0},"skip":true},"12":{"start":{"line":0,"column":0},"end":{"line":0,"column":0},"skip":true},"13":{"start":{"line":0,"column":0},"end":{"line":0,"column":0},"skip":true},"14":{"start":{"line":0,"column":0},"end":{"line":0,"column":0},"skip":true},"15":{"start":{"line":0,"column":0},"end":{"line":0,"column":0},"skip":true},"16":{"start":{"line":0,"column":0},"end":{"line":0,"column":0},"skip":true},"17":{"start":{"line":1,"column":-15},"end":{"line":1,"column":-15}},"18":{"start":{"line":0,"column":0},"end":{"line":0,"column":0},"skip":true},"19":{"start":{"line":0,"column":0},"end":{"line":0,"column":0},"skip":true},"20":{"start":{"line":0,"column":0},"end":{"line":0,"column":0},"skip":true},"21":{"start":{"line":0,"column":0},"end":{"line":0,"column":0},"skip":true},"22":{"start":{"line":14,"column":4},"end":{"line":17,"column":5}},"23":{"start":{"line":14,"column":26},"end":{"line":14,"column":26}},"24":{"start":{"line":15,"column":8},"end":{"line":15,"column":8}},"25":{"start":{"line":16,"column":8},"end":{"line":16,"column":8}},"26":{"start":{"line":0,"column":0},"end":{"line":0,"column":0},"skip":true},"27":{"start":{"line":25,"column":8},"end":{"line":25,"column":8}},"28":{"start":{"line":35,"column":8},"end":{"line":35,"column":8}},"29":{"start":{"line":36,"column":8},"end":{"line":36,"column":8}},"30":{"start":{"line":38,"column":8},"end":{"line":38,"column":8}},"31":{"start":{"line":0,"column":0},"end":{"line":0,"column":0},"skip":true},"32":{"start":{"line":0,"column":0},"end":{"line":0,"column":0},"skip":true},"33":{"start":{"line":0,"column":0},"end":{"line":0,"column":0},"skip":true}},"branchMap":{"1":{"line":7,"type":"binary-expr","locations":[{"start":{"line":0,"column":0},"end":{"line":0,"column":0},"skip":true},{"start":{"line":0,"column":0},"end":{"line":0,"column":0},"skip":true}]},"2":{"line":7,"type":"if","locations":[{"start":{"line":0,"column":0},"end":{"line":0,"column":0},"skip":true},{"start":{"line":0,"column":0},"end":{"line":0,"column":0},"skip":true}]},"3":{"line":7,"type
[...]
:0,"column":0},"skip":true},"2":{"start":{"line":0,"column":0},"end":{"line":0,"column":0},"skip":true},"3":{"start":{"line":0,"column":0},"end":{"line":0,"column":0},"skip":true},"4":{"start":{"line":0,"column":0},"end":{"line":0,"column":0},"skip":true},"5":{"start":{"line":0,"column":0},"end":{"line":0,"column":0},"skip":true},"6":{"start":{"line":0,"column":0},"end":{"line":0,"column":0},"skip":true},"7":{"start":{"line":0,"column":0},"end":{"line":0,"column":0},"skip":true},"8":{"start":{"line":0,"column":0},"end":{"line":0,"column":0},"skip":true},"9":{"start":{"line":0,"column":0},"end":{"line":0,"column":0},"skip":true},"10":{"start":{"line":0,"column":0},"end":{"line":0,"column":0},"skip":true},"11":{"start":{"line":0,"column":0},"end":{"line":0,"column":0},"skip":true},"12":{"start":{"line":0,"column":0},"end":{"line":0,"column":0},"skip":true},"13":{"start":{"line":0,"column":0},"end":{"line":0,"column":0},"skip":true},"14":{"start":{"line":0,"column":0},"end":{"line":0,"column":0},"skip":true},"15":{"start":{"line":0,"column":0},"end":{"line":0,"column":0},"skip":true},"16":{"start":{"line":0,"column":0},"end":{"line":0,"column":0},"skip":true},"17":{"start":{"line":1,"column":-15},"end":{"line":1,"column":-15}},"18":{"start":{"line":0,"column":0},"end":{"line":0,"column":0},"skip":true},"19":{"start":{"line":0,"column":0},"end":{"line":0,"column":0},"skip":true},"20":{"start":{"line":0,"column":0},"end":{"line":0,"column":0},"skip":true},"21":{"start":{"line":0,"column":0},"end":{"line":0,"column":0},"skip":true},"22":{"start":{"line":13,"column":4},"end":{"line":16,"column":5}},"23":{"start":{"line":13,"column":34},"end":{"line":13,"column":34}},"24":{"start":{"line":14,"column":8},"end":{"line":14,"column":8}},"25":{"start":{"line":15,"column":8},"end":{"line":15,"column":8}},"26":{"start":{"line":0,"column":0},"end":{"line":0,"column":0},"skip":true},"27":{"start":{"line":24,"column":8},"end":{"line":24,"column":8}},"28":{"start":{"line":35,"column":8},"end":{"line":35,"column":8}},"29":{"start":{"line":36,"column":8},"end":{"line":36,"column":8}},"30":{"start":{"line":37,"column":8},"end":{"line":37,"column":8}},"31":{"start":{"line":0,"column":0},"end":{"line":0,"column":0},"skip":true},"32":{"start":{"line":0,"column":0},"end":{"line":0,"column":0},"skip":true},"33":{"start":{"line":0,"column":0},"end":{"line":0,"column":0},"skip":true}},"branchMap":{"1":{"line":7,"type":"binary-expr","locations":[{"start":{"line":0,"column":0},"end":{"line":0,"column":0},"skip":true},{"start":{"line":0,"column":0},"end":{"line":0,"column":0},"skip":true}]},"2":{"line":7,"type":"if","locations":[{"start":{"line":0,"column":0},"end":{"line":0,"column":0},"skip":true},{"start":{"line":0,"column":0},"end":{"line":0,"column":0},"skip":true}]},"3":{"line":7,"type":"if","locations":[{"start":{"line":0,"column":0},"end":{"line":0,"column":0},"skip":true},{"start":{"line":0,"column":0},"end":{"line":0,"column":0},"skip":true}]},"4":{"line":7,"type":"if","locations":[{"start":{"line":0,"column":0},"end":{"line":0,"column":0},"skip":true},{"start":{"line":0,"column":0},"end":{"line":0,"column":0},"skip":true}]},"5":{"line":11,"type":"if","locations":[{"start":{"line":0,"column":0},"end":{"line":0,"column":0},"skip":true},{"start":{"line":0,"column":0},"end":{"line":0,"column":0},"skip":true}]},"6":{"line":28,"type":"binary-expr","locations":[{"start":{"line":14,"column":22},"end":{"line":14,"column":22}},{"start":{"line":14,"column":32},"end":{"line":14,"column":8}}]},"7":{"line":29,"type":"binary-expr","locations":[{"start":{"line":15,"column":24},"end":{"line":15,"column":24}},{"start":{"line":15,"column":36},"end":{"line":15,"column":8}}]}}},"/home/mzhivodkov/projects/2gl/src/math/Frustum.js":{"path":"/home/mzhivodkov/projects/2gl/src/math/Frustum.js","s":{"1":1,"2":1,"3":1,"4":1,"5":2,"6":2,"7":2,"8":2,"9":2,"10":2,"11":1,"12":1,"13":1,"14":1,"15":0,"16":1,"17":1,"18":1,"19":1,"20":1,"21":1,"22":1,"23":13,"24":0,"25":1,"26":1,"27":13,"28":13,"29":13,"30":3,"31":1,"32":2,"33":2,"34":2,"35":2,"36":2,"37":2,"38":2,"39":5,"40":5,"41":5,"42":5,"43":23,"44":23,"45":23,"46":23,"47":23,"48":23,"49":23,"50":23,"51":23,"52":23,"53":3,"54":2,"55":1,"56":1,"57":1},"b":{"1":[2,2],"2":[2,0],"3":[1,0],"4":[0,1],"5":[0,1],"6":[1,1],"7":[0,13],"8":[3,10],"9":[13,11],"10":[5,18],"11":[5,18],"12":[3,20],"13":[3,20],"14":[4,19],"15":[4,19],"16":[3,20],"17":[23,4]},"f":{"1":1,"2":1,"3":1,"4":1,"5":13,"6":1,"7":13,"8":2,"9":5},"fnMap":{"1":{"name":"(anonymous_1)","line":7,"loc":{"start":{"line":0,"column":0},"end":{"line":0,"column":0},"skip":true},"skip":true},"2":{"name":"defineProperties","line":7,"loc":{"start":{"line":0,"column":0},"end":{"line":0,"column":0},"skip":true},"skip":true},"3":{"name":"(anonymous_3)","line":7,"loc":{"start":{"line":0,"column":0},"end":{"line":0,"column":0},"skip":true},"skip":true},"4":{"name":"_interopRequireDefault","line":15,"loc":{"start":{"line":0,"column":0},"end":{"line":0,"column":0},"skip":true},"skip":true},"5":{"name":"_classCallCheck","line":17,"loc":{"start":{"line":0,"column":0},"end":{"line":0,"column":0},"skip":true},"skip":true},"6":{"name":"(anonymous_6)","line":25,"loc":{"start":{"line":0,"column":0},"end":{"line":0,"column":0},"skip":true},"skip":true},"7":{"name":"Frustum","line":30,"loc":{"start":{"line":13,"column":4},"end":{"line":13,"column":24}}},"8":{"name":"setFromMatrix","line":48,"loc":{"start":{"line":0,"column":0},"end":{"line":0,"column":0},"skip":true},"skip":true},"9":{"name":"intersectsBox","line":72,"loc":{"start":{"line":0,"column":0},"end":{"line":0,"column":0},"skip":true},"skip":true}},"statementMap":{"1":{"start":{"line":0,"column":0},"end":{"line":0,"column":0},"skip":true},"2":{"start":{"line":0,"column":0},"end":{"line":0,"column":0},"skip":true},"3":{"start":{"line":0,"column":0},"end":{"line":0,"column":0},"skip":true},"4":{"start":{"line":0,"column":0},"end":{"line":0,"column":0},"skip":true},"5":{"start":{"line":0,"column":0},"end":{"line":0,"column":0},"skip":true},"6":{"start":{"line":0,"column":0},"end":{"line":0,"column":0},"skip":true},"7":{"start":{"line":0,"column":0},"end":{"line":0,"column":0},"skip":true},"8":{"start":{"line":0,"column":0},"end":{"line":0,"column":0},"skip":true},"9":{"start":{"line":0,"column":0},"end":{"line":0,"column":0},"skip":true},"10":{"start":{"line":0,"column":0},"end":{"line":0,"column":0},"skip":true},"11":{"start":{"line":0,"column":0},"end":{"line":0,"column":0},"skip":true},"12":{"start":{"line":0,"column":0},"end":{"line":0,"column":0},"skip":true},"13":{"start":{"line":0,"column":0},"end":{"line":0,"column":0},"skip":true},"14":{"start":{"line":0,"column":0},"end":{"line":0,"column":0},"skip":true},"15":{"start":{"line":0,"column":0},"end":{"line":0,"column":0},"skip":true},"16":{"start":{"line":0,"column":0},"end":{"line":0,"column":0},"skip":true},"17":{"start":{"line":1,"column":-15},"end":{"line":1,"column":-15}},"18":{"start":{"line":2,"column":0},"end":{"line":2,"column":0}},"19":{"start":{"line":0,"column":0},"end":{"line":0,"column":0},"skip":true},"20":{"start":{"line":0,"column":0},"end":{"line":0,"column":0},"skip":true},"21":{"start":{"line":0,"column":0},"end":{"line":0,"column":0},"skip":true},"22":{"start":{"line":0,"column":0},"end":{"line":0,"column":0},"skip":true},"23":{"start":{"line":0,"column":0},"end":{"line":0,"column":0},"skip":true},"24":{"start":{"line":0,"column":0},"end":{"line":0,"column":0},"skip":true},"25":{"start":{"line":0,"column":0},"end":{"line":0,"column":0},"skip":true},"26":{"start":{"line":13,"column":4},"end":{"line":26,"column":5}},"27":{"start":{"line":13,"column":24},"end":{"line":13,"column":24}},"28":{"start":{"line":14,"column":8},"end":{"line":14,"column":8}},"29":{"start":{"line":16,"column":8},"end":{"line":25,"column":9}},"30":{"start":{"line":17,"column":12},"end":{"line":17,"column":12}},"31":{"start":{"line":0,"column":0},"end":{"line":0,"column":0},"skip":true},"32":{"start":{"line":33,"column":8},"end":{"line":33,"column":8}},"33":{"start":{"line":36,"column":8},"end":{"line":36,"column":8}},"34":{"start":{"line":39,"column":8},"end":{"line":39,"column":8}},"35":{"start":{"line":42,"column":8},"end":{"line":42,"column":8}},"36":{"start":{"line":45,"column":8},"end":{"line":45,"column":8}},"37":{"start":{"line":48,"column":8},"end":{"line":48,"column":8}},"38":{"start":{"line":51,"column":8},"end":{"line":51,"column":8}},"39":{"start":{"line":60,"column":8},"end":{"line":60,"column":8}},"40":{"start":{"line":61,"column":8},"end":{"line":61,"column":8}},"41":{"start":{"line":62,"column":8},"end":{"line":62,"column":8}},"42":{"start":{"line":64,"column":8},"end":{"line":81,"column":9}},"43":{"start":{"line":65,"column":12},"end":{"line":65,"column":12}},"44":{"start":{"line":67,"column":12},"end":{"line":67,"column":12}},"45":{"start":{"line":68,"column":12},"end":{"line":68,"column":12}},"46":{"start":{"line":69,"column":12},"end":{"line":69,"column":12}},"47":{"start":{"line":70,"column":12},"end":{"line":70,"column":12}},"48":{"start":{"line":71,"column":12},"end":{"line":71,"column":12}},"49":{"start":{"line":72,"column":12},"end":{"line":72,"column":12}},"50":{"start":{"line":74,"column":12},"end":{"line":74,"column":12}},"51":{"start":{"line":75,"column":12},"end":{"line":75,"column":12}},"52":{"start":{"line":78,"column":12},"end":{"line":80,"column":13}},"53":{"start":{"line":79,"column":16},"end":{"line":79,"column":16}},"54":{"start":{"line":83,"column":8},"end":{"line":83,"column":8}},"55":{"start":{"line":0,"column":0},"end":{"line":0,"column":0},"skip":true},"56":{"start":{"line":0,"column":0},"end":{"line":0,"column":0},"skip":true},"57":{"start":{"line":0,"column":0},"end":{"line":0,"column":0},"skip":true}},"branchMap":{"1":{"line":7,"type":"binary-expr","locations":[{"start":{"line":0,"column":0},"end":{"line":0,"column":0},"skip":true},{"start":{"line":0,"column":0},"end":{"line":0,"column":0},"skip":true}]},"2":{"line":7,"type":"if","locations":[{"start":{"line":0,"column":0},"end":{"line":0,"column":0},"skip":true},{"start":{"line":0,"column":0},"end":{"line":0,"column":0},"skip":true}]},"3":{"line":7,"type":"if","locations":[{"start":{"line":0,"column":0},"end":{"line":0,"column":0},"skip":true},{"start":{"line":0,"column":0},"end":{"line":0,"column":0},"skip":true}]},"4":{"line":7,"type":"if","locations":[{"start":{"line":0,"column":0},"end":{"line":0,"column":0},"skip":true},{"start":{"line":0,"column":0},"end":{"line":0,"column":0},"skip":true}]},"5":{"line":15,"type":"cond-expr","locations":[{"start":{"line":0,"column":0},"end":{"line":0,"column":0},"skip":true},{"start":{"line":0,"column":0},"end":{"line":0,"column":0},"skip":true}]},"6":{"line":15,"type":"binary-expr","locations":[{"start":{"line":0,"column":0},"end":{"line":0,"column":0},"skip":true},{"start":{"line":0,"column":0},"end":{"line":0,"column":0},"skip":true}]},"7":{"line":17,"type":"if","locations":[{"start":{"line":0,"column":0},"end":{"line":0,"column":0},"skip":true},{"start":{"line":0,"column":0},"end":{"line":0,"column":0},"skip":true}]},"8":{"line":35,"type":"if","locations":[{"start":{"line":16,"column":8},"end":{"line":16,"column":8}},{"start":{"line":16,"column":8},"end":{"line":16,"column":8}}]},"9":{"line":35,"type":"binary-expr","locations":[{"start":{"line":16,"column":12},"end":{"line":16,"column":12}},{"start":{"line":16,"column":28},"end":{"line":16,"column":8}}]},"10":{"line":80,"type":"cond-expr","locations":[{"start":{"line":67,"column":42},"end":{"line":67,"column":20}},{"start":{"line":67,"column":55},"end":{"line":67,"column":12}}]},"11":{"line":81,"type":"cond-expr","locations":[{"start":{"line":68,"column":42},"end":{"line":68,"column":20}},{"start":{"line":68,"column":55},"end":{"line":68,"column":12}}]},"12":{"line":82,"type":"cond-expr","locations":[{"start":{"line":69,"column":42},"end":{"line":69,"column":20}},{"start":{"line":69,"column":55},"end":{"line":69,"column":12}}]},"13":{"line":83,"type":"cond-expr","locations":[{"start":{"line":70,"column":42},"end":{"line":70,"column":20}},{"start":{"line":70,"column":55},"end":{"line":70,"column":12}}]},"14":{"line":84,"type":"cond-expr","locations":[{"start":{"line":71,"column":42},"end":{"line":71,"column":20}},{"start":{"line":71,"column":55},"end":{"line":71,"column":12}}]},"15":{"line":85,"type":"cond-expr","locations":[{"start":{"line":72,"column":42},"end":{"line":72,"column":20}},{"start":{"line":72,"column":55},"end":{"line":72,"column":12}}]},"16":{"line":91,"type":"if","locations":[{"start":{"line":78,"column":12},"end":{"line":78,"column":12}},{"start":{"line":78,"column":12},"end":{"line":78,"column":12}}]},"17":{"line":91,"type":"binary-expr","locations":[{"start":{"line":78,"column":16},"end":{"line":78,"column":16}},{"start":{"line":78,"column":26},"end":{"line":78,"column":12}}]}}},"/home/mzhivodkov/projects/2gl/src/math/Line3.js":{"path":"/home/mzhivodkov/projects/2gl/src/math/Line3.js","s":{"1":1,"2":1,"3":1,"4":1,"5":3,"6":3,"7":3,"8":3,"9":3,"10":3,"11":1,"12":1,"13":1,"14":1,"15":0,"16":1,"17":1,"18":1,"19":1,"20":7,"21":0,"22":1,"23":1,"24":7,"25":7,"26":7,"27":1,"28":4,"29":4,"30":4,"31":4,"32":4,"33":4,"34":4,"35":4,"36":2,"37":4,"38":2,"39":2,"40":2,"41":2,"42":2,"43":2,"44":3,"45":3,"46":3,"47":1,"48":1,"49":1},"b":{"1":[3,3],"2":[3,0],"3":[1,0],"4":[0,1],"5":[0,7],"6":[7,0],"7":[7,0],"8":[2,2],"9":[2,2],"10":[3,1]},"f":{"1":1,"2":1,"3":1,"4":7,"5":1,"6":7,"7":4,"8":2,"9":3},"fnMap":{"1":{"name":"(anonymous_1)","line":7,"loc":{"start":{"line":0,"column":0},"end":{"line":0,"column":0},"skip":true},"skip":true},"2":{"name":"defineProperties","line":7,"loc":{"start":{"line":0,"column":0},"end":{"line":0,"column":0},"skip":true},"skip":true},"3":{"name":"(anonymous_3)","line":7,"loc":{"start":{"line":0,"column":0},"end":{"line":0,"column":0},"skip":true},"skip":true},"4":{"name":"_classCallCheck","line":13,"loc":{"start":{"line":0,"column":0},"end":{"line":0,"column":0},"skip":true},"skip":true},"5":{"name":"(anonymous_5)","line":21,"loc":{"start":{"line":0,"column":0},"end":{"line":0,"column":0},"skip":true},"skip":true},"6":{"name":"Line3","line":27,"loc":{"start":{"line":14,"column":4},"end":{"line":14,"column":28}}},"7":{"name":"closestPointToPointParameter","line":45,"loc":{"start":{"line":0,"column":0},"end":{"line":0,"column":0},"skip":true},"skip":true},"8":{"name":"closestPointToPoint","line":75,"loc":{"start":{"line":0,"column":0},"end":{"line":0,"column":0},"skip":true},"skip":true},"9":{"name":"delta","line":94,"loc":{"start":{"line":0,"column":0},"end":{"line":0,"column":0},"skip":true},"skip":true}},"statementMap":{"1":{"start":{"line":0,"column":0},"end":{"line":0,"column":0},"skip":true},"2":{"start":{"line":0,"column":0},"end":{"line":0,"column":0},"skip":true},"3":{"start":{"line":0,"column":0},"end":{"line":0,"column":0},"skip":true},"4":{"start":{"line":0,"column":0},"end":{"line":0,"column":0},"skip":true},"5":{"start":{"line":0,"column":0},"end":{"line":0,"column":0},"skip":true},"6":{"start":{"line":0,"column":0},"end":{"line":0,"column":0},"skip":true},"7":{"start":{"line":0,"column":0},"end":{"line":0,"column":0},"skip":true},"8":{"start":{"line":0,"column":0},"end":{"line":0,"column":0},"skip":true},"9":{"start":{"line":0,"column":0},"end":{"line":0,"column":0},"skip":true},"10":{"start":{"line":0,"column":0},"end":{"line":0,"column":0},"skip":true},"11":{"start":{"line":0,"column":0},"end":{"line":0,"column":0},"skip":true},"12":{"start":{"line":0,"column":0},"end":{"line":0,"column":0},"skip":true},"13":{"start":{"line":0,"column":0},"end":{"line":0,"column":0},"skip":true},"14":{"start":{"line":0,"column":0},"end":{"line":0,"column":0},"skip":true},"15":{"start":{"line":0,"column":0},"end":{"line":0,"column":0},"skip":true},"16":{"start":{"line":0,"column":0},"end":{"line":0,"column":0},"skip":true},"17":{"start":{"line":1,"column":-15},"end":{"line":1,"column":-15}},"18":{"start":{"line":2,"column":0},"end":{"line":2,"column":0}},"19":{"start":{"line":0,"column":0},"end":{"line":0,"column":0},"skip":true},"20":{"start":{"line":0,"column":0},"end":{"line":0,"column":0},"skip":true},"21":{"start":{"line":0,"column":0},"end":{"line":0,"column":0},"skip":true},"22":{"start":{"line":0,"column":0},"end":{"line":0,"column":0},"skip":true},"23":{"start":{"line":14,"column":4},"end":{"line":17,"column":5}},"24":{"start":{"line":14,"column":28},"end":{"line":14,"column":28}},"25":{"start":{"line":15,"column":8},"end":{"line":15,"column":8}},"26":{"start":{"line":16,"column":8},"end":{"line":16,"column":8}},"27":{"start":{"line":0,"column":0},"end":{"line":0,"column":0},"skip":true},"28":{"start":{"line":27,"column":8},"end":{"line":27,"column":8}},"29":{"start":{"line":28,"column":8},"end":{"line":28,"column":8}},"30":{"start":{"line":30,"column":8},"end":{"line":30,"column":8}},"31":{"start":{"line":31,"column":8},"end":{"line":31,"column":8}},"32":{"start":{"line":33,"column":8},"end":{"line":33,"column":8}},"33":{"start":{"line":34,"column":8},"end":{"line":34,"column":8}},"34":{"start":{"line":36,"column":8},"end":{"line":36,"column":8}},"35":{"start":{"line":38,"column":8},"end":{"line":40,"column":9}},"36":{"start":{"line":39,"column":12},"end":{"line":39,"column":12}},"37":{"start":{"line":42,"column":8},"end":{"line":42,"column":8}},"38":{"start":{"line":54,"column":8},"end":{"line":54,"column":8}},"39":{"start":{"line":56,"column":8},"end":{"line":56,"column":8}},"40":{"start":{"line":57,"column":8},"end":{"line":57,"column":8}},"41":{"start":{"line":58,"column":8},"end":{"line":58,"column":8}},"42":{"start":{"line":59,"column":8},"end":{"line":59,"column":8}},"43":{"start":{"line":61,"column":8},"end":{"line":61,"column":8}},"44":{"start":{"line":71,"column":8},"end":{"line":71,"column":8}},"45":{"start":{"line":72,"column":8},"end":{"line":72,"column":8}},"46":{"start":{"line":73,"column":8},"end":{"line":73,"column":8}},"47":{"start":{"line":0,"column":0},"end":{"line":0,"column":0},"skip":true},"48":{"start":{"line":0,"column":0},"end":{"line":0,"column":0},"skip":true},"49":{"start":{"line":0,"column":0},"end":{"line":0,"column":0},"skip":true}},"branchMap":{"1":{"line":7,"type":"binary-expr","locations":[{"start":{"line":0,"column":0},"end":{"line":0,"column":0},"skip":true},{"start":{"line":0,"column":0},"end":{"line":0,"column":0},"skip":true}]},"2":{"line":7,"type":"if","locations":[{"start":{"line":0,"column":0},"end":{"line":0,"column":0},"skip":true},{"start":{"line":0,"column":0},"end":{"line":0,"column":0},"skip":true}]},"3":{"line":7,"type":"if","locations":[{"start":{"line":0,"column":0},"end":{"line":0,"column":0},"skip":true},{"start":{"line":0,"column":0},"end":{"line":0,"column":0},"skip":true}]},"4":{"line":7,"type":"if","locations":[{"start":{"line":0,"column":0},"end":{"line":0,"column":0},"skip":true},{"start":{"line":0,"column":0},"end":{"line":0,"column":0},"skip":true}]},"5":{"line":13,"type":"if","locations":[{"start":{"line":0,"column":0},"end":{"line":0,"column":0},"skip":true},{"start":{"line":0,"column":0},"end":{"line":0,"column":0},"skip":true}]},"6":{"line":30,"type":"binary-expr","locations":[{"start":{"line":15,"column":21},"end":{"line":15,"column":21}},{"start":{"line":15,"column":30},"end":{"line":15,"column":8}}]},"7":{"line":31,"type":"binary-expr","locations":[{"start":{"line":16,"column":19},"end":{"line":16,"column":19}},{"start":{"line":16,"column":26},"end":{"line":16,"column":8}}]},"8":{"line":57,"type":"if","locations":[{"start":{"line":38,"column":8},"end":{"line":38,"column":8}},{"start":{"line":38,"column":8},"end":{"line":38,"column":8}}]},"9":{"line":78,"type":"binary-expr","locations":[{"start":{"line":56,"column":21},"end":{"line":56,"column":21}},{"start":{"line":56,"column":39},"end":{"line":56,"column":8}}]},"10":{"line":95,"type":"binary-expr","locations":[{"start":{"line":71,"column":23},"end":{"line":71,"column":23}},{"start":{"line":71,"column":41},"end":{"line":71,"column":8}}]}}}}