TN:
SF:/home/mzhivodkov/projects/2gl/src/cameras/Camera.js
FN:7,(anonymous_1)
FN:7,defineProperties
FN:7,(anonymous_3)
FN:9,get
FN:17,_interopRequireDefault
FN:19,_classCallCheck
FN:21,_possibleConstructorReturn
FN:23,_inherits
FN:31,(anonymous_9)
FN:34,Camera
FN:74,updateProjectionMatrix
FN:82,updateWorldMatrix
FN:97,project
FN:111,unproject
FN:130,lookAt
FNF:15
FNH:15
FNDA:1,(anonymous_1)
FNDA:1,defineProperties
FNDA:1,(anonymous_3)
FNDA:13,get
FNDA:1,_interopRequireDefault
FNDA:78,_classCallCheck
FNDA:78,_possibleConstructorReturn
FNDA:1,_inherits
FNDA:1,(anonymous_9)
FNDA:78,Camera
FNDA:1,updateProjectionMatrix
FNDA:13,updateWorldMatrix
FNDA:1,project
FNDA:1,unproject
FNDA:0,lookAt
DA:0,78
DA:1,1
DA:2,1
DA:10,78
DA:17,78
DA:23,78
DA:29,78
DA:35,78
DA:48,13
DA:50,13
DA:51,13
DA:60,1
DA:61,1
DA:62,1
DA:71,1
DA:72,1
DA:73,1
DA:75,1
DA:76,1
DA:77,1
DA:79,1
DA:87,0
DA:88,0
DA:89,0
DA:90,0
DA:91,0
DA:92,0
DA:94,0
LF:28
LH:21
BRDA:7,1,0,5
BRDA:7,1,1,5
BRDA:7,2,0,5
BRDA:7,2,1,0
BRDA:7,3,0,1
BRDA:7,3,1,0
BRDA:7,4,0,0
BRDA:7,4,1,1
BRDA:9,5,0,0
BRDA:9,5,1,13
BRDA:9,6,0,0
BRDA:9,6,1,13
BRDA:9,7,0,0
BRDA:9,7,1,0
BRDA:9,8,0,13
BRDA:9,8,1,0
BRDA:9,9,0,0
BRDA:9,9,1,0
BRDA:17,10,0,0
BRDA:17,10,1,1
BRDA:17,11,0,1
BRDA:17,11,1,1
BRDA:19,12,0,0
BRDA:19,12,1,78
BRDA:21,13,0,0
BRDA:21,13,1,78
BRDA:21,14,0,0
BRDA:21,14,1,78
BRDA:21,15,0,78
BRDA:21,15,1,0
BRDA:21,15,2,0
BRDA:23,16,0,0
BRDA:23,16,1,1
BRDA:23,17,0,1
BRDA:23,17,1,0
BRDA:23,18,0,1
BRDA:23,18,1,1
BRDA:23,19,0,1
BRDA:23,19,1,0
BRDA:23,20,0,1
BRDA:23,20,1,0
BRF:41
BRH:41
end_of_record
TN:
SF:/home/mzhivodkov/projects/2gl/src/Object3D.js
FN:7,(anonymous_1)
FN:7,defineProperties
FN:7,(anonymous_3)
FN:17,_interopRequireDefault
FN:19,_classCallCheck
FN:26,(anonymous_6)
FN:27,Object3D
FN:109,add
FN:127,remove
FN:145,render
FN:164,updateLocalMatrix
FN:178,updateWorldMatrix
FN:185,(anonymous_13)
FN:200,getWorldPosition
FN:211,traverse
FN:214,(anonymous_16)
FN:228,traverseVisible
FN:235,(anonymous_18)
FN:249,typifyForRender
FN:256,(anonymous_20)
FNF:20
FNH:19
FNDA:1,(anonymous_1)
FNDA:1,defineProperties
FNDA:1,(anonymous_3)
FNDA:1,_interopRequireDefault
FNDA:280,_classCallCheck
FNDA:1,(anonymous_6)
FNDA:280,Object3D
FNDA:15,add
FNDA:3,remove
FNDA:10,render
FNDA:29,updateLocalMatrix
FNDA:26,updateWorldMatrix
FNDA:1,(anonymous_13)
FNDA:2,getWorldPosition
FNDA:2,traverse
FNDA:1,(anonymous_16)
FNDA:6,traverseVisible
FNDA:2,(anonymous_18)
FNDA:7,typifyForRender
FNDA:0,(anonymous_20)
DA:0,280
DA:1,1
DA:2,1
DA:3,1
DA:10,280
DA:16,280
DA:22,280
DA:28,280
DA:36,280
DA:42,280
DA:48,280
DA:54,280
DA:61,280
DA:67,280
DA:73,280
DA:79,280
DA:87,15
DA:88,1
DA:91,15
DA:92,15
DA:94,15
DA:102,3
DA:104,3
DA:105,2
DA:106,2
DA:109,3
DA:117,10
DA:119,9
DA:120,1
DA:123,9
DA:131,29
DA:133,29
DA:135,29
DA:142,26
DA:143,2
DA:145,24
DA:148,26
DA:150,26
DA:152,26
DA:159,2
DA:167,2
DA:169,2
DA:171,2
DA:179,6
DA:181,4
DA:183,4
DA:185,4
DA:193,7
DA:195,7
DA:197,7
DA:199,7
LF:51
LH:51
BRDA:7,1,0,9
BRDA:7,1,1,9
BRDA:7,2,0,9
BRDA:7,2,1,0
BRDA:7,3,0,1
BRDA:7,3,1,0
BRDA:7,4,0,0
BRDA:7,4,1,1
BRDA:17,5,0,0
BRDA:17,5,1,1
BRDA:17,6,0,1
BRDA:17,6,1,1
BRDA:19,7,0,0
BRDA:19,7,1,280
BRDA:110,8,0,1
BRDA:110,8,1,14
BRDA:130,9,0,2
BRDA:130,9,1,1
BRDA:146,10,0,1
BRDA:146,10,1,9
BRDA:150,11,0,1
BRDA:150,11,1,8
BRDA:179,12,0,2
BRDA:179,12,1,24
BRDA:229,13,0,2
BRDA:229,13,1,4
BRDA:250,14,0,0
BRDA:250,14,1,7
BRF:28
BRH:27
end_of_record
TN:
SF:/home/mzhivodkov/projects/2gl/src/libConstants.js
FNF:0
FNH:0
DA:0,1
LF:1
LH:1
BRF:0
BRH:0
end_of_record
TN:
SF:/home/mzhivodkov/projects/2gl/src/renderer/plugins/CommonPlugin.js
FN:7,(anonymous_1)
FN:7,defineProperties
FN:7,(anonymous_3)
FN:21,_interopRequireDefault
FN:23,_classCallCheck
FN:25,_possibleConstructorReturn
FN:27,_inherits
FN:35,(anonymous_8)
FN:38,CommonPlugin
FN:60,render
FN:75,(anonymous_11)
FN:84,_renderOrderSort
FNF:12
FNH:12
FNDA:1,(anonymous_1)
FNDA:1,defineProperties
FNDA:1,(anonymous_3)
FNDA:3,_interopRequireDefault
FNDA:43,_classCallCheck
FNDA:43,_possibleConstructorReturn
FNDA:1,_inherits
FNDA:1,(anonymous_8)
FNDA:43,CommonPlugin
FNDA:7,render
FNDA:7,(anonymous_11)
FNDA:0,_renderOrderSort
DA:0,43
DA:1,1
DA:2,1
DA:3,1
DA:11,43
DA:18,43
DA:26,7
DA:28,7
DA:29,7
DA:31,7
DA:32,7
DA:33,7
DA:34,7
DA:36,7
DA:37,7
DA:40,7
DA:41,7
DA:43,7
DA:47,0
DA:51,1
LF:20
LH:19
BRDA:7,1,0,2
BRDA:7,1,1,2
BRDA:7,2,0,2
BRDA:7,2,1,0
BRDA:7,3,0,1
BRDA:7,3,1,0
BRDA:7,4,0,0
BRDA:7,4,1,1
BRDA:21,5,0,0
BRDA:21,5,1,3
BRDA:21,6,0,3
BRDA:21,6,1,3
BRDA:23,7,0,0
BRDA:23,7,1,43
BRDA:25,8,0,0
BRDA:25,8,1,43
BRDA:25,9,0,0
BRDA:25,9,1,43
BRDA:25,10,0,43
BRDA:25,10,1,0
BRDA:25,10,2,0
BRDA:27,11,0,0
BRDA:27,11,1,1
BRDA:27,12,0,1
BRDA:27,12,1,0
BRDA:27,13,0,1
BRDA:27,13,1,1
BRDA:27,14,0,1
BRDA:27,14,1,0
BRDA:27,15,0,1
BRDA:27,15,1,0
BRDA:71,16,0,7
BRDA:71,16,1,0
BRF:33
BRH:32
end_of_record
TN:
SF:/home/mzhivodkov/projects/2gl/src/renderer/RendererPlugin.js
FN:7,(anonymous_1)
FN:7,defineProperties
FN:7,(anonymous_3)
FN:9,_classCallCheck
FN:18,(anonymous_5)
FN:19,RendererPlugin
FN:33,render
FN:44,addObject
FNF:8
FNH:8
FNDA:1,(anonymous_1)
FNDA:1,defineProperties
FNDA:1,(anonymous_3)
FNDA:172,_classCallCheck
FNDA:1,(anonymous_5)
FNDA:172,RendererPlugin
FNDA:0,render
FNDA:13,addObject
DA:0,172
DA:8,172
DA:9,172
DA:17,0
DA:25,13
DA:26,13
LF:6
LH:5
BRDA:7,1,0,2
BRDA:7,1,1,2
BRDA:7,2,0,2
BRDA:7,2,1,0
BRDA:7,3,0,1
BRDA:7,3,1,0
BRDA:7,4,0,0
BRDA:7,4,1,1
BRDA:9,5,0,0
BRDA:9,5,1,172
BRF:10
BRH:10
end_of_record
TN:
SF:/home/mzhivodkov/projects/2gl/src/renderer/Renderer.js
FN:7,(anonymous_1)
FN:7,defineProperties
FN:7,(anonymous_3)
FN:9,_classCallCheck
FN:26,(anonymous_5)
FN:27,Renderer
FN:63,(anonymous_7)
FN:78,setPixelRatio
FN:91,getPixelRatio
FN:103,setSize
FN:127,setViewport
FN:144,getSize
FN:155,setRenderTarget
FN:171,readPixels
FN:191,clear
FN:208,render
FN:235,(anonymous_17)
FN:254,addPlugin
FN:259,(anonymous_19)
FN:271,removePlugin
FN:272,(anonymous_21)
FNF:21
FNH:20
FNDA:1,(anonymous_1)
FNDA:2,defineProperties
FNDA:1,(anonymous_3)
FNDA:43,_classCallCheck
FNDA:1,(anonymous_5)
FNDA:43,Renderer
FNDA:172,(anonymous_7)
FNDA:1,setPixelRatio
FNDA:3,getPixelRatio
FNDA:13,setSize
FNDA:16,setViewport
FNDA:8,getSize
FNDA:5,setRenderTarget
FNDA:4,readPixels
FNDA:6,clear
FNDA:7,render
FNDA:28,(anonymous_17)
FNDA:6,addPlugin
FNDA:17,(anonymous_19)
FNDA:0,removePlugin
FNDA:0,(anonymous_21)
DA:0,43
DA:16,43
DA:17,43
DA:19,43
DA:20,6
DA:23,6
DA:27,6
DA:30,37
DA:33,43
DA:39,43
DA:45,43
DA:46,43
DA:48,43
DA:49,43
DA:50,43
DA:51,172
DA:52,172
DA:53,172
DA:62,1
DA:64,1
DA:72,3
DA:81,13
DA:86,13
DA:87,3
DA:88,3
DA:89,3
DA:90,3
DA:93,13
DA:95,13
DA:105,16
DA:106,2
DA:108,14
DA:111,16
DA:119,8
DA:127,5
DA:128,5
DA:140,4
DA:142,4
DA:143,2
DA:144,2
DA:145,2
DA:147,2
DA:150,4
DA:157,6
DA:159,6
DA:160,6
DA:162,6
DA:171,7
DA:173,7
DA:175,7
DA:176,2
DA:179,7
DA:180,7
DA:182,7
DA:183,6
DA:186,7
DA:187,7
DA:189,7
DA:197,7
DA:198,28
DA:201,7
DA:202,2
DA:205,7
DA:214,6
DA:218,17
DA:226,0
DA:227,0
DA:228,0
DA:229,0
DA:235,1
LF:70
LH:66
BRDA:7,1,0,11
BRDA:7,1,1,11
BRDA:7,2,0,11
BRDA:7,2,1,0
BRDA:7,3,0,1
BRDA:7,3,1,0
BRDA:7,4,0,1
BRDA:7,4,1,0
BRDA:9,5,0,0
BRDA:9,5,1,43
BRDA:32,6,0,43
BRDA:32,6,1,7
BRDA:34,7,0,6
BRDA:34,7,1,37
BRDA:35,8,0,1
BRDA:35,8,1,5
BRDA:38,9,0,1
BRDA:38,9,1,5
BRDA:41,10,0,6
BRDA:41,10,1,2
BRDA:46,11,0,43
BRDA:46,11,1,13
BRDA:52,12,0,1
BRDA:52,12,1,42
BRDA:58,13,0,43
BRDA:58,13,1,42
BRDA:106,14,0,3
BRDA:106,14,1,10
BRDA:128,15,0,2
BRDA:128,15,1,14
BRDA:128,16,0,16
BRDA:128,16,1,2
BRDA:174,17,0,2
BRDA:174,17,1,2
BRDA:213,18,0,2
BRDA:213,18,1,5
BRDA:220,19,0,6
BRDA:220,19,1,1
BRDA:239,20,0,2
BRDA:239,20,1,5
BRDA:273,21,0,0
BRDA:273,21,1,0
BRF:42
BRH:40
end_of_record
TN:
SF:/home/mzhivodkov/projects/2gl/src/Scene.js
FN:7,(anonymous_1)
FN:7,defineProperties
FN:7,(anonymous_3)
FN:13,_interopRequireDefault
FN:15,_classCallCheck
FN:17,_possibleConstructorReturn
FN:19,_inherits
FN:27,(anonymous_8)
FN:30,Scene
FN:47,addLight
FN:60,getLights
FNF:11
FNH:11
FNDA:1,(anonymous_1)
FNDA:1,defineProperties
FNDA:1,(anonymous_3)
FNDA:1,_interopRequireDefault
FNDA:61,_classCallCheck
FNDA:61,_possibleConstructorReturn
FNDA:1,_inherits
FNDA:1,(anonymous_8)
FNDA:61,Scene
FNDA:1,addLight
FNDA:3,getLights
DA:0,61
DA:1,1
DA:9,61
DA:12,61
DA:20,1
DA:22,1
DA:30,3
LF:7
LH:7
BRDA:7,1,0,2
BRDA:7,1,1,2
BRDA:7,2,0,2
BRDA:7,2,1,0
BRDA:7,3,0,1
BRDA:7,3,1,0
BRDA:7,4,0,0
BRDA:7,4,1,1
BRDA:13,5,0,0
BRDA:13,5,1,1
BRDA:13,6,0,1
BRDA:13,6,1,1
BRDA:15,7,0,0
BRDA:15,7,1,61
BRDA:17,8,0,0
BRDA:17,8,1,61
BRDA:17,9,0,0
BRDA:17,9,1,61
BRDA:17,10,0,61
BRDA:17,10,1,0
BRDA:17,10,2,0
BRDA:19,11,0,0
BRDA:19,11,1,1
BRDA:19,12,0,1
BRDA:19,12,1,0
BRDA:19,13,0,1
BRDA:19,13,1,1
BRDA:19,14,0,1
BRDA:19,14,1,0
BRDA:19,15,0,1
BRDA:19,15,1,0
BRF:31
BRH:31
end_of_record
TN:
SF:/home/mzhivodkov/projects/2gl/src/Buffer.js
FN:7,(anonymous_1)
FN:7,defineProperties
FN:7,(anonymous_3)
FN:9,_classCallCheck
FN:18,(anonymous_5)
FN:19,Buffer
FN:87,bind
FN:113,remove
FN:126,getArray
FN:138,getElement
FN:150,getTriangle
FN:164,concat
FN:185,subData
FN:200,_prepare
FN:215,_unprepare
FN:235,_toGlParam
FNF:16
FNH:16
FNDA:1,(anonymous_1)
FNDA:1,defineProperties
FNDA:1,(anonymous_3)
FNDA:319,_classCallCheck
FNDA:1,(anonymous_5)
FNDA:319,Buffer
FNDA:68,bind
FNDA:2,remove
FNDA:6,getArray
FNDA:583,getElement
FNDA:86,getTriangle
FNDA:2,concat
FNDA:0,subData
FNDA:67,_prepare
FNDA:69,_unprepare
FNDA:261,_toGlParam
DA:0,319
DA:8,319
DA:9,319
DA:15,319
DA:21,319
DA:28,319
DA:34,319
DA:40,319
DA:47,319
DA:56,319
DA:71,68
DA:72,67
DA:75,68
DA:76,67
DA:79,68
DA:80,60
DA:81,60
DA:82,8
DA:83,8
DA:86,68
DA:94,2
DA:96,2
DA:104,6
DA:113,583
DA:122,86
DA:124,86
DA:137,2
DA:138,2
DA:139,2
DA:140,2
DA:142,2
DA:143,2
DA:145,2
DA:155,0
DA:156,0
DA:158,0
DA:167,67
DA:168,67
DA:169,67
DA:170,67
DA:179,69
DA:181,2
DA:182,2
DA:184,2
DA:194,261
DA:195,143
DA:196,127
DA:197,85
DA:198,60
DA:199,1
DA:203,1
DA:204,1
DA:206,1
DA:207,1
DA:209,1
DA:210,1
LF:56
LH:53
BRDA:7,1,0,10
BRDA:7,1,1,10
BRDA:7,2,0,10
BRDA:7,2,1,0
BRDA:7,3,0,1
BRDA:7,3,1,0
BRDA:7,4,0,0
BRDA:7,4,1,1
BRDA:9,5,0,0
BRDA:9,5,1,319
BRDA:88,6,0,67
BRDA:88,6,1,1
BRDA:92,7,0,67
BRDA:92,7,1,1
BRDA:96,8,0,60
BRDA:96,8,1,8
BRDA:99,9,0,8
BRDA:99,9,1,0
BRDA:216,10,0,67
BRDA:216,10,1,2
BRDA:220,11,0,2
BRDA:220,11,1,0
BRDA:236,12,0,118
BRDA:236,12,1,143
BRDA:239,13,0,16
BRDA:239,13,1,127
BRDA:242,14,0,42
BRDA:242,14,1,85
BRDA:245,15,0,25
BRDA:245,15,1,60
BRDA:248,16,0,59
BRDA:248,16,1,1
BRDA:251,17,0,1
BRDA:251,17,1,0
BRF:34
BRH:31
end_of_record
TN:
SF:/home/mzhivodkov/projects/2gl/src/math/Box.js
FN:7,(anonymous_1)
FN:7,defineProperties
FN:7,(anonymous_3)
FN:11,_classCallCheck
FN:19,(anonymous_5)
FN:26,Box
FN:42,containsPoint
FN:53,expandByPoint
FNF:8
FNH:8
FNDA:1,(anonymous_1)
FNDA:1,defineProperties
FNDA:1,(anonymous_3)
FNDA:33,_classCallCheck
FNDA:1,(anonymous_5)
FNDA:33,Box
FNDA:7,containsPoint
FNDA:327,expandByPoint
DA:0,33
DA:1,1
DA:14,33
DA:15,33
DA:16,33
DA:25,7
DA:35,327
DA:36,327
DA:38,327
LF:9
LH:9
BRDA:7,1,0,2
BRDA:7,1,1,2
BRDA:7,2,0,2
BRDA:7,2,1,0
BRDA:7,3,0,1
BRDA:7,3,1,0
BRDA:7,4,0,0
BRDA:7,4,1,1
BRDA:11,5,0,0
BRDA:11,5,1,33
BRDA:29,6,0,33
BRDA:29,6,1,13
BRDA:30,7,0,33
BRDA:30,7,1,13
BRDA:43,8,0,7
BRDA:43,8,1,6
BRDA:43,8,2,5
BRDA:43,8,3,4
BRDA:43,8,4,3
BRDA:43,8,5,2
BRF:20
BRH:20
end_of_record
TN:
SF:/home/mzhivodkov/projects/2gl/src/Geometry.js
FN:7,(anonymous_1)
FN:7,defineProperties
FN:7,(anonymous_3)
FN:19,_interopRequireDefault
FN:21,_classCallCheck
FN:28,(anonymous_6)
FN:29,Geometry
FN:55,setBuffer
FN:69,getBuffer
FN:79,computeNormals
FN:117,getBoundingBox
FN:132,computeBoundingBox
FN:151,concat
FNF:13
FNH:13
FNDA:1,(anonymous_1)
FNDA:1,defineProperties
FNDA:1,(anonymous_3)
FNDA:2,_interopRequireDefault
FNDA:103,_classCallCheck
FNDA:1,(anonymous_6)
FNDA:103,Geometry
FNDA:296,setBuffer
FNDA:120,getBuffer
FNDA:2,computeNormals
FNDA:15,getBoundingBox
FNDA:11,computeBoundingBox
FNDA:1,concat
DA:0,103
DA:1,1
DA:2,1
DA:3,1
DA:10,103
DA:15,103
DA:22,103
DA:31,296
DA:33,296
DA:42,120
DA:49,2
DA:51,2
DA:53,1
DA:55,1
DA:56,1
DA:57,1
DA:59,1
DA:60,1
DA:62,1
DA:63,1
DA:64,1
DA:65,1
DA:67,1
DA:68,1
DA:69,1
DA:72,1
DA:74,1
DA:82,15
DA:83,9
DA:86,15
DA:94,11
DA:95,11
DA:97,11
DA:98,9
DA:99,324
DA:110,1
DA:111,1
LF:37
LH:37
BRDA:7,1,0,6
BRDA:7,1,1,6
BRDA:7,2,0,6
BRDA:7,2,1,0
BRDA:7,3,0,1
BRDA:7,3,1,0
BRDA:7,4,0,0
BRDA:7,4,1,1
BRDA:19,5,0,0
BRDA:19,5,1,2
BRDA:19,6,0,2
BRDA:19,6,1,2
BRDA:21,7,0,0
BRDA:21,7,1,103
BRDA:82,8,0,1
BRDA:82,8,1,1
BRDA:118,9,0,9
BRDA:118,9,1,6
BRDA:136,10,0,9
BRDA:136,10,1,2
BRF:20
BRH:20
end_of_record
TN:
SF:/home/mzhivodkov/projects/2gl/src/materials/BasicMeshMaterial.js
FN:7,(anonymous_1)
FN:7,defineProperties
FN:7,(anonymous_3)
FN:25,_interopRequireDefault
FN:27,_classCallCheck
FN:29,_possibleConstructorReturn
FN:31,_inherits
FN:45,(anonymous_8)
FN:48,BasicMeshMaterial
FN:74,_shaderProgramBind
FN:80,(anonymous_11)
FNF:11
FNH:11
FNDA:1,(anonymous_1)
FNDA:1,defineProperties
FNDA:1,(anonymous_3)
FNDA:4,_interopRequireDefault
FNDA:28,_classCallCheck
FNDA:28,_possibleConstructorReturn
FNDA:1,_inherits
FNDA:1,(anonymous_8)
FNDA:28,BasicMeshMaterial
FNDA:6,_shaderProgramBind
FNDA:6,(anonymous_11)
DA:0,28
DA:1,1
DA:2,1
DA:3,1
DA:4,1
DA:6,1
DA:18,28
DA:21,28
DA:22,28
DA:29,28
DA:35,28
DA:41,28
DA:44,6
DA:45,6
DA:46,6
DA:47,6
DA:50,6
DA:57,6
LF:18
LH:18
BRDA:7,1,0,1
BRDA:7,1,1,1
BRDA:7,2,0,1
BRDA:7,2,1,0
BRDA:7,3,0,1
BRDA:7,3,1,0
BRDA:7,4,0,0
BRDA:7,4,1,1
BRDA:25,5,0,0
BRDA:25,5,1,4
BRDA:25,6,0,4
BRDA:25,6,1,4
BRDA:27,7,0,0
BRDA:27,7,1,28
BRDA:29,8,0,0
BRDA:29,8,1,28
BRDA:29,9,0,0
BRDA:29,9,1,28
BRDA:29,10,0,28
BRDA:29,10,1,0
BRDA:29,10,2,0
BRDA:31,11,0,0
BRDA:31,11,1,1
BRDA:31,12,0,1
BRDA:31,12,1,0
BRDA:31,13,0,1
BRDA:31,13,1,1
BRDA:31,14,0,1
BRDA:31,14,1,0
BRDA:31,15,0,1
BRDA:31,15,1,0
BRF:31
BRH:31
end_of_record
TN:
SF:/home/mzhivodkov/projects/2gl/src/shaders/basic.frag.js
FNF:0
FNH:0
DA:1,1
LF:1
LH:1
BRF:0
BRH:0
end_of_record
TN:
SF:/home/mzhivodkov/projects/2gl/src/shaders/basic.vert.js
FNF:0
FNH:0
DA:1,1
LF:1
LH:1
BRF:0
BRH:0
end_of_record
TN:
SF:/home/mzhivodkov/projects/2gl/src/materials/Material.js
FN:7,(anonymous_1)
FN:7,defineProperties
FN:7,(anonymous_3)
FN:25,_interopRequireDefault
FN:27,_classCallCheck
FN:35,(anonymous_6)
FN:36,Material
FN:63,enable
FN:82,disable
FN:97,define
FN:116,typifyForRender
FN:125,_getCachedProgramKey
FN:128,(anonymous_13)
FN:136,_getCachedProgram
FN:141,_prepare
FN:164,_shaderProgramBind
FN:169,(anonymous_17)
FNF:17
FNH:15
FNDA:1,(anonymous_1)
FNDA:1,defineProperties
FNDA:1,(anonymous_3)
FNDA:3,_interopRequireDefault
FNDA:38,_classCallCheck
FNDA:1,(anonymous_6)
FNDA:38,Material
FNDA:7,enable
FNDA:7,disable
FNDA:0,define
FNDA:6,typifyForRender
FNDA:14,_getCachedProgramKey
FNDA:0,(anonymous_13)
FNDA:7,_getCachedProgram
FNDA:7,_prepare
FNDA:1,_shaderProgramBind
FNDA:0,(anonymous_17)
DA:0,38
DA:1,1
DA:2,1
DA:3,1
DA:4,1
DA:5,1
DA:7,1
DA:13,38
DA:14,38
DA:15,38
DA:20,38
DA:21,38
DA:27,38
DA:35,7
DA:36,7
DA:39,7
DA:41,7
DA:43,7
DA:51,7
DA:52,5
DA:54,7
DA:63,0
DA:64,0
DA:67,0
DA:79,6
DA:80,5
DA:82,1
DA:87,14
DA:89,14
DA:90,0
DA:93,14
DA:97,7
DA:101,7
DA:103,7
DA:104,0
DA:105,0
DA:108,7
DA:116,7
DA:122,1
DA:123,1
DA:124,1
DA:125,0
DA:128,1
DA:132,1
LF:44
LH:37
BRDA:7,1,0,8
BRDA:7,1,1,8
BRDA:7,2,0,8
BRDA:7,2,1,0
BRDA:7,3,0,1
BRDA:7,3,1,0
BRDA:7,4,0,0
BRDA:7,4,1,1
BRDA:25,5,0,0
BRDA:25,5,1,3
BRDA:25,6,0,3
BRDA:25,6,1,3
BRDA:27,7,0,0
BRDA:27,7,1,38
BRDA:64,8,0,7
BRDA:64,8,1,0
BRDA:83,9,0,5
BRDA:83,9,1,2
BRDA:98,10,0,0
BRDA:98,10,1,0
BRDA:117,11,0,5
BRDA:117,11,1,1
BRDA:129,12,0,0
BRDA:129,12,1,0
BRDA:144,13,0,0
BRDA:144,13,1,7
BRDA:144,14,0,7
BRDA:144,14,1,5
BRF:28
BRH:22
end_of_record
TN:
SF:/home/mzhivodkov/projects/2gl/src/materials/definitions.js
FNF:0
FNH:0
DA:0,1
LF:1
LH:1
BRF:0
BRH:0
end_of_record
TN:
SF:/home/mzhivodkov/projects/2gl/src/ShaderProgram.js
FN:3,(anonymous_1)
FN:3,defineProperties
FN:3,(anonymous_3)
FN:13,_interopRequireDefault
FN:15,_classCallCheck
FN:28,(anonymous_6)
FN:29,ShaderProgram
FN:41,(anonymous_8)
FN:47,(anonymous_9)
FN:65,enable
FN:93,bind
FN:117,disable
FN:126,_prepare
FN:133,_prepareShaders
FN:171,_addDefinitions
FN:172,(anonymous_16)
FN:182,_prepareAttributes
FN:189,_prepareUniforms
FNF:18
FNH:17
FNDA:1,(anonymous_1)
FNDA:1,defineProperties
FNDA:1,(anonymous_3)
FNDA:2,_interopRequireDefault
FNDA:113,_classCallCheck
FNDA:1,(anonymous_6)
FNDA:113,ShaderProgram
FNDA:617,(anonymous_8)
FNDA:444,(anonymous_9)
FNDA:29,enable
FNDA:37,bind
FNDA:21,disable
FNDA:27,_prepare
FNDA:27,_prepareShaders
FNDA:54,_addDefinitions
FNDA:0,(anonymous_16)
FNDA:27,_prepareAttributes
FNDA:27,_prepareUniforms
DA:0,113
DA:1,1
DA:2,1
DA:15,113
DA:16,113
DA:18,113
DA:19,113
DA:21,113
DA:22,113
DA:23,113
DA:24,617
DA:27,113
DA:28,113
DA:29,113
DA:30,444
DA:33,113
DA:35,113
DA:44,29
DA:45,27
DA:48,29
DA:50,29
DA:52,29
DA:53,69
DA:56,29
DA:67,37
DA:68,30
DA:69,77
DA:73,37
DA:74,21
DA:75,57
DA:79,37
DA:88,21
DA:89,68
DA:92,21
DA:96,27
DA:97,27
DA:98,27
DA:102,27
DA:103,27
DA:104,27
DA:106,27
DA:107,0
DA:108,0
DA:109,0
DA:112,27
DA:113,27
DA:114,27
DA:116,27
DA:117,0
DA:118,0
DA:119,0
DA:122,27
DA:123,27
DA:124,27
DA:125,27
DA:127,27
DA:128,0
DA:129,0
DA:130,0
DA:133,27
DA:134,27
DA:135,27
DA:139,54
DA:140,0
DA:141,0
DA:143,0
DA:149,27
DA:150,69
DA:155,27
DA:156,109
DA:161,1
DA:162,1
DA:163,1
DA:165,1
LF:74
LH:62
BRDA:3,1,0,8
BRDA:3,1,1,8
BRDA:3,2,0,8
BRDA:3,2,1,0
BRDA:3,3,0,1
BRDA:3,3,1,0
BRDA:3,4,0,0
BRDA:3,4,1,1
BRDA:13,5,0,0
BRDA:13,5,1,2
BRDA:13,6,0,2
BRDA:13,6,1,2
BRDA:15,7,0,0
BRDA:15,7,1,113
BRDA:34,8,0,113
BRDA:34,8,1,8
BRDA:36,9,0,113
BRDA:36,9,1,21
BRDA:37,10,0,113
BRDA:37,10,1,21
BRDA:40,11,0,113
BRDA:40,11,1,8
BRDA:46,12,0,113
BRDA:46,12,1,8
BRDA:51,13,0,113
BRDA:51,13,1,106
BRDA:66,14,0,27
BRDA:66,14,1,2
BRDA:70,15,0,0
BRDA:70,15,1,29
BRDA:94,16,0,30
BRDA:94,16,1,7
BRDA:100,17,0,21
BRDA:100,17,1,16
BRDA:138,18,0,0
BRDA:138,18,1,27
BRDA:148,19,0,0
BRDA:148,19,1,27
BRDA:159,20,0,0
BRDA:159,20,1,27
BRDA:173,21,0,0
BRDA:173,21,1,0
BRF:42
BRH:36
end_of_record
TN:
SF:/home/mzhivodkov/projects/2gl/src/ShaderAttribute.js
FN:3,(anonymous_1)
FN:3,defineProperties
FN:3,(anonymous_3)
FN:5,_classCallCheck
FN:14,(anonymous_5)
FN:15,ShaderAttribute
FN:25,setLocation
FN:31,enable
FN:39,bind
FN:45,disable
FNF:10
FNH:10
FNDA:1,(anonymous_1)
FNDA:1,defineProperties
FNDA:1,(anonymous_3)
FNDA:448,_classCallCheck
FNDA:1,(anonymous_5)
FNDA:448,ShaderAttribute
FNDA:69,setLocation
FNDA:71,enable
FNDA:57,bind
FNDA:70,disable
DA:0,448
DA:8,448
DA:9,448
DA:10,448
DA:11,448
DA:15,69
DA:16,69
DA:20,71
DA:21,63
DA:23,71
DA:27,57
DA:28,57
DA:32,70
DA:33,62
DA:35,70
DA:39,1
LF:16
LH:16
BRDA:3,1,0,4
BRDA:3,1,1,4
BRDA:3,2,0,4
BRDA:3,2,1,0
BRDA:3,3,0,1
BRDA:3,3,1,0
BRDA:3,4,0,0
BRDA:3,4,1,1
BRDA:5,5,0,0
BRDA:5,5,1,448
BRDA:32,6,0,63
BRDA:32,6,1,8
BRDA:46,7,0,62
BRDA:46,7,1,8
BRF:14
BRH:14
end_of_record
TN:
SF:/home/mzhivodkov/projects/2gl/src/ShaderUniform.js
FN:3,(anonymous_1)
FN:3,defineProperties
FN:3,(anonymous_3)
FN:5,_classCallCheck
FN:14,(anonymous_5)
FN:15,ShaderUniform
FN:25,setLocation
FN:31,bind
FNF:8
FNH:8
FNDA:1,(anonymous_1)
FNDA:1,defineProperties
FNDA:1,(anonymous_3)
FNDA:636,_classCallCheck
FNDA:1,(anonymous_5)
FNDA:636,ShaderUniform
FNDA:109,setLocation
FNDA:96,bind
DA:0,636
DA:8,636
DA:9,636
DA:10,636
DA:11,636
DA:15,109
DA:16,109
DA:20,96
DA:22,96
DA:23,1
DA:24,95
DA:25,1
DA:26,94
DA:27,27
DA:28,67
DA:29,14
DA:30,53
DA:31,3
DA:32,50
DA:33,1
DA:34,49
DA:35,1
DA:36,48
DA:37,1
DA:38,47
DA:39,1
DA:41,46
DA:44,96
DA:48,1
LF:29
LH:29
BRDA:3,1,0,2
BRDA:3,1,1,2
BRDA:3,2,0,2
BRDA:3,2,1,0
BRDA:3,3,0,1
BRDA:3,3,1,0
BRDA:3,4,0,0
BRDA:3,4,1,1
BRDA:5,5,0,0
BRDA:5,5,1,636
BRDA:34,6,0,1
BRDA:34,6,1,95
BRDA:36,7,0,1
BRDA:36,7,1,94
BRDA:38,8,0,27
BRDA:38,8,1,67
BRDA:40,9,0,14
BRDA:40,9,1,53
BRDA:42,10,0,3
BRDA:42,10,1,50
BRDA:44,11,0,1
BRDA:44,11,1,49
BRDA:46,12,0,1
BRDA:46,12,1,48
BRDA:48,13,0,1
BRDA:48,13,1,47
BRDA:50,14,0,1
BRDA:50,14,1,46
BRF:28
BRH:28
end_of_record
TN:
SF:/home/mzhivodkov/projects/2gl/src/renderer/plugins/TransparentPlugin.js
FN:7,(anonymous_1)
FN:7,defineProperties
FN:7,(anonymous_3)
FN:21,_interopRequireDefault
FN:23,_classCallCheck
FN:25,_possibleConstructorReturn
FN:27,_inherits
FN:35,(anonymous_8)
FN:38,TransparentPlugin
FN:55,render
FN:69,(anonymous_11)
FN:78,_sortObjects
FN:87,_reversePainterSortStable
FNF:13
FNH:12
FNDA:1,(anonymous_1)
FNDA:1,defineProperties
FNDA:1,(anonymous_3)
FNDA:3,_interopRequireDefault
FNDA:43,_classCallCheck
FNDA:43,_possibleConstructorReturn
FNDA:1,_inherits
FNDA:1,(anonymous_8)
FNDA:43,TransparentPlugin
FNDA:7,render
FNDA:0,(anonymous_11)
FNDA:7,_sortObjects
FNDA:0,_reversePainterSortStable
DA:0,43
DA:1,1
DA:2,1
DA:3,1
DA:11,43
DA:14,43
DA:22,7
DA:24,7
DA:25,7
DA:26,7
DA:28,7
DA:29,7
DA:31,7
DA:32,7
DA:35,7
DA:36,7
DA:38,7
DA:41,7
DA:42,7
DA:44,7
DA:48,0
DA:49,0
DA:52,0
DA:53,0
DA:55,0
DA:59,1
LF:26
LH:21
BRDA:7,1,0,3
BRDA:7,1,1,3
BRDA:7,2,0,3
BRDA:7,2,1,0
BRDA:7,3,0,1
BRDA:7,3,1,0
BRDA:7,4,0,0
BRDA:7,4,1,1
BRDA:21,5,0,0
BRDA:21,5,1,3
BRDA:21,6,0,3
BRDA:21,6,1,3
BRDA:23,7,0,0
BRDA:23,7,1,43
BRDA:25,8,0,0
BRDA:25,8,1,43
BRDA:25,9,0,0
BRDA:25,9,1,43
BRDA:25,10,0,43
BRDA:25,10,1,0
BRDA:25,10,2,0
BRDA:27,11,0,0
BRDA:27,11,1,1
BRDA:27,12,0,1
BRDA:27,12,1,0
BRDA:27,13,0,1
BRDA:27,13,1,1
BRDA:27,14,0,1
BRDA:27,14,1,0
BRDA:27,15,0,1
BRDA:27,15,1,0
BRDA:65,16,0,7
BRDA:65,16,1,0
BRDA:88,17,0,0
BRDA:88,17,1,0
BRF:35
BRH:32
end_of_record
TN:
SF:/home/mzhivodkov/projects/2gl/src/Mesh.js
FN:7,(anonymous_1)
FN:7,defineProperties
FN:7,(anonymous_3)
FN:17,_interopRequireDefault
FN:19,_classCallCheck
FN:21,_possibleConstructorReturn
FN:23,_inherits
FN:31,(anonymous_8)
FN:39,Mesh
FN:73,render
FN:103,typifyForRender
FN:110,(anonymous_12)
FNF:12
FNH:12
FNDA:1,(anonymous_1)
FNDA:1,defineProperties
FNDA:1,(anonymous_3)
FNDA:2,_interopRequireDefault
FNDA:30,_classCallCheck
FNDA:30,_possibleConstructorReturn
FNDA:1,_inherits
FNDA:1,(anonymous_8)
FNDA:30,Mesh
FNDA:6,render
FNDA:6,typifyForRender
FNDA:2,(anonymous_12)
DA:0,30
DA:1,1
DA:2,1
DA:14,30
DA:21,30
DA:27,30
DA:33,30
DA:41,6
DA:43,6
DA:45,5
DA:46,1
DA:49,5
DA:50,5
DA:52,5
DA:54,5
DA:56,5
DA:66,6
DA:68,4
DA:70,4
DA:72,4
LF:20
LH:20
BRDA:7,1,0,2
BRDA:7,1,1,2
BRDA:7,2,0,2
BRDA:7,2,1,0
BRDA:7,3,0,1
BRDA:7,3,1,0
BRDA:7,4,0,0
BRDA:7,4,1,1
BRDA:17,5,0,0
BRDA:17,5,1,2
BRDA:17,6,0,2
BRDA:17,6,1,2
BRDA:19,7,0,0
BRDA:19,7,1,30
BRDA:21,8,0,0
BRDA:21,8,1,30
BRDA:21,9,0,0
BRDA:21,9,1,30
BRDA:21,10,0,30
BRDA:21,10,1,0
BRDA:21,10,2,0
BRDA:23,11,0,0
BRDA:23,11,1,1
BRDA:23,12,0,1
BRDA:23,12,1,0
BRDA:23,13,0,1
BRDA:23,13,1,1
BRDA:23,14,0,1
BRDA:23,14,1,0
BRDA:23,15,0,1
BRDA:23,15,1,0
BRDA:76,16,0,1
BRDA:76,16,1,5
BRDA:80,17,0,1
BRDA:80,17,1,4
BRDA:104,18,0,2
BRDA:104,18,1,4
BRF:37
BRH:37
end_of_record
TN:
SF:/home/mzhivodkov/projects/2gl/src/materials/MultiSpriteMaterial.js
FN:7,(anonymous_1)
FN:7,defineProperties
FN:7,(anonymous_3)
FN:13,_interopRequireDefault
FN:15,_classCallCheck
FN:23,(anonymous_6)
FN:24,MultiSpriteMaterial
FN:45,setTexture
FN:58,getTexture
FN:63,enable
FN:77,disable
FNF:11
FNH:11
FNDA:1,(anonymous_1)
FNDA:1,defineProperties
FNDA:1,(anonymous_3)
FNDA:1,_interopRequireDefault
FNDA:20,_classCallCheck
FNDA:1,(anonymous_6)
FNDA:20,MultiSpriteMaterial
FNDA:3,setTexture
FNDA:2,getTexture
FNDA:5,enable
FNDA:5,disable
DA:0,20
DA:1,1
DA:9,20
DA:10,20
DA:11,20
DA:17,20
DA:25,3
DA:27,3
DA:35,2
DA:38,5
DA:39,5
DA:43,5
DA:44,2
LF:13
LH:13
BRDA:7,1,0,4
BRDA:7,1,1,4
BRDA:7,2,0,4
BRDA:7,2,1,0
BRDA:7,3,0,1
BRDA:7,3,1,0
BRDA:7,4,0,0
BRDA:7,4,1,1
BRDA:13,5,0,0
BRDA:13,5,1,1
BRDA:13,6,0,1
BRDA:13,6,1,1
BRDA:15,7,0,0
BRDA:15,7,1,20
BRDA:71,8,0,2
BRDA:71,8,1,3
BRF:16
BRH:16
end_of_record
TN:
SF:/home/mzhivodkov/projects/2gl/src/Texture.js
FN:7,(anonymous_1)
FN:7,defineProperties
FN:7,(anonymous_3)
FN:9,_classCallCheck
FN:15,(anonymous_5)
FN:21,Texture
FN:71,enable
FN:93,remove
FN:102,_prepare
FN:129,_toGlParam
FNF:10
FNH:10
FNDA:1,(anonymous_1)
FNDA:1,defineProperties
FNDA:1,(anonymous_3)
FNDA:26,_classCallCheck
FNDA:1,(anonymous_5)
FNDA:26,Texture
FNDA:18,enable
FNDA:3,remove
FNDA:25,_prepare
FNDA:100,_toGlParam
DA:0,26
DA:9,26
DA:10,26
DA:16,26
DA:22,26
DA:28,26
DA:34,26
DA:43,26
DA:54,18
DA:55,16
DA:58,18
DA:60,18
DA:61,10
DA:64,18
DA:74,3
DA:75,2
DA:78,3
DA:82,25
DA:84,25
DA:85,25
DA:86,25
DA:88,25
DA:89,10
DA:92,15
DA:95,25
DA:96,25
DA:98,25
DA:99,25
DA:101,25
DA:105,13
DA:108,25
DA:112,100
DA:114,50
DA:115,49
DA:116,49
DA:118,49
DA:119,23
DA:120,23
DA:124,1
DA:126,1
DA:127,1
DA:128,1
DA:129,1
DA:130,1
DA:131,1
LF:45
LH:45
BRDA:7,1,0,4
BRDA:7,1,1,4
BRDA:7,2,0,4
BRDA:7,2,1,0
BRDA:7,3,0,1
BRDA:7,3,1,0
BRDA:7,4,0,0
BRDA:7,4,1,1
BRDA:9,5,0,0
BRDA:9,5,1,26
BRDA:24,6,0,26
BRDA:24,6,1,9
BRDA:72,7,0,16
BRDA:72,7,1,2
BRDA:78,8,0,10
BRDA:78,8,1,8
BRDA:94,9,0,2
BRDA:94,9,1,1
BRDA:109,10,0,10
BRDA:109,10,1,15
BRDA:121,11,0,13
BRDA:121,11,1,12
BRDA:121,12,0,25
BRDA:121,12,1,15
BRDA:121,12,2,14
BRDA:130,13,0,50
BRDA:130,13,1,50
BRDA:134,14,0,1
BRDA:134,14,1,49
BRDA:137,15,0,0
BRDA:137,15,1,49
BRDA:140,16,0,0
BRDA:140,16,1,49
BRDA:144,17,0,26
BRDA:144,17,1,23
BRDA:147,18,0,0
BRDA:147,18,1,23
BRDA:150,19,0,23
BRDA:150,19,1,0
BRF:39
BRH:35
end_of_record
TN:
SF:/home/mzhivodkov/projects/2gl/src/MultiSprite.js
FN:7,(anonymous_1)
FN:7,defineProperties
FN:7,(anonymous_3)
FN:27,_interopRequireDefault
FN:29,_classCallCheck
FN:31,_possibleConstructorReturn
FN:33,_inherits
FN:43,(anonymous_8)
FN:51,MultiSprite
FN:84,setOpacity
FN:109,setPosition
FN:134,setElevation
FN:159,setSize
FN:184,setOffset
FN:209,setUV
FN:226,render
FN:264,typifyForRender
FN:272,(anonymous_18)
FN:280,_initArrays
FN:317,_initGeometry
FNF:20
FNH:19
FNDA:1,(anonymous_1)
FNDA:1,defineProperties
FNDA:1,(anonymous_3)
FNDA:4,_interopRequireDefault
FNDA:22,_classCallCheck
FNDA:22,_possibleConstructorReturn
FNDA:1,_inherits
FNDA:1,(anonymous_8)
FNDA:22,MultiSprite
FNDA:8,setOpacity
FNDA:8,setPosition
FNDA:8,setElevation
FNDA:8,setSize
FNDA:8,setOffset
FNDA:8,setUV
FNDA:5,render
FNDA:0,typifyForRender
FNDA:0,(anonymous_18)
FNDA:22,_initArrays
FNDA:22,_initGeometry
DA:0,22
DA:1,1
DA:2,1
DA:3,1
DA:4,1
DA:5,1
DA:19,22
DA:26,22
DA:32,22
DA:34,22
DA:35,22
DA:45,8
DA:46,8
DA:48,8
DA:49,8
DA:50,8
DA:51,8
DA:52,8
DA:53,8
DA:55,8
DA:57,8
DA:67,8
DA:68,8
DA:70,8
DA:71,8
DA:72,8
DA:73,8
DA:74,8
DA:75,8
DA:77,8
DA:79,8
DA:89,8
DA:90,8
DA:92,8
DA:93,8
DA:94,8
DA:95,8
DA:96,8
DA:97,8
DA:99,8
DA:101,8
DA:111,8
DA:112,8
DA:114,8
DA:115,8
DA:116,8
DA:117,8
DA:118,8
DA:119,8
DA:121,8
DA:123,8
DA:133,8
DA:134,8
DA:136,8
DA:137,8
DA:138,8
DA:139,8
DA:140,8
DA:141,8
DA:143,8
DA:145,8
DA:155,8
DA:156,8
DA:158,8
DA:159,8
DA:160,8
DA:161,8
DA:162,8
DA:163,8
DA:165,8
DA:167,8
DA:170,5
DA:172,5
DA:174,5
DA:183,5
DA:184,30
DA:185,0
DA:186,0
DA:190,5
DA:191,5
DA:192,5
DA:194,5
DA:205,0
DA:207,0
DA:209,0
DA:211,0
DA:215,22
DA:217,22
DA:227,22
DA:228,22
DA:230,22
DA:231,22
DA:232,22
DA:233,22
DA:235,22
DA:244,22
DA:245,7
DA:247,7
DA:249,7
DA:250,7
DA:251,7
DA:252,7
DA:253,7
DA:254,7
DA:259,22
DA:261,22
DA:262,22
DA:264,22
DA:265,22
DA:267,22
DA:268,22
DA:270,22
DA:271,22
DA:273,22
DA:274,22
DA:276,22
DA:278,22
LF:117
LH:111
BRDA:7,1,0,10
BRDA:7,1,1,10
BRDA:7,2,0,10
BRDA:7,2,1,0
BRDA:7,3,0,1
BRDA:7,3,1,0
BRDA:7,4,0,0
BRDA:7,4,1,1
BRDA:27,5,0,0
BRDA:27,5,1,4
BRDA:27,6,0,4
BRDA:27,6,1,4
BRDA:29,7,0,0
BRDA:29,7,1,22
BRDA:31,8,0,0
BRDA:31,8,1,22
BRDA:31,9,0,0
BRDA:31,9,1,22
BRDA:31,10,0,22
BRDA:31,10,1,0
BRDA:31,10,2,0
BRDA:33,11,0,0
BRDA:33,11,1,1
BRDA:33,12,0,1
BRDA:33,12,1,0
BRDA:33,13,0,1
BRDA:33,13,1,1
BRDA:33,14,0,1
BRDA:33,14,1,0
BRDA:33,15,0,1
BRDA:33,15,1,0
BRDA:242,16,0,0
BRDA:242,16,1,30
BRDA:266,17,0,0
BRDA:266,17,1,0
BRDA:266,18,0,0
BRDA:266,18,1,0
BRDA:307,19,0,7
BRDA:307,19,1,7
BRDA:308,20,0,7
BRDA:308,20,1,7
BRDA:309,21,0,7
BRDA:309,21,1,7
BRDA:310,22,0,0
BRDA:310,22,1,7
BRDA:312,23,0,7
BRDA:312,23,1,7
BRF:47
BRH:41
end_of_record
TN:
SF:/home/mzhivodkov/projects/2gl/src/renderer/plugins/MultiSpritePlugin.js
FN:7,(anonymous_1)
FN:7,defineProperties
FN:7,(anonymous_3)
FN:33,_interopRequireDefault
FN:35,_classCallCheck
FN:37,_possibleConstructorReturn
FN:39,_inherits
FN:45,(anonymous_8)
FN:48,MultiSpritePlugin
FN:74,render
FN:96,(anonymous_11)
FNF:11
FNH:10
FNDA:1,(anonymous_1)
FNDA:1,defineProperties
FNDA:1,(anonymous_3)
FNDA:6,_interopRequireDefault
FNDA:43,_classCallCheck
FNDA:43,_possibleConstructorReturn
FNDA:1,_inherits
FNDA:1,(anonymous_8)
FNDA:43,MultiSpritePlugin
FNDA:7,render
FNDA:0,(anonymous_11)
DA:0,43
DA:1,1
DA:2,1
DA:3,1
DA:4,1
DA:5,1
DA:6,1
DA:12,43
DA:15,43
DA:17,43
DA:36,43
DA:43,7
DA:44,7
DA:47,7
DA:49,7
DA:51,7
DA:52,7
DA:53,7
DA:55,7
DA:63,7
DA:65,7
DA:66,7
DA:68,7
DA:70,7
DA:74,1
LF:25
LH:25
BRDA:7,1,0,1
BRDA:7,1,1,1
BRDA:7,2,0,1
BRDA:7,2,1,0
BRDA:7,3,0,1
BRDA:7,3,1,0
BRDA:7,4,0,0
BRDA:7,4,1,1
BRDA:33,5,0,0
BRDA:33,5,1,6
BRDA:33,6,0,6
BRDA:33,6,1,6
BRDA:35,7,0,0
BRDA:35,7,1,43
BRDA:37,8,0,0
BRDA:37,8,1,43
BRDA:37,9,0,0
BRDA:37,9,1,43
BRDA:37,10,0,43
BRDA:37,10,1,0
BRDA:37,10,2,0
BRDA:39,11,0,0
BRDA:39,11,1,1
BRDA:39,12,0,1
BRDA:39,12,1,0
BRDA:39,13,0,1
BRDA:39,13,1,1
BRDA:39,14,0,1
BRDA:39,14,1,0
BRDA:39,15,0,1
BRDA:39,15,1,0
BRF:31
BRH:31
end_of_record
TN:
SF:/home/mzhivodkov/projects/2gl/src/shaders/multiSprite.frag.js
FNF:0
FNH:0
DA:1,1
LF:1
LH:1
BRF:0
BRH:0
end_of_record
TN:
SF:/home/mzhivodkov/projects/2gl/src/shaders/multiSprite.vert.js
FNF:0
FNH:0
DA:1,1
LF:1
LH:1
BRF:0
BRH:0
end_of_record
TN:
SF:/home/mzhivodkov/projects/2gl/src/math/Ray.js
FN:7,(anonymous_1)
FN:7,defineProperties
FN:7,(anonymous_3)
FN:11,_classCallCheck
FN:19,(anonymous_5)
FN:25,Ray
FN:49,clone
FN:61,at
FN:75,intersectBox
FN:154,applyMatrix4
FN:173,intersectTriangle
FN:250,distanceToPlane
FN:277,intersectPlane
FNF:13
FNH:13
FNDA:1,(anonymous_1)
FNDA:1,defineProperties
FNDA:1,(anonymous_3)
FNDA:50,_classCallCheck
FNDA:1,(anonymous_5)
FNDA:50,Ray
FNDA:11,clone
FNDA:25,at
FNDA:11,intersectBox
FNDA:9,applyMatrix4
FNDA:88,intersectTriangle
FNDA:4,distanceToPlane
FNDA:2,intersectPlane
DA:0,50
DA:1,1
DA:13,50
DA:18,50
DA:24,50
DA:32,11
DA:41,25
DA:42,25
DA:43,25
DA:52,11
DA:54,11
DA:55,11
DA:56,11
DA:58,11
DA:60,11
DA:61,11
DA:62,11
DA:64,0
DA:65,0
DA:68,11
DA:69,11
DA:70,11
DA:72,0
DA:73,0
DA:76,11
DA:80,10
DA:82,10
DA:84,10
DA:85,10
DA:86,10
DA:88,0
DA:89,0
DA:92,10
DA:94,9
DA:96,9
DA:99,9
DA:101,8
DA:109,9
DA:110,9
DA:111,9
DA:112,9
DA:113,9
DA:115,9
DA:126,88
DA:127,88
DA:128,88
DA:130,88
DA:131,88
DA:132,88
DA:139,88
DA:140,88
DA:142,88
DA:143,16
DA:144,15
DA:145,72
DA:146,16
DA:147,16
DA:149,56
DA:152,31
DA:153,31
DA:155,31
DA:156,31
DA:158,31
DA:161,31
DA:162,0
DA:165,31
DA:166,31
DA:167,31
DA:170,31
DA:171,1
DA:175,30
DA:176,8
DA:180,22
DA:183,22
DA:184,7
DA:188,15
DA:197,4
DA:199,4
DA:201,2
DA:202,0
DA:206,2
DA:209,2
DA:212,2
DA:221,2
DA:223,2
DA:224,1
DA:227,1
LF:87
LH:79
BRDA:7,1,0,7
BRDA:7,1,1,7
BRDA:7,2,0,7
BRDA:7,2,1,0
BRDA:7,3,0,1
BRDA:7,3,1,0
BRDA:7,4,0,0
BRDA:7,4,1,1
BRDA:11,5,0,0
BRDA:11,5,1,50
BRDA:32,6,0,50
BRDA:32,6,1,0
BRDA:38,7,0,50
BRDA:38,7,1,0
BRDA:89,8,0,11
BRDA:89,8,1,0
BRDA:97,9,0,11
BRDA:97,9,1,0
BRDA:105,10,0,1
BRDA:105,10,1,10
BRDA:105,11,0,11
BRDA:105,11,1,11
BRDA:111,12,0,0
BRDA:111,12,1,10
BRDA:111,13,0,10
BRDA:111,13,1,10
BRDA:115,14,0,0
BRDA:115,14,1,10
BRDA:115,15,0,10
BRDA:115,15,1,10
BRDA:119,16,0,10
BRDA:119,16,1,0
BRDA:127,17,0,1
BRDA:127,17,1,9
BRDA:127,18,0,10
BRDA:127,18,1,10
BRDA:131,19,0,0
BRDA:131,19,1,9
BRDA:131,20,0,9
BRDA:131,20,1,9
BRDA:135,21,0,0
BRDA:135,21,1,9
BRDA:135,22,0,9
BRDA:135,22,1,9
BRDA:140,23,0,1
BRDA:140,23,1,8
BRDA:144,24,0,5
BRDA:144,24,1,3
BRDA:191,25,0,16
BRDA:191,25,1,72
BRDA:192,26,0,1
BRDA:192,26,1,15
BRDA:196,27,0,16
BRDA:196,27,1,56
BRDA:212,28,0,0
BRDA:212,28,1,31
BRDA:221,29,0,1
BRDA:221,29,1,30
BRDA:226,30,0,8
BRDA:226,30,1,22
BRDA:234,31,0,7
BRDA:234,31,1,15
BRDA:253,32,0,2
BRDA:253,32,1,2
BRDA:255,33,0,0
BRDA:255,33,1,2
BRDA:266,34,0,2
BRDA:266,34,1,0
BRDA:280,35,0,1
BRDA:280,35,1,1
BRF:70
BRH:58
end_of_record
TN:
SF:/home/mzhivodkov/projects/2gl/src/Raycaster.js
FN:7,(anonymous_1)
FN:7,defineProperties
FN:7,(anonymous_3)
FN:19,_interopRequireDefault
FN:21,_defineProperty
FN:23,_classCallCheck
FN:30,(anonymous_7)
FN:38,Raycaster
FN:64,setFromCamera
FN:96,intersectObject
FN:122,intersectObjects
FN:127,(anonymous_12)
FN:144,intersectMesh
FN:195,_descSort
FNF:14
FNH:14
FNDA:1,(anonymous_1)
FNDA:1,defineProperties
FNDA:1,(anonymous_3)
FNDA:2,_interopRequireDefault
FNDA:21,_defineProperty
FNDA:21,_classCallCheck
FNDA:1,(anonymous_7)
FNDA:21,Raycaster
FNDA:0,setFromCamera
FNDA:10,intersectObject
FNDA:5,intersectObjects
FNDA:5,(anonymous_12)
FNDA:8,intersectMesh
FNDA:2,_descSort
DA:0,21
DA:1,1
DA:2,1
DA:3,1
DA:16,21
DA:17,21
DA:18,21
DA:19,21
DA:20,21
DA:26,21
DA:39,0
DA:40,0
DA:42,0
DA:43,0
DA:44,0
DA:45,0
DA:46,0
DA:48,0
DA:49,0
DA:50,0
DA:52,0
DA:54,0
DA:55,0
DA:56,0
DA:57,0
DA:69,10
DA:71,10
DA:73,10
DA:74,1
DA:75,9
DA:76,2
DA:79,10
DA:81,10
DA:91,5
DA:92,5
DA:94,5
DA:96,5
DA:107,8
DA:111,8
DA:112,8
DA:114,8
DA:115,8
DA:117,8
DA:119,8
DA:121,7
DA:123,7
DA:124,84
DA:126,84
DA:128,84
DA:130,14
DA:132,14
DA:134,14
DA:136,10
DA:143,7
DA:144,1
DA:147,7
DA:151,2
LF:57
LH:42
BRDA:7,1,0,5
BRDA:7,1,1,5
BRDA:7,2,0,5
BRDA:7,2,1,0
BRDA:7,3,0,1
BRDA:7,3,1,0
BRDA:7,4,0,0
BRDA:7,4,1,1
BRDA:19,5,0,0
BRDA:19,5,1,2
BRDA:19,6,0,2
BRDA:19,6,1,2
BRDA:21,7,0,0
BRDA:21,7,1,21
BRDA:23,8,0,0
BRDA:23,8,1,21
BRDA:43,9,0,21
BRDA:43,9,1,20
BRDA:44,10,0,21
BRDA:44,10,1,20
BRDA:65,11,0,0
BRDA:65,11,1,0
BRDA:73,12,0,0
BRDA:73,12,1,0
BRDA:97,13,0,10
BRDA:97,13,1,4
BRDA:101,14,0,1
BRDA:101,14,1,9
BRDA:101,15,0,10
BRDA:101,15,1,1
BRDA:103,16,0,2
BRDA:103,16,1,7
BRDA:125,17,0,5
BRDA:125,17,1,1
BRDA:145,18,0,8
BRDA:145,18,1,1
BRDA:157,19,0,1
BRDA:157,19,1,7
BRDA:168,20,0,70
BRDA:168,20,1,14
BRDA:176,21,0,4
BRDA:176,21,1,10
BRDA:176,22,0,14
BRDA:176,22,1,14
BRDA:176,22,2,12
BRDA:187,23,0,1
BRDA:187,23,1,6
BRF:47
BRH:43
end_of_record
TN:
SF:/home/mzhivodkov/projects/2gl/src/RenderTarget.js
FN:7,(anonymous_1)
FN:7,defineProperties
FN:7,(anonymous_3)
FN:13,_interopRequireDefault
FN:15,_classCallCheck
FN:24,(anonymous_6)
FN:25,RenderTarget
FN:41,bind
FN:63,unbind
FN:75,remove
FN:87,setSize
FN:101,_prepare
FN:132,_unprepare
FN:149,_checkComplete
FNF:14
FNH:14
FNDA:1,(anonymous_1)
FNDA:1,defineProperties
FNDA:1,(anonymous_3)
FNDA:1,_interopRequireDefault
FNDA:37,_classCallCheck
FNDA:1,(anonymous_6)
FNDA:37,RenderTarget
FNDA:10,bind
FNDA:5,unbind
FNDA:2,remove
FNDA:2,setSize
FNDA:9,_prepare
FNDA:3,_unprepare
FNDA:9,_checkComplete
DA:0,37
DA:1,1
DA:10,37
DA:11,37
DA:19,10
DA:20,1
DA:21,1
DA:24,10
DA:25,9
DA:28,10
DA:30,10
DA:38,5
DA:39,5
DA:47,2
DA:48,2
DA:56,2
DA:57,2
DA:58,2
DA:67,9
DA:68,9
DA:69,9
DA:71,9
DA:73,9
DA:74,9
DA:76,9
DA:77,9
DA:78,9
DA:80,9
DA:81,9
DA:83,9
DA:85,9
DA:86,9
DA:95,3
DA:96,1
DA:97,1
DA:98,1
DA:99,1
DA:109,9
DA:111,9
DA:112,9
DA:113,0
DA:114,0
DA:115,0
DA:116,0
DA:117,0
DA:118,0
DA:119,0
DA:120,0
DA:122,0
LF:49
LH:40
BRDA:7,1,0,7
BRDA:7,1,1,7
BRDA:7,2,0,7
BRDA:7,2,1,0
BRDA:7,3,0,1
BRDA:7,3,1,0
BRDA:7,4,0,0
BRDA:7,4,1,1
BRDA:13,5,0,0
BRDA:13,5,1,1
BRDA:13,6,0,1
BRDA:13,6,1,1
BRDA:15,7,0,0
BRDA:15,7,1,37
BRDA:26,8,0,0
BRDA:26,8,1,37
BRDA:26,9,0,37
BRDA:26,9,1,37
BRDA:42,10,0,1
BRDA:42,10,1,9
BRDA:47,11,0,9
BRDA:47,11,1,1
BRDA:133,12,0,1
BRDA:133,12,1,2
BRDA:152,13,0,9
BRDA:152,13,1,0
BRDA:154,14,0,0
BRDA:154,14,1,0
BRDA:156,15,0,0
BRDA:156,15,1,0
BRDA:158,16,0,0
BRDA:158,16,1,0
BRDA:160,17,0,0
BRDA:160,17,1,0
BRF:34
BRH:24
end_of_record
TN:
SF:/home/mzhivodkov/projects/2gl/src/lights/Light.js
FN:11,_interopRequireDefault
FN:13,_classCallCheck
FN:15,_possibleConstructorReturn
FN:17,_inherits
FN:26,(anonymous_5)
FN:33,Light
FNF:6
FNH:6
FNDA:1,_interopRequireDefault
FNDA:9,_classCallCheck
FNDA:9,_possibleConstructorReturn
FNDA:1,_inherits
FNDA:1,(anonymous_5)
FNDA:9,Light
DA:0,9
DA:1,1
DA:13,9
DA:20,9
LF:4
LH:4
BRDA:11,1,0,0
BRDA:11,1,1,1
BRDA:11,2,0,1
BRDA:11,2,1,1
BRDA:13,3,0,0
BRDA:13,3,1,9
BRDA:15,4,0,0
BRDA:15,4,1,9
BRDA:15,5,0,0
BRDA:15,5,1,9
BRDA:15,6,0,9
BRDA:15,6,1,0
BRDA:15,6,2,0
BRDA:17,7,0,0
BRDA:17,7,1,1
BRDA:17,8,0,1
BRDA:17,8,1,0
BRDA:17,9,0,1
BRDA:17,9,1,1
BRDA:17,10,0,1
BRDA:17,10,1,0
BRDA:17,11,0,1
BRDA:17,11,1,0
BRF:23
BRH:23
end_of_record
TN:
SF:/home/mzhivodkov/projects/2gl/src/materials/SpriteMaterial.js
FN:7,(anonymous_1)
FN:7,defineProperties
FN:7,(anonymous_3)
FN:13,_interopRequireDefault
FN:15,_classCallCheck
FN:23,(anonymous_6)
FN:24,SpriteMaterial
FN:46,setTexture
FN:59,getTexture
FN:64,enable
FN:87,disable
FNF:11
FNH:11
FNDA:1,(anonymous_1)
FNDA:1,defineProperties
FNDA:1,(anonymous_3)
FNDA:1,_interopRequireDefault
FNDA:16,_classCallCheck
FNDA:1,(anonymous_6)
FNDA:16,SpriteMaterial
FNDA:3,setTexture
FNDA:8,getTexture
FNDA:2,enable
FNDA:2,disable
DA:0,16
DA:1,1
DA:9,16
DA:10,16
DA:11,16
DA:12,16
DA:18,16
DA:26,3
DA:28,3
DA:36,8
DA:39,2
DA:40,2
DA:42,2
DA:51,2
DA:52,2
LF:15
LH:15
BRDA:7,1,0,4
BRDA:7,1,1,4
BRDA:7,2,0,4
BRDA:7,2,1,0
BRDA:7,3,0,1
BRDA:7,3,1,0
BRDA:7,4,0,0
BRDA:7,4,1,1
BRDA:13,5,0,0
BRDA:13,5,1,1
BRDA:13,6,0,1
BRDA:13,6,1,1
BRDA:15,7,0,0
BRDA:15,7,1,16
BRDA:81,8,0,2
BRDA:81,8,1,0
BRF:16
BRH:15
end_of_record
TN:
SF:/home/mzhivodkov/projects/2gl/src/Sprite.js
FN:7,(anonymous_1)
FN:7,defineProperties
FN:7,(anonymous_3)
FN:21,_interopRequireDefault
FN:23,_classCallCheck
FN:25,_possibleConstructorReturn
FN:27,_inherits
FN:37,(anonymous_8)
FN:44,Sprite
FN:72,render
FN:105,typifyForRender
FN:112,(anonymous_12)
FNF:12
FNH:11
FNDA:1,(anonymous_1)
FNDA:1,defineProperties
FNDA:1,(anonymous_3)
FNDA:2,_interopRequireDefault
FNDA:10,_classCallCheck
FNDA:10,_possibleConstructorReturn
FNDA:1,_inherits
FNDA:1,(anonymous_8)
FNDA:10,Sprite
FNDA:7,render
FNDA:0,typifyForRender
FNDA:0,(anonymous_12)
DA:0,10
DA:1,1
DA:2,1
DA:3,1
DA:4,1
DA:17,10
DA:24,10
DA:30,10
DA:36,10
DA:41,7
DA:43,2
DA:44,0
DA:47,2
DA:49,2
DA:51,2
DA:54,2
DA:56,2
DA:58,2
DA:68,0
DA:70,0
DA:72,0
DA:74,0
LF:22
LH:17
BRDA:7,1,0,2
BRDA:7,1,1,2
BRDA:7,2,0,2
BRDA:7,2,1,0
BRDA:7,3,0,1
BRDA:7,3,1,0
BRDA:7,4,0,0
BRDA:7,4,1,1
BRDA:21,5,0,0
BRDA:21,5,1,2
BRDA:21,6,0,2
BRDA:21,6,1,2
BRDA:23,7,0,0
BRDA:23,7,1,10
BRDA:25,8,0,0
BRDA:25,8,1,10
BRDA:25,9,0,0
BRDA:25,9,1,10
BRDA:25,10,0,10
BRDA:25,10,1,0
BRDA:25,10,2,0
BRDA:27,11,0,0
BRDA:27,11,1,1
BRDA:27,12,0,1
BRDA:27,12,1,0
BRDA:27,13,0,1
BRDA:27,13,1,1
BRDA:27,14,0,1
BRDA:27,14,1,0
BRDA:27,15,0,1
BRDA:27,15,1,0
BRDA:74,16,0,5
BRDA:74,16,1,2
BRDA:74,17,0,7
BRDA:74,17,1,6
BRDA:78,18,0,0
BRDA:78,18,1,2
BRDA:106,19,0,0
BRDA:106,19,1,0
BRF:39
BRH:36
end_of_record
TN:
SF:/home/mzhivodkov/projects/2gl/src/renderer/plugins/SpritePlugin.js
FN:7,(anonymous_1)
FN:7,defineProperties
FN:7,(anonymous_3)
FN:41,_interopRequireDefault
FN:43,_classCallCheck
FN:45,_possibleConstructorReturn
FN:47,_inherits
FN:53,(anonymous_8)
FN:56,SpritePlugin
FN:85,render
FN:109,(anonymous_11)
FNF:11
FNH:10
FNDA:1,(anonymous_1)
FNDA:1,defineProperties
FNDA:1,(anonymous_3)
FNDA:8,_interopRequireDefault
FNDA:43,_classCallCheck
FNDA:43,_possibleConstructorReturn
FNDA:1,_inherits
FNDA:1,(anonymous_8)
FNDA:43,SpritePlugin
FNDA:7,render
FNDA:0,(anonymous_11)
DA:0,43
DA:1,1
DA:2,1
DA:3,1
DA:4,1
DA:5,1
DA:6,1
DA:7,1
DA:8,1
DA:14,43
DA:17,43
DA:18,43
DA:36,43
DA:38,43
DA:58,43
DA:65,7
DA:68,7
DA:70,7
DA:72,7
DA:73,7
DA:74,7
DA:76,7
DA:87,7
DA:89,7
DA:90,7
DA:92,7
DA:94,7
DA:98,1
LF:28
LH:28
BRDA:7,1,0,1
BRDA:7,1,1,1
BRDA:7,2,0,1
BRDA:7,2,1,0
BRDA:7,3,0,1
BRDA:7,3,1,0
BRDA:7,4,0,0
BRDA:7,4,1,1
BRDA:41,5,0,0
BRDA:41,5,1,8
BRDA:41,6,0,8
BRDA:41,6,1,8
BRDA:43,7,0,0
BRDA:43,7,1,43
BRDA:45,8,0,0
BRDA:45,8,1,43
BRDA:45,9,0,0
BRDA:45,9,1,43
BRDA:45,10,0,43
BRDA:45,10,1,0
BRDA:45,10,2,0
BRDA:47,11,0,0
BRDA:47,11,1,1
BRDA:47,12,0,1
BRDA:47,12,1,0
BRDA:47,13,0,1
BRDA:47,13,1,1
BRDA:47,14,0,1
BRDA:47,14,1,0
BRDA:47,15,0,1
BRDA:47,15,1,0
BRF:31
BRH:31
end_of_record
TN:
SF:/home/mzhivodkov/projects/2gl/src/shaders/sprite.frag.js
FNF:0
FNH:0
DA:1,1
LF:1
LH:1
BRF:0
BRH:0
end_of_record
TN:
SF:/home/mzhivodkov/projects/2gl/src/shaders/sprite.vert.js
FNF:0
FNH:0
DA:1,1
LF:1
LH:1
BRF:0
BRH:0
end_of_record
TN:
SF:/home/mzhivodkov/projects/2gl/src/index.js
FN:45,_interopRequireWildcard
FN:47,_interopRequireDefault
FNF:2
FNH:2
FNDA:1,_interopRequireWildcard
FNDA:9,_interopRequireDefault
DA:0,9
DA:5,1
DA:6,1
DA:7,1
DA:8,1
DA:9,1
DA:10,1
DA:11,1
DA:12,1
DA:13,1
DA:14,1
DA:15,1
DA:20,1
DA:38,1
LF:14
LH:14
BRDA:45,1,0,1
BRDA:45,1,1,0
BRDA:45,2,0,1
BRDA:45,2,1,1
BRDA:45,3,0,0
BRDA:45,3,1,0
BRDA:45,4,0,0
BRDA:45,4,1,0
BRDA:47,5,0,0
BRDA:47,5,1,9
BRDA:47,6,0,9
BRDA:47,6,1,9
BRDA:50,7,0,1
BRDA:50,7,1,0
BRF:14
BRH:13
end_of_record
TN:
SF:/home/mzhivodkov/projects/2gl/src/math/Math.js
FN:25,clamp
FN:47,degToRad
FNF:2
FNH:2
FNDA:5,clamp
FNDA:3,degToRad
DA:0,1
DA:18,1
DA:19,5
DA:20,1
DA:23,4
DA:24,3
DA:27,1
DA:40,1
DA:41,3
LF:9
LH:9
BRDA:26,1,0,1
BRDA:26,1,1,4
BRDA:30,2,0,3
BRDA:30,2,1,1
BRF:4
BRH:4
end_of_record
TN:
SF:/home/mzhivodkov/projects/2gl/src/cameras/OrthographicCamera.js
FN:7,(anonymous_1)
FN:7,defineProperties
FN:7,(anonymous_3)
FN:19,_interopRequireDefault
FN:21,_classCallCheck
FN:23,_possibleConstructorReturn
FN:25,_inherits
FN:33,(anonymous_8)
FN:45,OrthographicCamera
FN:97,updateProjectionMatrix
FNF:10
FNH:10
FNDA:1,(anonymous_1)
FNDA:1,defineProperties
FNDA:1,(anonymous_3)
FNDA:2,_interopRequireDefault
FNDA:6,_classCallCheck
FNDA:6,_possibleConstructorReturn
FNDA:1,_inherits
FNDA:1,(anonymous_8)
FNDA:6,OrthographicCamera
FNDA:3,updateProjectionMatrix
DA:0,6
DA:1,1
DA:2,1
DA:3,1
DA:19,6
DA:26,6
DA:32,6
DA:38,6
DA:44,6
DA:50,6
DA:56,6
DA:62,6
DA:66,3
LF:13
LH:13
BRDA:7,1,0,1
BRDA:7,1,1,1
BRDA:7,2,0,1
BRDA:7,2,1,0
BRDA:7,3,0,1
BRDA:7,3,1,0
BRDA:7,4,0,0
BRDA:7,4,1,1
BRDA:19,5,0,0
BRDA:19,5,1,2
BRDA:19,6,0,2
BRDA:19,6,1,2
BRDA:21,7,0,0
BRDA:21,7,1,6
BRDA:23,8,0,0
BRDA:23,8,1,6
BRDA:23,9,0,6
BRDA:23,9,1,0
BRDA:23,10,0,6
BRDA:23,10,1,6
BRDA:23,10,2,0
BRDA:25,11,0,0
BRDA:25,11,1,1
BRDA:25,12,0,1
BRDA:25,12,1,0
BRDA:25,13,0,1
BRDA:25,13,1,1
BRDA:25,14,0,1
BRDA:25,14,1,0
BRDA:25,15,0,1
BRDA:25,15,1,0
BRF:31
BRH:31
end_of_record
TN:
SF:/home/mzhivodkov/projects/2gl/src/cameras/PerspectiveCamera.js
FN:7,(anonymous_1)
FN:7,defineProperties
FN:7,(anonymous_3)
FN:21,_interopRequireDefault
FN:23,_classCallCheck
FN:25,_possibleConstructorReturn
FN:27,_inherits
FN:35,(anonymous_8)
FN:45,PerspectiveCamera
FN:85,updateProjectionMatrix
FNF:10
FNH:10
FNDA:1,(anonymous_1)
FNDA:1,defineProperties
FNDA:1,(anonymous_3)
FNDA:2,_interopRequireDefault
FNDA:4,_classCallCheck
FNDA:4,_possibleConstructorReturn
FNDA:1,_inherits
FNDA:1,(anonymous_8)
FNDA:4,PerspectiveCamera
FNDA:1,updateProjectionMatrix
DA:0,4
DA:1,1
DA:2,1
DA:3,1
DA:4,1
DA:18,4
DA:25,4
DA:31,4
DA:37,4
DA:43,4
DA:49,4
DA:53,1
LF:12
LH:12
BRDA:7,1,0,1
BRDA:7,1,1,1
BRDA:7,2,0,1
BRDA:7,2,1,0
BRDA:7,3,0,1
BRDA:7,3,1,0
BRDA:7,4,0,0
BRDA:7,4,1,1
BRDA:21,5,0,0
BRDA:21,5,1,2
BRDA:21,6,0,2
BRDA:21,6,1,2
BRDA:23,7,0,0
BRDA:23,7,1,4
BRDA:25,8,0,0
BRDA:25,8,1,4
BRDA:25,9,0,4
BRDA:25,9,1,0
BRDA:25,10,0,4
BRDA:25,10,1,4
BRDA:25,10,2,0
BRDA:27,11,0,0
BRDA:27,11,1,1
BRDA:27,12,0,1
BRDA:27,12,1,0
BRDA:27,13,0,1
BRDA:27,13,1,1
BRDA:27,14,0,1
BRDA:27,14,1,0
BRDA:27,15,0,1
BRDA:27,15,1,0
BRF:31
BRH:31
end_of_record
TN:
SF:/home/mzhivodkov/projects/2gl/src/lights/AmbientLight.js
FN:15,_interopRequireDefault
FN:17,_classCallCheck
FN:19,_possibleConstructorReturn
FN:21,_inherits
FN:29,(anonymous_5)
FN:32,AmbientLight
FNF:6
FNH:6
FNDA:2,_interopRequireDefault
FNDA:3,_classCallCheck
FNDA:3,_possibleConstructorReturn
FNDA:1,_inherits
FNDA:1,(anonymous_5)
FNDA:3,AmbientLight
DA:0,3
DA:1,1
DA:2,1
DA:10,3
DA:17,3
LF:5
LH:5
BRDA:15,1,0,0
BRDA:15,1,1,2
BRDA:15,2,0,2
BRDA:15,2,1,2
BRDA:17,3,0,0
BRDA:17,3,1,3
BRDA:19,4,0,0
BRDA:19,4,1,3
BRDA:19,5,0,3
BRDA:19,5,1,0
BRDA:19,6,0,3
BRDA:19,6,1,3
BRDA:19,6,2,0
BRDA:21,7,0,0
BRDA:21,7,1,1
BRDA:21,8,0,1
BRDA:21,8,1,0
BRDA:21,9,0,1
BRDA:21,9,1,1
BRDA:21,10,0,1
BRDA:21,10,1,0
BRDA:21,11,0,1
BRDA:21,11,1,0
BRF:23
BRH:23
end_of_record
TN:
SF:/home/mzhivodkov/projects/2gl/src/lights/DirectionalLight.js
FN:15,_interopRequireDefault
FN:17,_classCallCheck
FN:19,_possibleConstructorReturn
FN:21,_inherits
FN:30,(anonymous_5)
FN:33,DirectionalLight
FNF:6
FNH:6
FNDA:2,_interopRequireDefault
FNDA:3,_classCallCheck
FNDA:3,_possibleConstructorReturn
FNDA:1,_inherits
FNDA:1,(anonymous_5)
FNDA:3,DirectionalLight
DA:0,3
DA:1,1
DA:2,1
DA:11,3
DA:18,3
LF:5
LH:5
BRDA:15,1,0,0
BRDA:15,1,1,2
BRDA:15,2,0,2
BRDA:15,2,1,2
BRDA:17,3,0,0
BRDA:17,3,1,3
BRDA:19,4,0,0
BRDA:19,4,1,3
BRDA:19,5,0,3
BRDA:19,5,1,0
BRDA:19,6,0,3
BRDA:19,6,1,3
BRDA:19,6,2,0
BRDA:21,7,0,0
BRDA:21,7,1,1
BRDA:21,8,0,1
BRDA:21,8,1,0
BRDA:21,9,0,1
BRDA:21,9,1,1
BRDA:21,10,0,1
BRDA:21,10,1,0
BRDA:21,11,0,1
BRDA:21,11,1,0
BRF:23
BRH:23
end_of_record
TN:
SF:/home/mzhivodkov/projects/2gl/src/materials/ComplexMeshMaterial.js
FN:7,(anonymous_1)
FN:7,defineProperties
FN:7,(anonymous_3)
FN:9,get
FN:29,_interopRequireDefault
FN:31,_classCallCheck
FN:33,_possibleConstructorReturn
FN:35,_inherits
FN:58,(anonymous_9)
FN:61,ComplexMeshMaterial
FN:88,setTexture
FN:101,getTexture
FN:106,_prepare
FN:117,_enableLight
FN:122,(anonymous_15)
FN:137,_enableTexture
FN:144,_shaderProgramBind
FN:161,(anonymous_18)
FN:165,(anonymous_19)
FN:191,(anonymous_20)
FNF:20
FNH:16
FNDA:1,(anonymous_1)
FNDA:1,defineProperties
FNDA:1,(anonymous_3)
FNDA:0,get
FNDA:4,_interopRequireDefault
FNDA:5,_classCallCheck
FNDA:5,_possibleConstructorReturn
FNDA:1,_inherits
FNDA:1,(anonymous_9)
FNDA:5,ComplexMeshMaterial
FNDA:1,setTexture
FNDA:2,getTexture
FNDA:0,_prepare
FNDA:0,_enableLight
FNDA:0,(anonymous_15)
FNDA:0,_enableTexture
FNDA:0,_shaderProgramBind
FNDA:0,(anonymous_18)
FNDA:0,(anonymous_19)
FNDA:0,(anonymous_20)
DA:0,6
DA:1,1
DA:2,1
DA:3,1
DA:4,1
DA:5,1
DA:7,1
DA:28,5
DA:31,5
DA:32,5
DA:39,5
DA:40,5
DA:46,5
DA:54,1
DA:56,1
DA:64,2
DA:68,0
DA:70,0
DA:71,0
DA:74,0
DA:77,0
DA:78,0
DA:80,0
DA:81,0
DA:82,0
DA:86,0
DA:88,0
DA:89,0
DA:90,0
DA:99,0
DA:100,0
DA:101,0
DA:104,0
DA:105,0
DA:106,0
DA:108,0
DA:109,0
DA:110,0
DA:113,0
DA:115,0
DA:116,0
DA:117,0
DA:119,0
DA:120,0
DA:121,0
DA:122,0
DA:123,0
DA:125,0
DA:126,0
DA:127,0
DA:131,0
DA:132,0
DA:133,0
DA:134,0
DA:135,0
DA:136,0
DA:137,0
DA:140,0
DA:141,0
DA:144,0
DA:145,0
DA:146,0
DA:150,0
DA:151,0
DA:152,0
DA:154,0
LF:66
LH:16
BRDA:7,1,0,6
BRDA:7,1,1,6
BRDA:7,2,0,6
BRDA:7,2,1,0
BRDA:7,3,0,1
BRDA:7,3,1,0
BRDA:7,4,0,0
BRDA:7,4,1,1
BRDA:9,5,0,0
BRDA:9,5,1,0
BRDA:9,6,0,0
BRDA:9,6,1,0
BRDA:9,7,0,0
BRDA:9,7,1,0
BRDA:9,8,0,0
BRDA:9,8,1,0
BRDA:9,9,0,0
BRDA:9,9,1,0
BRDA:29,10,0,0
BRDA:29,10,1,4
BRDA:29,11,0,4
BRDA:29,11,1,4
BRDA:31,12,0,0
BRDA:31,12,1,5
BRDA:33,13,0,0
BRDA:33,13,1,5
BRDA:33,14,0,0
BRDA:33,14,1,5
BRDA:33,15,0,5
BRDA:33,15,1,0
BRDA:33,15,2,0
BRDA:35,16,0,0
BRDA:35,16,1,1
BRDA:35,17,0,1
BRDA:35,17,1,0
BRDA:35,18,0,1
BRDA:35,18,1,1
BRDA:35,19,0,1
BRDA:35,19,1,0
BRDA:35,20,0,1
BRDA:35,20,1,0
BRDA:109,21,0,0
BRDA:109,21,1,0
BRDA:123,22,0,0
BRDA:123,22,1,0
BRDA:130,23,0,0
BRDA:130,23,1,0
BRDA:153,24,0,0
BRDA:153,24,1,0
BRDA:160,25,0,0
BRDA:160,25,1,0
BRDA:166,26,0,0
BRDA:166,26,1,0
BRDA:168,27,0,0
BRDA:168,27,1,0
BRDA:177,28,0,0
BRDA:177,28,1,0
BRDA:177,29,0,0
BRDA:177,29,1,0
BRDA:192,30,0,0
BRDA:192,30,1,0
BRF:61
BRH:41
end_of_record
TN:
SF:/home/mzhivodkov/projects/2gl/src/shaders/complex.frag.js
FNF:0
FNH:0
DA:1,1
LF:1
LH:1
BRF:0
BRH:0
end_of_record
TN:
SF:/home/mzhivodkov/projects/2gl/src/shaders/complex.vert.js
FNF:0
FNH:0
DA:1,1
LF:1
LH:1
BRF:0
BRH:0
end_of_record
TN:
SF:/home/mzhivodkov/projects/2gl/src/math/Plane.js
FN:7,(anonymous_1)
FN:7,defineProperties
FN:7,(anonymous_3)
FN:11,_classCallCheck
FN:19,(anonymous_5)
FN:25,Plane
FN:41,distanceToPoint
FN:55,setComponents
FNF:8
FNH:8
FNDA:1,(anonymous_1)
FNDA:1,defineProperties
FNDA:1,(anonymous_3)
FNDA:95,_classCallCheck
FNDA:1,(anonymous_5)
FNDA:95,Plane
FNDA:50,distanceToPoint
FNDA:15,setComponents
DA:0,95
DA:1,1
DA:13,95
DA:14,95
DA:15,95
DA:24,50
DA:35,15
DA:36,15
DA:37,15
LF:9
LH:9
BRDA:7,1,0,2
BRDA:7,1,1,2
BRDA:7,2,0,2
BRDA:7,2,1,0
BRDA:7,3,0,1
BRDA:7,3,1,0
BRDA:7,4,0,0
BRDA:7,4,1,1
BRDA:11,5,0,0
BRDA:11,5,1,95
BRDA:28,6,0,95
BRDA:28,6,1,21
BRDA:29,7,0,95
BRDA:29,7,1,53
BRF:14
BRH:14
end_of_record
TN:
SF:/home/mzhivodkov/projects/2gl/src/math/Frustum.js
FN:7,(anonymous_1)
FN:7,defineProperties
FN:7,(anonymous_3)
FN:15,_interopRequireDefault
FN:17,_classCallCheck
FN:25,(anonymous_6)
FN:30,Frustum
FN:48,setFromMatrix
FN:72,intersectsBox
FNF:9
FNH:9
FNDA:1,(anonymous_1)
FNDA:1,defineProperties
FNDA:1,(anonymous_3)
FNDA:1,_interopRequireDefault
FNDA:13,_classCallCheck
FNDA:1,(anonymous_6)
FNDA:13,Frustum
FNDA:2,setFromMatrix
FNDA:5,intersectsBox
DA:0,13
DA:1,1
DA:2,1
DA:13,13
DA:14,13
DA:16,13
DA:17,3
DA:33,2
DA:36,2
DA:39,2
DA:42,2
DA:45,2
DA:48,2
DA:51,2
DA:60,5
DA:61,5
DA:62,5
DA:64,5
DA:65,23
DA:67,23
DA:68,23
DA:69,23
DA:70,23
DA:71,23
DA:72,23
DA:74,23
DA:75,23
DA:78,23
DA:79,3
DA:83,2
LF:30
LH:30
BRDA:7,1,0,2
BRDA:7,1,1,2
BRDA:7,2,0,2
BRDA:7,2,1,0
BRDA:7,3,0,1
BRDA:7,3,1,0
BRDA:7,4,0,0
BRDA:7,4,1,1
BRDA:15,5,0,0
BRDA:15,5,1,1
BRDA:15,6,0,1
BRDA:15,6,1,1
BRDA:17,7,0,0
BRDA:17,7,1,13
BRDA:35,8,0,3
BRDA:35,8,1,10
BRDA:35,9,0,13
BRDA:35,9,1,11
BRDA:80,10,0,5
BRDA:80,10,1,18
BRDA:81,11,0,5
BRDA:81,11,1,18
BRDA:82,12,0,3
BRDA:82,12,1,20
BRDA:83,13,0,3
BRDA:83,13,1,20
BRDA:84,14,0,4
BRDA:84,14,1,19
BRDA:85,15,0,4
BRDA:85,15,1,19
BRDA:91,16,0,3
BRDA:91,16,1,20
BRDA:91,17,0,23
BRDA:91,17,1,4
BRF:34
BRH:34
end_of_record
TN:
SF:/home/mzhivodkov/projects/2gl/src/math/Line3.js
FN:7,(anonymous_1)
FN:7,defineProperties
FN:7,(anonymous_3)
FN:13,_classCallCheck
FN:21,(anonymous_5)
FN:27,Line3
FN:45,closestPointToPointParameter
FN:75,closestPointToPoint
FN:94,delta
FNF:9
FNH:9
FNDA:1,(anonymous_1)
FNDA:1,defineProperties
FNDA:1,(anonymous_3)
FNDA:7,_classCallCheck
FNDA:1,(anonymous_5)
FNDA:7,Line3
FNDA:4,closestPointToPointParameter
FNDA:2,closestPointToPoint
FNDA:3,delta
DA:0,7
DA:1,1
DA:2,1
DA:14,7
DA:15,7
DA:16,7
DA:27,4
DA:28,4
DA:30,4
DA:31,4
DA:33,4
DA:34,4
DA:36,4
DA:38,4
DA:39,2
DA:42,4
DA:54,2
DA:56,2
DA:57,2
DA:58,2
DA:59,2
DA:61,2
DA:71,3
DA:72,3
DA:73,3
LF:25
LH:25
BRDA:7,1,0,3
BRDA:7,1,1,3
BRDA:7,2,0,3
BRDA:7,2,1,0
BRDA:7,3,0,1
BRDA:7,3,1,0
BRDA:7,4,0,0
BRDA:7,4,1,1
BRDA:13,5,0,0
BRDA:13,5,1,7
BRDA:30,6,0,7
BRDA:30,6,1,0
BRDA:31,7,0,7
BRDA:31,7,1,0
BRDA:57,8,0,2
BRDA:57,8,1,2
BRDA:78,9,0,2
BRDA:78,9,1,2
BRDA:95,10,0,3
BRDA:95,10,1,1
BRF:20
BRH:18
end_of_record
